2023-05-13 08:34:10,280 - __main__ - INFO - Creating gmail k22_1 Lilijana lilijananidp
2023-05-13 08:34:15,566 - __main__ - INFO - Creating gmail k22_1 Zlata zlatagqwd
2023-05-13 08:36:16,438 - __main__ - ERROR - Error k22_1 Zlata zlatagqwd: local variable 'e' referenced before assignment
Traceback (most recent call last):
  File "/home/ognjen/Projects/tiktok-promo/create_gmail.py", line 52, in main
    log.info(f"Successfully created gmail {args.device} {name} {username}: {str(e)}")
UnboundLocalError: local variable 'e' referenced before assignment
2023-05-13 08:37:16,499 - __main__ - INFO - Creating gmail k22_2 Prvoslavka prvoslavkalqfp
2023-05-13 08:39:32,008 - __main__ - INFO - Successfully created gmail k22_2 Prvoslavka prvoslavkalqfp
2023-05-13 08:41:29,645 - __main__ - INFO - Creating gmail k22_3 Agata agataskxi
2023-05-13 08:42:51,246 - __main__ - ERROR - Error k22_3 Agata agataskxi: Element (text="For myself") not found
Traceback (most recent call last):
  File "/home/ognjen/Projects/tiktok-promo/create_gmail.py", line 51, in main
    android_device.create_gmail(username, password, name)
  File "/home/ognjen/Projects/tiktok-promo/uploader/android2.py", line 526, in create_gmail
    self.click(text='For myself')
  File "/home/ognjen/Projects/tiktok-promo/uploader/android2.py", line 328, in click
    element = self.select(timeout=timeout, **kwargs)
  File "/home/ognjen/Projects/tiktok-promo/uploader/android2.py", line 305, in select
    raise Exception(f"Element {utils.params_to_string(kwargs)} not found")
Exception: Element (text="For myself") not found
2023-05-13 08:44:26,846 - __main__ - INFO - Creating gmail k22_3 Vukadinka vukadinkajaoo
2023-05-13 08:46:13,844 - __main__ - INFO - Successfully created gmail k22_3 Vukadinka vukadinkajaoo
2023-05-13 08:46:25,398 - __main__ - INFO - Creating gmail k22_4 Klara klarayvlj
2023-05-13 08:47:49,622 - __main__ - ERROR - Error k22_4 Klara klarayvlj: Element (text="For myself") not found
Traceback (most recent call last):
  File "/home/ognjen/Projects/tiktok-promo/create_gmail.py", line 51, in main
    android_device.create_gmail(username, password, name)
  File "/home/ognjen/Projects/tiktok-promo/uploader/android2.py", line 526, in create_gmail
    self.click(text='For myself')
  File "/home/ognjen/Projects/tiktok-promo/uploader/android2.py", line 328, in click
    element = self.select(timeout=timeout, **kwargs)
  File "/home/ognjen/Projects/tiktok-promo/uploader/android2.py", line 305, in select
    raise Exception(f"Element {utils.params_to_string(kwargs)} not found")
Exception: Element (text="For myself") not found
2023-05-13 08:49:33,504 - __main__ - INFO - Creating gmail k22_4 Margareta margaretabitt
2023-05-13 08:51:30,368 - __main__ - INFO - Successfully created gmail k22_4 Margareta margaretabitt
2023-05-14 11:51:41,270 - __main__ - INFO - Creating gmail j7ana_6 Stasa stasapwhp
2023-05-14 11:51:57,972 - __main__ - ERROR - Error j7ana_6 Stasa stasapwhp: stat /data/app/com.google.android.gm-AY81e9bMu3lNIqf3CFB5gg==/base.apk
package:/data/app/com.google.android.gm-AY81e9bMu3lNIqf3CFB5gg==/split_config.armeabi_v7a.apk
package:/data/app/com.google.android.gm-AY81e9bMu3lNIqf3CFB5gg==/split_config.en.apk
package:/data/app/com.google.android.gm-AY81e9bMu3lNIqf3CFB5gg==/split_config.xxhdpi.apk: no such file or directory
Traceback (most recent call last):
  File "/home/ognjen/Projects/tiktok-promo/create_gmail.py", line 51, in main
    android_device.create_gmail(username, password, name)
  File "/home/ognjen/Projects/tiktok-promo/uploader/android2.py", line 522, in create_gmail
    self.d.app_start('com.google.android.gm')
  File "/home/ognjen/Projects/tiktok-promo/uploader/android2.py", line 95, in wrapper
    return self.try_func(getattr(self.d, attr), self.retries, *args, **kwargs)
  File "/home/ognjen/Projects/tiktok-promo/uploader/android2.py", line 78, in try_func
    return func(*args, **kwargs)
  File "/home/ognjen/Projects/tiktok-promo/env/lib/python3.10/site-packages/uiautomator2/__init__.py", line 1433, in app_start
    info = self.app_info(package_name)
  File "/home/ognjen/Projects/tiktok-promo/env/lib/python3.10/site-packages/uiautomator2/__init__.py", line 1577, in app_info
    raise BaseError(resp.get('description', 'unknown'))
uiautomator2.exceptions.BaseError: stat /data/app/com.google.android.gm-AY81e9bMu3lNIqf3CFB5gg==/base.apk
package:/data/app/com.google.android.gm-AY81e9bMu3lNIqf3CFB5gg==/split_config.armeabi_v7a.apk
package:/data/app/com.google.android.gm-AY81e9bMu3lNIqf3CFB5gg==/split_config.en.apk
package:/data/app/com.google.android.gm-AY81e9bMu3lNIqf3CFB5gg==/split_config.xxhdpi.apk: no such file or directory
2023-05-14 11:52:26,708 - __main__ - INFO - Creating gmail j7ana_6 Susana susanayjij
2023-05-14 11:52:41,922 - __main__ - ERROR - Error j7ana_6 Susana susanayjij: stat /data/app/com.google.android.gm-AY81e9bMu3lNIqf3CFB5gg==/base.apk
package:/data/app/com.google.android.gm-AY81e9bMu3lNIqf3CFB5gg==/split_config.armeabi_v7a.apk
package:/data/app/com.google.android.gm-AY81e9bMu3lNIqf3CFB5gg==/split_config.en.apk
package:/data/app/com.google.android.gm-AY81e9bMu3lNIqf3CFB5gg==/split_config.xxhdpi.apk: no such file or directory
Traceback (most recent call last):
  File "/home/ognjen/Projects/tiktok-promo/create_gmail.py", line 51, in main
    android_device.create_gmail(username, password, name)
  File "/home/ognjen/Projects/tiktok-promo/uploader/android2.py", line 522, in create_gmail
    self.d.app_start('com.google.android.gm')
  File "/home/ognjen/Projects/tiktok-promo/uploader/android2.py", line 95, in wrapper
    return self.try_func(getattr(self.d, attr), self.retries, *args, **kwargs)
  File "/home/ognjen/Projects/tiktok-promo/uploader/android2.py", line 78, in try_func
    return func(*args, **kwargs)
  File "/home/ognjen/Projects/tiktok-promo/env/lib/python3.10/site-packages/uiautomator2/__init__.py", line 1433, in app_start
    info = self.app_info(package_name)
  File "/home/ognjen/Projects/tiktok-promo/env/lib/python3.10/site-packages/uiautomator2/__init__.py", line 1577, in app_info
    raise BaseError(resp.get('description', 'unknown'))
uiautomator2.exceptions.BaseError: stat /data/app/com.google.android.gm-AY81e9bMu3lNIqf3CFB5gg==/base.apk
package:/data/app/com.google.android.gm-AY81e9bMu3lNIqf3CFB5gg==/split_config.armeabi_v7a.apk
package:/data/app/com.google.android.gm-AY81e9bMu3lNIqf3CFB5gg==/split_config.en.apk
package:/data/app/com.google.android.gm-AY81e9bMu3lNIqf3CFB5gg==/split_config.xxhdpi.apk: no such file or directory
2023-05-14 11:57:49,831 - __main__ - INFO - Creating gmail j7ana_6 Jelika jelikasyqk
2023-05-14 11:59:55,503 - __main__ - INFO - Successfully created gmail j7ana_6 Jelika jelikasyqk
2023-05-16 02:01:02,282 - __main__ - INFO - Creating gmail j7 Leposava leposavajyms
2023-05-16 02:01:19,005 - __main__ - ERROR - Error j7 Leposava leposavajyms: stat /data/app/com.google.android.gm-O9wjBt_oLbpTIkq3u9BdWg==/base.apk
package:/data/app/com.google.android.gm-O9wjBt_oLbpTIkq3u9BdWg==/split_config.armeabi_v7a.apk
package:/data/app/com.google.android.gm-O9wjBt_oLbpTIkq3u9BdWg==/split_config.en.apk
package:/data/app/com.google.android.gm-O9wjBt_oLbpTIkq3u9BdWg==/split_config.xhdpi.apk: no such file or directory
Traceback (most recent call last):
  File "/home/ognjen/Projects/tiktok-promo/create_gmail.py", line 51, in main
    android_device.create_gmail(username, password, name)
  File "/home/ognjen/Projects/tiktok-promo/uploader/android2.py", line 540, in create_gmail
    self.d.app_start('com.google.android.gm')
  File "/home/ognjen/Projects/tiktok-promo/uploader/android2.py", line 96, in wrapper
    return self.try_func(getattr(self.d, attr), self.retries, *args, **kwargs)
  File "/home/ognjen/Projects/tiktok-promo/uploader/android2.py", line 79, in try_func
    return func(*args, **kwargs)
  File "/home/ognjen/Projects/tiktok-promo/env/lib/python3.10/site-packages/uiautomator2/__init__.py", line 1433, in app_start
    info = self.app_info(package_name)
  File "/home/ognjen/Projects/tiktok-promo/env/lib/python3.10/site-packages/uiautomator2/__init__.py", line 1577, in app_info
    raise BaseError(resp.get('description', 'unknown'))
uiautomator2.exceptions.BaseError: stat /data/app/com.google.android.gm-O9wjBt_oLbpTIkq3u9BdWg==/base.apk
package:/data/app/com.google.android.gm-O9wjBt_oLbpTIkq3u9BdWg==/split_config.armeabi_v7a.apk
package:/data/app/com.google.android.gm-O9wjBt_oLbpTIkq3u9BdWg==/split_config.en.apk
package:/data/app/com.google.android.gm-O9wjBt_oLbpTIkq3u9BdWg==/split_config.xhdpi.apk: no such file or directory
2023-05-16 02:11:01,579 - __main__ - INFO - Creating gmail j7_2 Alisa alisajtgi
2023-05-16 02:11:16,294 - __main__ - ERROR - Error j7_2 Alisa alisajtgi: stat /data/app/com.google.android.gm-Kv0B2ZpXhNNRkG2VpUzkjA==/base.apk
package:/data/app/com.google.android.gm-Kv0B2ZpXhNNRkG2VpUzkjA==/split_config.armeabi_v7a.apk
package:/data/app/com.google.android.gm-Kv0B2ZpXhNNRkG2VpUzkjA==/split_config.en.apk
package:/data/app/com.google.android.gm-Kv0B2ZpXhNNRkG2VpUzkjA==/split_config.xhdpi.apk: no such file or directory
Traceback (most recent call last):
  File "/home/ognjen/Projects/tiktok-promo/create_gmail.py", line 51, in main
    android_device.create_gmail(username, password, name)
  File "/home/ognjen/Projects/tiktok-promo/uploader/android2.py", line 540, in create_gmail
    self.d.app_start('com.google.android.gm')
  File "/home/ognjen/Projects/tiktok-promo/uploader/android2.py", line 96, in wrapper
    return self.try_func(getattr(self.d, attr), self.retries, *args, **kwargs)
  File "/home/ognjen/Projects/tiktok-promo/uploader/android2.py", line 79, in try_func
    return func(*args, **kwargs)
  File "/home/ognjen/Projects/tiktok-promo/env/lib/python3.10/site-packages/uiautomator2/__init__.py", line 1433, in app_start
    info = self.app_info(package_name)
  File "/home/ognjen/Projects/tiktok-promo/env/lib/python3.10/site-packages/uiautomator2/__init__.py", line 1577, in app_info
    raise BaseError(resp.get('description', 'unknown'))
uiautomator2.exceptions.BaseError: stat /data/app/com.google.android.gm-Kv0B2ZpXhNNRkG2VpUzkjA==/base.apk
package:/data/app/com.google.android.gm-Kv0B2ZpXhNNRkG2VpUzkjA==/split_config.armeabi_v7a.apk
package:/data/app/com.google.android.gm-Kv0B2ZpXhNNRkG2VpUzkjA==/split_config.en.apk
package:/data/app/com.google.android.gm-Kv0B2ZpXhNNRkG2VpUzkjA==/split_config.xhdpi.apk: no such file or directory
2023-05-16 02:21:01,832 - __main__ - INFO - Creating gmail k22_1 Hristina hristinasozn
2023-05-16 02:23:15,164 - __main__ - INFO - Successfully created gmail k22_1 Hristina hristinasozn
2023-05-16 02:31:01,731 - __main__ - INFO - Creating gmail j7_3 Nevena nevenakntv
2023-05-16 02:31:25,945 - __main__ - ERROR - Error j7_3 Nevena nevenakntv: stat /data/app/com.google.android.gm-c4NQM4JW6ddfShZ8NoBZJQ==/base.apk
package:/data/app/com.google.android.gm-c4NQM4JW6ddfShZ8NoBZJQ==/split_config.armeabi_v7a.apk
package:/data/app/com.google.android.gm-c4NQM4JW6ddfShZ8NoBZJQ==/split_config.en.apk
package:/data/app/com.google.android.gm-c4NQM4JW6ddfShZ8NoBZJQ==/split_config.xhdpi.apk: no such file or directory
Traceback (most recent call last):
  File "/home/ognjen/Projects/tiktok-promo/create_gmail.py", line 51, in main
    android_device.create_gmail(username, password, name)
  File "/home/ognjen/Projects/tiktok-promo/uploader/android2.py", line 540, in create_gmail
    self.d.app_start('com.google.android.gm')
  File "/home/ognjen/Projects/tiktok-promo/uploader/android2.py", line 96, in wrapper
    return self.try_func(getattr(self.d, attr), self.retries, *args, **kwargs)
  File "/home/ognjen/Projects/tiktok-promo/uploader/android2.py", line 79, in try_func
    return func(*args, **kwargs)
  File "/home/ognjen/Projects/tiktok-promo/env/lib/python3.10/site-packages/uiautomator2/__init__.py", line 1433, in app_start
    info = self.app_info(package_name)
  File "/home/ognjen/Projects/tiktok-promo/env/lib/python3.10/site-packages/uiautomator2/__init__.py", line 1577, in app_info
    raise BaseError(resp.get('description', 'unknown'))
uiautomator2.exceptions.BaseError: stat /data/app/com.google.android.gm-c4NQM4JW6ddfShZ8NoBZJQ==/base.apk
package:/data/app/com.google.android.gm-c4NQM4JW6ddfShZ8NoBZJQ==/split_config.armeabi_v7a.apk
package:/data/app/com.google.android.gm-c4NQM4JW6ddfShZ8NoBZJQ==/split_config.en.apk
package:/data/app/com.google.android.gm-c4NQM4JW6ddfShZ8NoBZJQ==/split_config.xhdpi.apk: no such file or directory
2023-05-16 02:41:01,435 - __main__ - INFO - Creating gmail desk Radojka radojkaocpi
2023-05-16 02:51:01,988 - __main__ - INFO - Creating gmail repurpose Tihana tihanauxth
2023-05-16 03:01:01,553 - __main__ - INFO - Creating gmail j7_4 Kruna krunaquba
2023-05-16 03:01:17,685 - __main__ - ERROR - Error j7_4 Kruna krunaquba: stat /data/app/com.google.android.gm-96UwUxDirKG1ZKWPapcakQ==/base.apk
package:/data/app/com.google.android.gm-96UwUxDirKG1ZKWPapcakQ==/split_config.armeabi_v7a.apk
package:/data/app/com.google.android.gm-96UwUxDirKG1ZKWPapcakQ==/split_config.en.apk
package:/data/app/com.google.android.gm-96UwUxDirKG1ZKWPapcakQ==/split_config.xhdpi.apk: no such file or directory
Traceback (most recent call last):
  File "/home/ognjen/Projects/tiktok-promo/create_gmail.py", line 51, in main
    android_device.create_gmail(username, password, name)
  File "/home/ognjen/Projects/tiktok-promo/uploader/android2.py", line 540, in create_gmail
    self.d.app_start('com.google.android.gm')
  File "/home/ognjen/Projects/tiktok-promo/uploader/android2.py", line 96, in wrapper
    return self.try_func(getattr(self.d, attr), self.retries, *args, **kwargs)
  File "/home/ognjen/Projects/tiktok-promo/uploader/android2.py", line 79, in try_func
    return func(*args, **kwargs)
  File "/home/ognjen/Projects/tiktok-promo/env/lib/python3.10/site-packages/uiautomator2/__init__.py", line 1433, in app_start
    info = self.app_info(package_name)
  File "/home/ognjen/Projects/tiktok-promo/env/lib/python3.10/site-packages/uiautomator2/__init__.py", line 1577, in app_info
    raise BaseError(resp.get('description', 'unknown'))
uiautomator2.exceptions.BaseError: stat /data/app/com.google.android.gm-96UwUxDirKG1ZKWPapcakQ==/base.apk
package:/data/app/com.google.android.gm-96UwUxDirKG1ZKWPapcakQ==/split_config.armeabi_v7a.apk
package:/data/app/com.google.android.gm-96UwUxDirKG1ZKWPapcakQ==/split_config.en.apk
package:/data/app/com.google.android.gm-96UwUxDirKG1ZKWPapcakQ==/split_config.xhdpi.apk: no such file or directory
2023-05-16 03:11:02,229 - __main__ - INFO - Creating gmail redminote Lara laravifd
2023-05-16 03:11:11,275 - __main__ - ERROR - Error redminote Lara laravifd: USB device 3646ec0f is offline
Traceback (most recent call last):
  File "/home/ognjen/Projects/tiktok-promo/create_gmail.py", line 51, in main
    android_device.create_gmail(username, password, name)
  File "/home/ognjen/Projects/tiktok-promo/uploader/android2.py", line 531, in create_gmail
    self.connect()
  File "/home/ognjen/Projects/tiktok-promo/uploader/android2.py", line 148, in connect
    self.d = UIAutomatorDevice(self)
  File "/home/ognjen/Projects/tiktok-promo/uploader/android2.py", line 54, in __init__
    raise e
  File "/home/ognjen/Projects/tiktok-promo/uploader/android2.py", line 46, in __init__
    self.connect()
  File "/home/ognjen/Projects/tiktok-promo/uploader/android2.py", line 72, in connect
    self.d.jsonrpc.setConfigurator({"waitForIdleTimeout": 100, 'waitForSelectorTimeout': 100})
  File "/home/ognjen/Projects/tiktok-promo/env/lib/python3.10/site-packages/uiautomator2/__init__.py", line 479, in __call__
    return self.server._jsonrpc_retry_call(self.method, params,
  File "/home/ognjen/Projects/tiktok-promo/env/lib/python3.10/site-packages/uiautomator2/__init__.py", line 486, in _jsonrpc_retry_call
    return self._jsonrpc_call(*args, **kwargs)
  File "/home/ognjen/Projects/tiktok-promo/env/lib/python3.10/site-packages/uiautomator2/__init__.py", line 512, in _jsonrpc_call
    res = self.http.post("/jsonrpc/0",
  File "/home/ognjen/Projects/tiktok-promo/env/lib/python3.10/site-packages/requests/sessions.py", line 635, in post
    return self.request("POST", url, data=data, json=json, **kwargs)
  File "/home/ognjen/Projects/tiktok-promo/env/lib/python3.10/site-packages/uiautomator2/__init__.py", line 223, in request
    self.__client._prepare_atx_agent()
  File "/home/ognjen/Projects/tiktok-promo/env/lib/python3.10/site-packages/uiautomator2/__init__.py", line 316, in _prepare_atx_agent
    raise RuntimeError("USB device %s is offline" % self._serial)
RuntimeError: USB device 3646ec0f is offline
2023-05-16 03:21:02,026 - __main__ - INFO - Creating gmail j7_5 Zlatomirka zlatomirkajkbp
2023-05-16 03:21:35,612 - __main__ - ERROR - Error j7_5 Zlatomirka zlatomirkajkbp: stat /data/app/com.google.android.gm-skx5PEyPfbbEFJlTIzQntg==/base.apk
package:/data/app/com.google.android.gm-skx5PEyPfbbEFJlTIzQntg==/split_config.armeabi_v7a.apk
package:/data/app/com.google.android.gm-skx5PEyPfbbEFJlTIzQntg==/split_config.en.apk
package:/data/app/com.google.android.gm-skx5PEyPfbbEFJlTIzQntg==/split_config.xhdpi.apk: no such file or directory
Traceback (most recent call last):
  File "/home/ognjen/Projects/tiktok-promo/create_gmail.py", line 51, in main
    android_device.create_gmail(username, password, name)
  File "/home/ognjen/Projects/tiktok-promo/uploader/android2.py", line 540, in create_gmail
    self.d.app_start('com.google.android.gm')
  File "/home/ognjen/Projects/tiktok-promo/uploader/android2.py", line 96, in wrapper
    return self.try_func(getattr(self.d, attr), self.retries, *args, **kwargs)
  File "/home/ognjen/Projects/tiktok-promo/uploader/android2.py", line 79, in try_func
    return func(*args, **kwargs)
  File "/home/ognjen/Projects/tiktok-promo/env/lib/python3.10/site-packages/uiautomator2/__init__.py", line 1433, in app_start
    info = self.app_info(package_name)
  File "/home/ognjen/Projects/tiktok-promo/env/lib/python3.10/site-packages/uiautomator2/__init__.py", line 1577, in app_info
    raise BaseError(resp.get('description', 'unknown'))
uiautomator2.exceptions.BaseError: stat /data/app/com.google.android.gm-skx5PEyPfbbEFJlTIzQntg==/base.apk
package:/data/app/com.google.android.gm-skx5PEyPfbbEFJlTIzQntg==/split_config.armeabi_v7a.apk
package:/data/app/com.google.android.gm-skx5PEyPfbbEFJlTIzQntg==/split_config.en.apk
package:/data/app/com.google.android.gm-skx5PEyPfbbEFJlTIzQntg==/split_config.xhdpi.apk: no such file or directory
2023-05-16 03:31:02,218 - __main__ - INFO - Creating gmail k22_2 Jelena jelenarqyh
2023-05-16 03:33:23,552 - __main__ - INFO - Successfully created gmail k22_2 Jelena jelenarqyh
2023-05-16 03:41:02,050 - __main__ - INFO - Creating gmail j7ana_6 Bobana bobanahafo
2023-05-16 03:43:14,053 - __main__ - INFO - Successfully created gmail j7ana_6 Bobana bobanahafo
2023-05-16 03:51:01,545 - __main__ - INFO - Creating gmail k22_3 Despinja despinjaytcv
2023-05-16 03:52:47,234 - __main__ - ERROR - Error k22_3 Despinja despinjaytcv: Element (text="December") not found
Traceback (most recent call last):
  File "/home/ognjen/Projects/tiktok-promo/create_gmail.py", line 51, in main
    android_device.create_gmail(username, password, name)
  File "/home/ognjen/Projects/tiktok-promo/uploader/android2.py", line 562, in create_gmail
    self.click(text=random.choice([
  File "/home/ognjen/Projects/tiktok-promo/uploader/android2.py", line 331, in click
    element = self.select(timeout=timeout, **kwargs)
  File "/home/ognjen/Projects/tiktok-promo/uploader/android2.py", line 307, in select
    raise Exception(f"Element {utils.params_to_string(kwargs)} not found")
Exception: Element (text="December") not found
2023-05-16 04:01:01,797 - __main__ - INFO - Creating gmail k22_4 Slavica slavicaajhr
2023-05-16 04:03:08,246 - __main__ - INFO - Successfully created gmail k22_4 Slavica slavicaajhr
2023-05-16 11:35:20,833 - __main__ - INFO - Creating gmail k22_3 Biserka biserkacovx
2023-05-16 11:37:28,967 - __main__ - ERROR - Error k22_3 Biserka biserkacovx: Element (text="Skip") not found
Traceback (most recent call last):
  File "/home/ognjen/Projects/tiktok-promo/create_gmail.py", line 51, in main
    android_device.create_gmail(username, password, name)
  File "/home/ognjen/Projects/tiktok-promo/uploader/android2.py", line 608, in create_gmail
    self.click(text='Skip')
  File "/home/ognjen/Projects/tiktok-promo/uploader/android2.py", line 331, in click
    element = self.select(timeout=timeout, **kwargs)
  File "/home/ognjen/Projects/tiktok-promo/uploader/android2.py", line 307, in select
    raise Exception(f"Element {utils.params_to_string(kwargs)} not found")
Exception: Element (text="Skip") not found
2023-05-16 12:59:57,938 - __main__ - INFO - Creating gmail k22_6 Borisava borisavaijbg
2023-05-16 13:00:09,444 - __main__ - INFO - Creating gmail k22_7 Kostadinka kostadinkavkpk
2023-05-16 13:06:13,727 - __main__ - INFO - Creating gmail k22_6 Cveta cvetackly
2023-05-16 13:07:00,740 - __main__ - INFO - Creating gmail k22_7 Peruna perunayyor
2023-05-16 13:08:22,383 - __main__ - INFO - Successfully created gmail k22_6 Cveta cvetackly
2023-05-16 13:09:09,652 - __main__ - INFO - Successfully created gmail k22_7 Peruna perunayyor
2023-05-16 14:40:38,851 - __main__ - INFO - Creating gmail j7_3 Dobrosava dobrosavahlvl
2023-05-16 14:41:34,990 - __main__ - ERROR - Error j7_3 Dobrosava dobrosavahlvl: Element (text="Add another account") not found
Traceback (most recent call last):
  File "/home/ognjen/Projects/tiktok-promo/create_gmail.py", line 51, in main
    android_device.create_gmail(username, password, name)
  File "/home/ognjen/Projects/tiktok-promo/uploader/android2.py", line 559, in create_gmail
    self.click(text='Add another account')
  File "/home/ognjen/Projects/tiktok-promo/uploader/android2.py", line 337, in click
    element = self.select(timeout=timeout, **kwargs)
  File "/home/ognjen/Projects/tiktok-promo/uploader/android2.py", line 309, in select
    raise Exception(f"Element {utils.params_to_string(kwargs)} not found")
Exception: Element (text="Add another account") not found
2023-05-16 14:42:31,665 - __main__ - INFO - Creating gmail j7_3 Dragija dragijakyzv
2023-05-16 14:44:23,181 - __main__ - INFO - Successfully created gmail j7_3 Dragija dragijakyzv
2023-05-16 14:44:41,188 - __main__ - INFO - Creating gmail j7 Vidoslava vidoslavaghsd
2023-05-16 14:45:10,559 - __main__ - INFO - Creating gmail j7_2 Mitra mitraovho
2023-05-16 14:46:33,100 - __main__ - INFO - Successfully created gmail j7 Vidoslava vidoslavaghsd
2023-05-16 14:47:19,825 - __main__ - INFO - Successfully created gmail j7_2 Mitra mitraovho
2023-05-17 02:01:02,081 - __main__ - INFO - Creating gmail j7 Trifuna trifunaezww
2023-05-17 02:02:51,458 - __main__ - INFO - Successfully created gmail j7 Trifuna trifunaezww
2023-05-17 02:11:01,795 - __main__ - INFO - Creating gmail j7_2 Djurdja djurdjabssx
2023-05-17 02:13:18,517 - __main__ - INFO - Successfully created gmail j7_2 Djurdja djurdjabssx
2023-05-17 02:21:01,866 - __main__ - INFO - Creating gmail k22_1 Zivadinka zivadinkabnha
2023-05-17 02:23:11,672 - __main__ - INFO - Successfully created gmail k22_1 Zivadinka zivadinkabnha
2023-05-17 02:31:02,015 - __main__ - INFO - Creating gmail j7_3 Bojkica bojkicaywua
2023-05-17 02:33:07,752 - __main__ - ERROR - Error j7_3 Bojkica bojkicaywua: Element (text="I agree") not found
Traceback (most recent call last):
  File "/home/ognjen/Projects/tiktok-promo/create_gmail.py", line 51, in main
    android_device.create_gmail(username, password, name)
  File "/home/ognjen/Projects/tiktok-promo/uploader/android2.py", line 638, in create_gmail
    self.click(text='I agree')
  File "/home/ognjen/Projects/tiktok-promo/uploader/android2.py", line 334, in click
    element = self.select(timeout=timeout, **kwargs)
  File "/home/ognjen/Projects/tiktok-promo/uploader/android2.py", line 306, in select
    raise Exception(f"Element {utils.params_to_string(kwargs)} not found")
Exception: Element (text="I agree") not found
2023-05-17 03:01:02,102 - __main__ - INFO - Creating gmail j7_4 Bisera biserajdak
2023-05-17 03:02:28,173 - __main__ - ERROR - Error j7_4 Bisera biserajdak: -32001 Jsonrpc error: <androidx.test.uiautomator.UiObjectNotFoundException> data: UiSelector[CLASS=android.widget.EditText, INSTANCE=0], method: setText
Traceback (most recent call last):
  File "/home/ognjen/Projects/tiktok-promo/create_gmail.py", line 51, in main
    android_device.create_gmail(username, password, name)
  File "/home/ognjen/Projects/tiktok-promo/uploader/android2.py", line 610, in create_gmail
    self.select(className='android.widget.EditText')[0].set_text(username)
  File "/home/ognjen/Projects/tiktok-promo/env/lib/python3.10/site-packages/uiautomator2/_selector.py", line 356, in set_text
    return self.jsonrpc.setText(self.selector, text)
  File "/home/ognjen/Projects/tiktok-promo/env/lib/python3.10/site-packages/uiautomator2/__init__.py", line 479, in __call__
    return self.server._jsonrpc_retry_call(self.method, params,
  File "/home/ognjen/Projects/tiktok-promo/env/lib/python3.10/site-packages/uiautomator2/__init__.py", line 486, in _jsonrpc_retry_call
    return self._jsonrpc_call(*args, **kwargs)
  File "/home/ognjen/Projects/tiktok-promo/env/lib/python3.10/site-packages/uiautomator2/__init__.py", line 555, in _jsonrpc_call
    raise err
uiautomator2.exceptions.UiObjectNotFoundError: -32001 Jsonrpc error: <androidx.test.uiautomator.UiObjectNotFoundException> data: UiSelector[CLASS=android.widget.EditText, INSTANCE=0], method: setText
2023-05-17 03:11:01,542 - __main__ - INFO - Creating gmail redminote Velimirka velimirkawfah
2023-05-17 03:11:10,573 - __main__ - ERROR - Error redminote Velimirka velimirkawfah: USB device 3646ec0f is offline
Traceback (most recent call last):
  File "/home/ognjen/Projects/tiktok-promo/create_gmail.py", line 51, in main
    android_device.create_gmail(username, password, name)
  File "/home/ognjen/Projects/tiktok-promo/uploader/android2.py", line 546, in create_gmail
    self.connect()
  File "/home/ognjen/Projects/tiktok-promo/uploader/android2.py", line 147, in connect
    self.d = UIAutomatorDevice(self)
  File "/home/ognjen/Projects/tiktok-promo/uploader/android2.py", line 51, in __init__
    raise e
  File "/home/ognjen/Projects/tiktok-promo/uploader/android2.py", line 43, in __init__
    self.connect()
  File "/home/ognjen/Projects/tiktok-promo/uploader/android2.py", line 69, in connect
    self.d.jsonrpc.setConfigurator({"waitForIdleTimeout": 100, 'waitForSelectorTimeout': 100})
  File "/home/ognjen/Projects/tiktok-promo/env/lib/python3.10/site-packages/uiautomator2/__init__.py", line 479, in __call__
    return self.server._jsonrpc_retry_call(self.method, params,
  File "/home/ognjen/Projects/tiktok-promo/env/lib/python3.10/site-packages/uiautomator2/__init__.py", line 486, in _jsonrpc_retry_call
    return self._jsonrpc_call(*args, **kwargs)
  File "/home/ognjen/Projects/tiktok-promo/env/lib/python3.10/site-packages/uiautomator2/__init__.py", line 512, in _jsonrpc_call
    res = self.http.post("/jsonrpc/0",
  File "/home/ognjen/Projects/tiktok-promo/env/lib/python3.10/site-packages/requests/sessions.py", line 635, in post
    return self.request("POST", url, data=data, json=json, **kwargs)
  File "/home/ognjen/Projects/tiktok-promo/env/lib/python3.10/site-packages/uiautomator2/__init__.py", line 223, in request
    self.__client._prepare_atx_agent()
  File "/home/ognjen/Projects/tiktok-promo/env/lib/python3.10/site-packages/uiautomator2/__init__.py", line 316, in _prepare_atx_agent
    raise RuntimeError("USB device %s is offline" % self._serial)
RuntimeError: USB device 3646ec0f is offline
2023-05-17 03:21:01,512 - __main__ - INFO - Creating gmail j7_5 Stanija stanijacxjn
2023-05-17 03:23:05,451 - __main__ - INFO - Successfully created gmail j7_5 Stanija stanijacxjn
2023-05-17 03:31:01,791 - __main__ - INFO - Creating gmail k22_2 Gabrijela gabrijelawdcc
2023-05-17 03:32:59,077 - __main__ - ERROR - Error k22_2 Gabrijela gabrijelawdcc: Element (text="Add an email address") not found
Traceback (most recent call last):
  File "/home/ognjen/Projects/tiktok-promo/create_gmail.py", line 51, in main
    android_device.create_gmail(username, password, name)
  File "/home/ognjen/Projects/tiktok-promo/uploader/android2.py", line 564, in create_gmail
    self.click(text='Add an email address')
  File "/home/ognjen/Projects/tiktok-promo/uploader/android2.py", line 334, in click
    element = self.select(timeout=timeout, **kwargs)
  File "/home/ognjen/Projects/tiktok-promo/uploader/android2.py", line 306, in select
    raise Exception(f"Element {utils.params_to_string(kwargs)} not found")
Exception: Element (text="Add an email address") not found
2023-05-17 03:41:01,433 - __main__ - INFO - Creating gmail j7ana_6 Bojkica bojkicaanft
2023-05-17 03:43:04,724 - __main__ - INFO - Successfully created gmail j7ana_6 Bojkica bojkicaanft
2023-05-17 03:51:02,075 - __main__ - INFO - Creating gmail k22_3 Jablana jablanabyzm
2023-05-17 03:53:06,633 - __main__ - INFO - Successfully created gmail k22_3 Jablana jablanabyzm
2023-05-17 04:01:01,978 - __main__ - INFO - Creating gmail k22_4 Stojna stojnainin
2023-05-17 04:02:07,288 - __main__ - ERROR - Error k22_4 Stojna stojnainin: Element (text="Create account") not found
Traceback (most recent call last):
  File "/home/ognjen/Projects/tiktok-promo/create_gmail.py", line 51, in main
    android_device.create_gmail(username, password, name)
  File "/home/ognjen/Projects/tiktok-promo/uploader/android2.py", line 568, in create_gmail
    self.click(text='Create account')
  File "/home/ognjen/Projects/tiktok-promo/uploader/android2.py", line 334, in click
    element = self.select(timeout=timeout, **kwargs)
  File "/home/ognjen/Projects/tiktok-promo/uploader/android2.py", line 306, in select
    raise Exception(f"Element {utils.params_to_string(kwargs)} not found")
Exception: Element (text="Create account") not found
2023-05-17 13:23:16,734 - __main__ - INFO - Creating gmail j7pro_10 Karanfila karanfilanjaw
2023-05-17 13:25:18,061 - __main__ - ERROR - Error j7pro_10 Karanfila karanfilanjaw: Element (text="I agree") not found
Traceback (most recent call last):
  File "/home/ognjen/Projects/tiktok-promo/create_gmail.py", line 51, in main
    android_device.create_gmail(username, password, name)
  File "/home/ognjen/Projects/tiktok-promo/uploader/android2.py", line 640, in create_gmail
    self.click(text='I agree')
  File "/home/ognjen/Projects/tiktok-promo/uploader/android2.py", line 334, in click
    element = self.select(timeout=timeout, **kwargs)
  File "/home/ognjen/Projects/tiktok-promo/uploader/android2.py", line 306, in select
    raise Exception(f"Element {utils.params_to_string(kwargs)} not found")
Exception: Element (text="I agree") not found
2023-05-17 14:10:11,915 - __main__ - INFO - Creating gmail j7old_9 Suncica suncicarwoh
2023-05-17 14:11:58,696 - __main__ - ERROR - Error j7old_9 Suncica suncicarwoh: Element (text="For myself") not found
Traceback (most recent call last):
  File "/home/ognjen/Projects/tiktok-promo/create_gmail.py", line 51, in main
    android_device.create_gmail(username, password, name)
  File "/home/ognjen/Projects/tiktok-promo/uploader/android2.py", line 574, in create_gmail
    self.click(text='For myself')
  File "/home/ognjen/Projects/tiktok-promo/uploader/android2.py", line 334, in click
    element = self.select(timeout=timeout, **kwargs)
  File "/home/ognjen/Projects/tiktok-promo/uploader/android2.py", line 306, in select
    raise Exception(f"Element {utils.params_to_string(kwargs)} not found")
Exception: Element (text="For myself") not found
2023-05-17 14:34:43,278 - __main__ - INFO - Creating gmail j7old_9 Zorislava zorislavazhbk
2023-05-17 14:35:58,772 - __main__ - ERROR - Error j7old_9 Zorislava zorislavazhbk: Element (text="For myself") not found
Traceback (most recent call last):
  File "/home/ognjen/Projects/tiktok-promo/create_gmail.py", line 51, in main
    android_device.create_gmail(username, password, name)
  File "/home/ognjen/Projects/tiktok-promo/uploader/android2.py", line 578, in create_gmail
    self.click(text='For myself')
  File "/home/ognjen/Projects/tiktok-promo/uploader/android2.py", line 338, in click
    element = self.select(timeout=timeout, **kwargs)
  File "/home/ognjen/Projects/tiktok-promo/uploader/android2.py", line 310, in select
    raise Exception(f"Element {utils.params_to_string(kwargs)} not found")
Exception: Element (text="For myself") not found
2023-05-17 16:05:57,373 - __main__ - INFO - Creating gmail j7_4 Kristijana kristijanaufpo
2023-05-17 16:08:24,153 - __main__ - INFO - Successfully created gmail j7_4 Kristijana kristijanaufpo@gmail.com
2023-05-18 02:01:01,710 - __main__ - INFO - Creating gmail j7 Miladinka miladinkaygff
2023-05-18 02:03:20,403 - __main__ - INFO - Successfully created gmail j7 Miladinka miladinkaygff@gmail.com
2023-05-18 02:11:01,753 - __main__ - INFO - Creating gmail j7_2 Anja anjaiajy
2023-05-18 02:13:34,074 - __main__ - INFO - Successfully created gmail j7_2 Anja anjaiajy@gmail.com
2023-05-18 02:21:01,423 - __main__ - INFO - Creating gmail k22_1 Milika milikabixl
2023-05-18 02:23:34,749 - __main__ - INFO - Successfully created gmail k22_1 Milika milikabixl@gmail.com
2023-05-18 02:31:02,099 - __main__ - INFO - Creating gmail j7_3 Beloslava beloslavaqmnk
2023-05-18 02:32:22,929 - __main__ - ERROR - Error j7_3 Beloslava beloslavaqmnk: -32001 Jsonrpc error: <androidx.test.uiautomator.UiObjectNotFoundException> data: UiSelector[CLASS=android.widget.EditText, INSTANCE=0], method: setText
Traceback (most recent call last):
  File "/home/ognjen/Projects/tiktok-promo/create_gmail.py", line 51, in main
    android_device.create_gmail(username, password, name)
  File "/home/ognjen/Projects/tiktok-promo/uploader/android2.py", line 617, in create_gmail
    self.select(className='android.widget.EditText')[0].set_text(username)
  File "/home/ognjen/Projects/tiktok-promo/env/lib/python3.10/site-packages/uiautomator2/_selector.py", line 356, in set_text
    return self.jsonrpc.setText(self.selector, text)
  File "/home/ognjen/Projects/tiktok-promo/env/lib/python3.10/site-packages/uiautomator2/__init__.py", line 479, in __call__
    return self.server._jsonrpc_retry_call(self.method, params,
  File "/home/ognjen/Projects/tiktok-promo/env/lib/python3.10/site-packages/uiautomator2/__init__.py", line 486, in _jsonrpc_retry_call
    return self._jsonrpc_call(*args, **kwargs)
  File "/home/ognjen/Projects/tiktok-promo/env/lib/python3.10/site-packages/uiautomator2/__init__.py", line 555, in _jsonrpc_call
    raise err
uiautomator2.exceptions.UiObjectNotFoundError: -32001 Jsonrpc error: <androidx.test.uiautomator.UiObjectNotFoundException> data: UiSelector[CLASS=android.widget.EditText, INSTANCE=0], method: setText
2023-05-18 03:01:01,752 - __main__ - INFO - Creating gmail j7_4 Majda majdacqac
2023-05-18 03:03:43,915 - __main__ - INFO - Successfully created gmail j7_4 Majda majdacqac@gmail.com
2023-05-18 03:11:02,264 - __main__ - INFO - Creating gmail redminote Suncica suncicaxeqo
2023-05-18 03:13:06,274 - __main__ - INFO - Successfully created gmail redminote Suncica suncicaxeqo@gmail.com
2023-05-18 03:21:01,619 - __main__ - INFO - Creating gmail j7_5 Stevanka stevankaxynt
2023-05-18 03:23:31,691 - __main__ - INFO - Successfully created gmail j7_5 Stevanka stevankaxynt@gmail.com
2023-05-18 03:31:02,029 - __main__ - INFO - Creating gmail k22_2 Andjela andjelamggl
2023-05-18 03:32:19,561 - __main__ - ERROR - Error k22_2 Andjela andjelamggl: Unknown data: ''
Traceback (most recent call last):
  File "/home/ognjen/Projects/tiktok-promo/create_gmail.py", line 51, in main
    android_device.create_gmail(username, password, name)
  File "/home/ognjen/Projects/tiktok-promo/uploader/android2.py", line 609, in create_gmail
    self.select(resourceId='year').set_text(random_year)
  File "/home/ognjen/Projects/tiktok-promo/env/lib/python3.10/site-packages/uiautomator2/_selector.py", line 356, in set_text
    return self.jsonrpc.setText(self.selector, text)
  File "/home/ognjen/Projects/tiktok-promo/env/lib/python3.10/site-packages/uiautomator2/__init__.py", line 479, in __call__
    return self.server._jsonrpc_retry_call(self.method, params,
  File "/home/ognjen/Projects/tiktok-promo/env/lib/python3.10/site-packages/uiautomator2/__init__.py", line 486, in _jsonrpc_retry_call
    return self._jsonrpc_call(*args, **kwargs)
  File "/home/ognjen/Projects/tiktok-promo/env/lib/python3.10/site-packages/uiautomator2/__init__.py", line 512, in _jsonrpc_call
    res = self.http.post("/jsonrpc/0",
  File "/home/ognjen/Projects/tiktok-promo/env/lib/python3.10/site-packages/requests/sessions.py", line 635, in post
    return self.request("POST", url, data=data, json=json, **kwargs)
  File "/home/ognjen/Projects/tiktok-promo/env/lib/python3.10/site-packages/uiautomator2/__init__.py", line 223, in request
    self.__client._prepare_atx_agent()
  File "/home/ognjen/Projects/tiktok-promo/env/lib/python3.10/site-packages/uiautomator2/__init__.py", line 314, in _prepare_atx_agent
    _d = self._wait_for_device()
  File "/home/ognjen/Projects/tiktok-promo/env/lib/python3.10/site-packages/uiautomator2/__init__.py", line 367, in _wait_for_device
    adb.wait_for(self._serial, timeout=1)
  File "/home/ognjen/Projects/tiktok-promo/env/lib/python3.10/site-packages/adbutils/_adb.py", line 218, in wait_for
    c.check_okay()
  File "/home/ognjen/Projects/tiktok-promo/env/lib/python3.10/site-packages/adbutils/_adb.py", line 137, in check_okay
    raise AdbError("Unknown data: %r" % data)
adbutils.errors.AdbError: Unknown data: ''
2023-05-18 03:41:01,923 - __main__ - INFO - Creating gmail j7ana_6 Dobrota dobrotaykve
2023-05-18 03:43:18,318 - __main__ - INFO - Successfully created gmail j7ana_6 Dobrota dobrotaykve@gmail.com
2023-05-18 03:51:01,666 - __main__ - INFO - Creating gmail k22_3 Dobrinka dobrinkavqpj
2023-05-18 03:52:14,766 - __main__ - ERROR - Error k22_3 Dobrinka dobrinkavqpj: Element (text="Create account") not found
Traceback (most recent call last):
  File "/home/ognjen/Projects/tiktok-promo/create_gmail.py", line 51, in main
    android_device.create_gmail(username, password, name)
  File "/home/ognjen/Projects/tiktok-promo/uploader/android2.py", line 575, in create_gmail
    self.click(text='Create account')
  File "/home/ognjen/Projects/tiktok-promo/uploader/android2.py", line 338, in click
    element = self.select(timeout=timeout, **kwargs)
  File "/home/ognjen/Projects/tiktok-promo/uploader/android2.py", line 310, in select
    raise Exception(f"Element {utils.params_to_string(kwargs)} not found")
Exception: Element (text="Create account") not found
2023-05-18 04:01:02,123 - __main__ - INFO - Creating gmail k22_4 Stanojka stanojkaazvd
2023-05-18 04:02:12,355 - __main__ - ERROR - Error k22_4 Stanojka stanojkaazvd: -32001 Jsonrpc error: <androidx.test.uiautomator.UiObjectNotFoundException> data: UiSelector[CLASS=android.widget.EditText, INSTANCE=0], method: setText
Traceback (most recent call last):
  File "/home/ognjen/Projects/tiktok-promo/create_gmail.py", line 51, in main
    android_device.create_gmail(username, password, name)
  File "/home/ognjen/Projects/tiktok-promo/uploader/android2.py", line 617, in create_gmail
    self.select(className='android.widget.EditText')[0].set_text(username)
  File "/home/ognjen/Projects/tiktok-promo/env/lib/python3.10/site-packages/uiautomator2/_selector.py", line 356, in set_text
    return self.jsonrpc.setText(self.selector, text)
  File "/home/ognjen/Projects/tiktok-promo/env/lib/python3.10/site-packages/uiautomator2/__init__.py", line 479, in __call__
    return self.server._jsonrpc_retry_call(self.method, params,
  File "/home/ognjen/Projects/tiktok-promo/env/lib/python3.10/site-packages/uiautomator2/__init__.py", line 486, in _jsonrpc_retry_call
    return self._jsonrpc_call(*args, **kwargs)
  File "/home/ognjen/Projects/tiktok-promo/env/lib/python3.10/site-packages/uiautomator2/__init__.py", line 555, in _jsonrpc_call
    raise err
uiautomator2.exceptions.UiObjectNotFoundError: -32001 Jsonrpc error: <androidx.test.uiautomator.UiObjectNotFoundException> data: UiSelector[CLASS=android.widget.EditText, INSTANCE=0], method: setText
2023-05-19 02:01:02,228 - __main__ - INFO - Creating gmail j7 Milomira milomiraesec
2023-05-19 02:02:33,565 - __main__ - ERROR - Error j7 Milomira milomiraesec: -32002 Client error: <> data: Selector [className='android.widget.EditText', instance=0], method: None
Traceback (most recent call last):
  File "/home/ognjen/Projects/tiktok-promo/create_gmail.py", line 51, in main
    android_device.create_gmail(username, password, name)
  File "/home/ognjen/Projects/tiktok-promo/uploader/android2.py", line 617, in create_gmail
    self.select(className='android.widget.EditText')[0].set_text(username)
  File "/home/ognjen/Projects/tiktok-promo/env/lib/python3.10/site-packages/uiautomator2/_selector.py", line 352, in set_text
    self.must_wait(timeout=timeout)
  File "/home/ognjen/Projects/tiktok-promo/env/lib/python3.10/site-packages/uiautomator2/_selector.py", line 345, in must_wait
    raise UiObjectNotFoundError({'code': -32002, 'data': str(self.selector), 'method': 'wait'})
uiautomator2.exceptions.UiObjectNotFoundError: -32002 Client error: <> data: Selector [className='android.widget.EditText', instance=0], method: None
2023-05-19 02:11:01,590 - __main__ - INFO - Creating gmail j7_2 Zlatomirka zlatomirkatyns
2023-05-19 02:12:12,444 - __main__ - ERROR - Error j7_2 Zlatomirka zlatomirkatyns: Element (text="Add another account") not found
Traceback (most recent call last):
  File "/home/ognjen/Projects/tiktok-promo/create_gmail.py", line 51, in main
    android_device.create_gmail(username, password, name)
  File "/home/ognjen/Projects/tiktok-promo/uploader/android2.py", line 565, in create_gmail
    self.click(text='Add another account')
  File "/home/ognjen/Projects/tiktok-promo/uploader/android2.py", line 338, in click
    element = self.select(timeout=timeout, **kwargs)
  File "/home/ognjen/Projects/tiktok-promo/uploader/android2.py", line 310, in select
    raise Exception(f"Element {utils.params_to_string(kwargs)} not found")
Exception: Element (text="Add another account") not found
2023-05-19 02:21:01,798 - __main__ - INFO - Creating gmail k22_1 Rumena rumenaekmt
2023-05-19 02:23:16,326 - __main__ - INFO - Successfully created gmail k22_1 Rumena rumenaekmt@gmail.com
2023-05-19 02:31:01,675 - __main__ - INFO - Creating gmail j7_3 Tea teaubzy
2023-05-19 02:33:01,930 - __main__ - INFO - Successfully created gmail j7_3 Tea teaubzy@gmail.com
2023-05-19 03:01:02,278 - __main__ - INFO - Creating gmail j7_4 Tada tadaobsv
2023-05-19 03:03:38,222 - __main__ - INFO - Successfully created gmail j7_4 Tada tadaobsv@gmail.com
2023-05-19 03:11:01,569 - __main__ - INFO - Creating gmail redminote Cvetana cvetanaxdvd
2023-05-19 03:13:05,956 - __main__ - INFO - Successfully created gmail redminote Cvetana cvetanaxdvd@gmail.com
2023-05-19 03:21:01,302 - __main__ - INFO - Creating gmail j7_5 Zivadinka zivadinkawiwt
2023-05-19 03:23:24,349 - __main__ - INFO - Successfully created gmail j7_5 Zivadinka zivadinkawiwt@gmail.com
2023-05-19 03:31:01,688 - __main__ - INFO - Creating gmail k22_2 Goranka gorankanfbx
2023-05-19 03:32:57,392 - __main__ - ERROR - Error k22_2 Goranka gorankanfbx: Element (text="Add an email address") not found
Traceback (most recent call last):
  File "/home/ognjen/Projects/tiktok-promo/create_gmail.py", line 51, in main
    android_device.create_gmail(username, password, name)
  File "/home/ognjen/Projects/tiktok-promo/uploader/android2.py", line 571, in create_gmail
    self.click(text='Add an email address')
  File "/home/ognjen/Projects/tiktok-promo/uploader/android2.py", line 338, in click
    element = self.select(timeout=timeout, **kwargs)
  File "/home/ognjen/Projects/tiktok-promo/uploader/android2.py", line 310, in select
    raise Exception(f"Element {utils.params_to_string(kwargs)} not found")
Exception: Element (text="Add an email address") not found
2023-05-19 03:41:01,732 - __main__ - INFO - Creating gmail j7ana_6 Momira momirazvak
2023-05-19 03:43:57,814 - __main__ - INFO - Successfully created gmail j7ana_6 Momira momirazvak@gmail.com
2023-05-19 03:51:02,154 - __main__ - INFO - Creating gmail k22_3 Mirea mireasdyg
2023-05-19 03:52:15,337 - __main__ - ERROR - Error k22_3 Mirea mireasdyg: Element (text="Create account") not found
Traceback (most recent call last):
  File "/home/ognjen/Projects/tiktok-promo/create_gmail.py", line 51, in main
    android_device.create_gmail(username, password, name)
  File "/home/ognjen/Projects/tiktok-promo/uploader/android2.py", line 575, in create_gmail
    self.click(text='Create account')
  File "/home/ognjen/Projects/tiktok-promo/uploader/android2.py", line 338, in click
    element = self.select(timeout=timeout, **kwargs)
  File "/home/ognjen/Projects/tiktok-promo/uploader/android2.py", line 310, in select
    raise Exception(f"Element {utils.params_to_string(kwargs)} not found")
Exception: Element (text="Create account") not found
2023-05-19 04:01:01,679 - __main__ - INFO - Creating gmail k22_4 Despina despinaasuv
2023-05-19 04:03:03,958 - __main__ - ERROR - Error k22_4 Despina despinaasuv: Element (text="Skip") not found
Traceback (most recent call last):
  File "/home/ognjen/Projects/tiktok-promo/create_gmail.py", line 51, in main
    android_device.create_gmail(username, password, name)
  File "/home/ognjen/Projects/tiktok-promo/uploader/android2.py", line 638, in create_gmail
    self.click(text='Skip')
  File "/home/ognjen/Projects/tiktok-promo/uploader/android2.py", line 338, in click
    element = self.select(timeout=timeout, **kwargs)
  File "/home/ognjen/Projects/tiktok-promo/uploader/android2.py", line 310, in select
    raise Exception(f"Element {utils.params_to_string(kwargs)} not found")
Exception: Element (text="Skip") not found
2023-05-19 14:12:51,638 - __main__ - INFO - Creating gmail j7_4 Romana romanaydaq
2023-05-19 14:13:00,199 - __main__ - INFO - Creating gmail k22_6 Blagoja blagojactoi
2023-05-19 14:15:18,870 - __main__ - ERROR - Error k22_6 Blagoja blagojactoi: Element (text="Skip") not found
Traceback (most recent call last):
  File "/home/ognjen/Projects/tiktok-promo/create_gmail.py", line 51, in main
    android_device.create_gmail(username, password, name)
  File "/home/ognjen/Projects/tiktok-promo/uploader/android2.py", line 671, in create_gmail
    self.click(text='Skip')
  File "/home/ognjen/Projects/tiktok-promo/uploader/android2.py", line 365, in click
    element = self.select(timeout=timeout, **kwargs)
  File "/home/ognjen/Projects/tiktok-promo/uploader/android2.py", line 337, in select
    raise Exception(f"Element {utils.params_to_string(kwargs)} not found")
Exception: Element (text="Skip") not found
2023-05-20 02:01:02,131 - __main__ - INFO - Creating gmail j7 Dobrota dobrotauyjh
2023-05-20 02:03:31,757 - __main__ - INFO - Successfully created gmail j7 Dobrota dobrotauyjh@gmail.com
2023-05-20 02:11:02,157 - __main__ - INFO - Creating gmail j7_2 Durdija durdijaratr
2023-05-20 02:12:17,146 - __main__ - ERROR - Error j7_2 Durdija durdijaratr: Element (text="Add another account") not found
Traceback (most recent call last):
  File "/home/ognjen/Projects/tiktok-promo/create_gmail.py", line 51, in main
    android_device.create_gmail(username, password, name)
  File "/home/ognjen/Projects/tiktok-promo/uploader/android2.py", line 598, in create_gmail
    self.click(text='Add another account')
  File "/home/ognjen/Projects/tiktok-promo/uploader/android2.py", line 365, in click
    element = self.select(timeout=timeout, **kwargs)
  File "/home/ognjen/Projects/tiktok-promo/uploader/android2.py", line 337, in select
    raise Exception(f"Element {utils.params_to_string(kwargs)} not found")
Exception: Element (text="Add another account") not found
2023-05-20 02:21:01,575 - __main__ - INFO - Creating gmail k22_1 Kleopatra kleopatraiobq
2023-05-20 02:22:14,659 - __main__ - ERROR - Error k22_1 Kleopatra kleopatraiobq: Element (text="Add another account") not found
Traceback (most recent call last):
  File "/home/ognjen/Projects/tiktok-promo/create_gmail.py", line 51, in main
    android_device.create_gmail(username, password, name)
  File "/home/ognjen/Projects/tiktok-promo/uploader/android2.py", line 598, in create_gmail
    self.click(text='Add another account')
  File "/home/ognjen/Projects/tiktok-promo/uploader/android2.py", line 365, in click
    element = self.select(timeout=timeout, **kwargs)
  File "/home/ognjen/Projects/tiktok-promo/uploader/android2.py", line 337, in select
    raise Exception(f"Element {utils.params_to_string(kwargs)} not found")
Exception: Element (text="Add another account") not found
2023-05-20 02:31:02,327 - __main__ - INFO - Creating gmail j7_3 Pauna paunaqpus
2023-05-20 02:32:21,111 - __main__ - ERROR - Error j7_3 Pauna paunaqpus: Element (text="Add another account") not found
Traceback (most recent call last):
  File "/home/ognjen/Projects/tiktok-promo/create_gmail.py", line 51, in main
    android_device.create_gmail(username, password, name)
  File "/home/ognjen/Projects/tiktok-promo/uploader/android2.py", line 598, in create_gmail
    self.click(text='Add another account')
  File "/home/ognjen/Projects/tiktok-promo/uploader/android2.py", line 365, in click
    element = self.select(timeout=timeout, **kwargs)
  File "/home/ognjen/Projects/tiktok-promo/uploader/android2.py", line 337, in select
    raise Exception(f"Element {utils.params_to_string(kwargs)} not found")
Exception: Element (text="Add another account") not found
2023-05-20 03:01:01,634 - __main__ - INFO - Creating gmail j7_4 Lola lolaifba
2023-05-20 03:03:48,365 - __main__ - INFO - Successfully created gmail j7_4 Lola lolaifba@gmail.com
2023-05-20 03:11:01,953 - __main__ - INFO - Creating gmail redminote Stanislava stanislavaoewy
2023-05-20 03:13:15,689 - __main__ - INFO - Successfully created gmail redminote Stanislava stanislavaoewy@gmail.com
2023-05-20 03:21:02,068 - __main__ - INFO - Creating gmail j7_5 Dobrota dobrotatcoc
2023-05-20 03:23:58,383 - __main__ - INFO - Successfully created gmail j7_5 Dobrota dobrotatcoc@gmail.com
2023-05-20 03:31:01,769 - __main__ - INFO - Creating gmail k22_2 Milka milkaygbx
2023-05-20 03:33:39,209 - __main__ - INFO - Successfully created gmail k22_2 Milka milkaygbx@gmail.com
2023-05-20 03:41:01,633 - __main__ - INFO - Creating gmail j7ana_6 Vukmira vukmiraporv
2023-05-20 03:44:33,819 - __main__ - ERROR - Error j7ana_6 Vukmira vukmiraporv: Element (text="Skip") not found
Traceback (most recent call last):
  File "/home/ognjen/Projects/tiktok-promo/uploader/android2.py", line 314, in select
    if time.time() > try_recovery and self.recover():
  File "/home/ognjen/Projects/tiktok-promo/uploader/android2.py", line 287, in recover
    raise e
  File "/home/ognjen/Projects/tiktok-promo/uploader/android2.py", line 244, in recover
    if self.d(text=popup_text).exists():
  File "/home/ognjen/Projects/tiktok-promo/env/lib/python3.10/site-packages/uiautomator2/utils.py", line 115, in __call__
    return bool(self)
  File "/home/ognjen/Projects/tiktok-promo/env/lib/python3.10/site-packages/uiautomator2/utils.py", line 105, in __bool__
    return self.__nonzero__()
  File "/home/ognjen/Projects/tiktok-promo/env/lib/python3.10/site-packages/uiautomator2/utils.py", line 101, in __nonzero__
    return self.uiobject.jsonrpc.exist(self.uiobject.selector)
  File "/home/ognjen/Projects/tiktok-promo/env/lib/python3.10/site-packages/uiautomator2/__init__.py", line 479, in __call__
    return self.server._jsonrpc_retry_call(self.method, params,
  File "/home/ognjen/Projects/tiktok-promo/env/lib/python3.10/site-packages/uiautomator2/__init__.py", line 486, in _jsonrpc_retry_call
    return self._jsonrpc_call(*args, **kwargs)
  File "/home/ognjen/Projects/tiktok-promo/env/lib/python3.10/site-packages/uiautomator2/__init__.py", line 512, in _jsonrpc_call
    res = self.http.post("/jsonrpc/0",
  File "/home/ognjen/Projects/tiktok-promo/env/lib/python3.10/site-packages/requests/sessions.py", line 635, in post
    return self.request("POST", url, data=data, json=json, **kwargs)
  File "/home/ognjen/Projects/tiktok-promo/env/lib/python3.10/site-packages/uiautomator2/__init__.py", line 223, in request
    self.__client._prepare_atx_agent()
  File "/home/ognjen/Projects/tiktok-promo/env/lib/python3.10/site-packages/uiautomator2/__init__.py", line 314, in _prepare_atx_agent
    _d = self._wait_for_device()
  File "/home/ognjen/Projects/tiktok-promo/env/lib/python3.10/site-packages/uiautomator2/__init__.py", line 367, in _wait_for_device
    adb.wait_for(self._serial, timeout=1)
  File "/home/ognjen/Projects/tiktok-promo/env/lib/python3.10/site-packages/adbutils/_adb.py", line 218, in wait_for
    c.check_okay()
  File "/home/ognjen/Projects/tiktok-promo/env/lib/python3.10/site-packages/adbutils/_adb.py", line 137, in check_okay
    raise AdbError("Unknown data: %r" % data)
adbutils.errors.AdbError: Unknown data: ''

During handling of the above exception, another exception occurred:

Traceback (most recent call last):
  File "/home/ognjen/Projects/tiktok-promo/create_gmail.py", line 51, in main
    android_device.create_gmail(username, password, name)
  File "/home/ognjen/Projects/tiktok-promo/uploader/android2.py", line 671, in create_gmail
    self.click(text='Skip')
  File "/home/ognjen/Projects/tiktok-promo/uploader/android2.py", line 365, in click
    element = self.select(timeout=timeout, **kwargs)
  File "/home/ognjen/Projects/tiktok-promo/uploader/android2.py", line 332, in select
    return self.select(timeout=timeout, retry=retry-1, **kwargs)
  File "/home/ognjen/Projects/tiktok-promo/uploader/android2.py", line 337, in select
    raise Exception(f"Element {utils.params_to_string(kwargs)} not found")
Exception: Element (text="Skip") not found
2023-05-20 03:51:02,223 - __main__ - INFO - Creating gmail k22_3 Katica katicasyjo
2023-05-20 03:53:21,719 - __main__ - ERROR - Error k22_3 Katica katicasyjo: Element (text="Skip") not found
Traceback (most recent call last):
  File "/home/ognjen/Projects/tiktok-promo/create_gmail.py", line 51, in main
    android_device.create_gmail(username, password, name)
  File "/home/ognjen/Projects/tiktok-promo/uploader/android2.py", line 671, in create_gmail
    self.click(text='Skip')
  File "/home/ognjen/Projects/tiktok-promo/uploader/android2.py", line 365, in click
    element = self.select(timeout=timeout, **kwargs)
  File "/home/ognjen/Projects/tiktok-promo/uploader/android2.py", line 337, in select
    raise Exception(f"Element {utils.params_to_string(kwargs)} not found")
Exception: Element (text="Skip") not found
2023-05-20 04:01:02,121 - __main__ - INFO - Creating gmail k22_4 Persida persidadivi
2023-05-20 04:03:06,876 - __main__ - ERROR - Error k22_4 Persida persidadivi: Element (text="Skip") not found
Traceback (most recent call last):
  File "/home/ognjen/Projects/tiktok-promo/create_gmail.py", line 51, in main
    android_device.create_gmail(username, password, name)
  File "/home/ognjen/Projects/tiktok-promo/uploader/android2.py", line 671, in create_gmail
    self.click(text='Skip')
  File "/home/ognjen/Projects/tiktok-promo/uploader/android2.py", line 365, in click
    element = self.select(timeout=timeout, **kwargs)
  File "/home/ognjen/Projects/tiktok-promo/uploader/android2.py", line 337, in select
    raise Exception(f"Element {utils.params_to_string(kwargs)} not found")
Exception: Element (text="Skip") not found
2023-05-21 02:01:02,250 - __main__ - INFO - Creating gmail j7 Kosana kosanawzys
2023-05-21 02:03:28,345 - __main__ - INFO - Successfully created gmail j7 Kosana kosanawzys@gmail.com
2023-05-21 02:11:01,696 - __main__ - INFO - Creating gmail j7_2 Milenija milenijafslt
2023-05-21 02:12:16,173 - __main__ - ERROR - Error j7_2 Milenija milenijafslt: Element (text="Add another account") not found
Traceback (most recent call last):
  File "/home/ognjen/Projects/tiktok-promo/create_gmail.py", line 51, in main
    android_device.create_gmail(username, password, name)
  File "/home/ognjen/Projects/tiktok-promo/uploader/android2.py", line 598, in create_gmail
    self.click(text='Add another account')
  File "/home/ognjen/Projects/tiktok-promo/uploader/android2.py", line 365, in click
    element = self.select(timeout=timeout, **kwargs)
  File "/home/ognjen/Projects/tiktok-promo/uploader/android2.py", line 337, in select
    raise Exception(f"Element {utils.params_to_string(kwargs)} not found")
Exception: Element (text="Add another account") not found
2023-05-21 02:21:01,532 - __main__ - INFO - Creating gmail k22_1 Pavla pavlaxusj
2023-05-21 02:23:31,405 - __main__ - INFO - Successfully created gmail k22_1 Pavla pavlaxusj@gmail.com
2023-05-21 02:31:01,760 - __main__ - INFO - Creating gmail j7_3 Smiljana smiljanatyzg
2023-05-21 02:32:18,251 - __main__ - ERROR - Error j7_3 Smiljana smiljanatyzg: Element (text="Add another account") not found
Traceback (most recent call last):
  File "/home/ognjen/Projects/tiktok-promo/create_gmail.py", line 51, in main
    android_device.create_gmail(username, password, name)
  File "/home/ognjen/Projects/tiktok-promo/uploader/android2.py", line 598, in create_gmail
    self.click(text='Add another account')
  File "/home/ognjen/Projects/tiktok-promo/uploader/android2.py", line 365, in click
    element = self.select(timeout=timeout, **kwargs)
  File "/home/ognjen/Projects/tiktok-promo/uploader/android2.py", line 337, in select
    raise Exception(f"Element {utils.params_to_string(kwargs)} not found")
Exception: Element (text="Add another account") not found
2023-05-21 03:01:01,629 - __main__ - INFO - Creating gmail j7_4 Nadica nadicadlay
2023-05-21 03:02:15,316 - __main__ - ERROR - Error j7_4 Nadica nadicadlay: Element (text="Add another account") not found
Traceback (most recent call last):
  File "/home/ognjen/Projects/tiktok-promo/create_gmail.py", line 51, in main
    android_device.create_gmail(username, password, name)
  File "/home/ognjen/Projects/tiktok-promo/uploader/android2.py", line 598, in create_gmail
    self.click(text='Add another account')
  File "/home/ognjen/Projects/tiktok-promo/uploader/android2.py", line 365, in click
    element = self.select(timeout=timeout, **kwargs)
  File "/home/ognjen/Projects/tiktok-promo/uploader/android2.py", line 337, in select
    raise Exception(f"Element {utils.params_to_string(kwargs)} not found")
Exception: Element (text="Add another account") not found
2023-05-21 03:11:01,659 - __main__ - INFO - Creating gmail redminote Katarina katarinaakks
2023-05-21 03:13:15,933 - __main__ - INFO - Successfully created gmail redminote Katarina katarinaakks@gmail.com
2023-05-21 03:21:02,297 - __main__ - INFO - Creating gmail j7_5 Rumenka rumenkaqsjv
2023-05-21 03:23:33,395 - __main__ - INFO - Successfully created gmail j7_5 Rumenka rumenkaqsjv@gmail.com
2023-05-21 03:31:01,746 - __main__ - INFO - Creating gmail k22_2 Dobra dobragatp
2023-05-21 03:33:45,589 - __main__ - INFO - Successfully created gmail k22_2 Dobra dobragatp@gmail.com
2023-05-21 03:41:01,945 - __main__ - INFO - Creating gmail j7ana_6 Mijana mijanazpmz
2023-05-21 03:43:55,517 - __main__ - ERROR - Error j7ana_6 Mijana mijanazpmz: Element (text="Skip") not found
Traceback (most recent call last):
  File "/home/ognjen/Projects/tiktok-promo/create_gmail.py", line 51, in main
    android_device.create_gmail(username, password, name)
  File "/home/ognjen/Projects/tiktok-promo/uploader/android2.py", line 671, in create_gmail
    self.click(text='Skip')
  File "/home/ognjen/Projects/tiktok-promo/uploader/android2.py", line 365, in click
    element = self.select(timeout=timeout, **kwargs)
  File "/home/ognjen/Projects/tiktok-promo/uploader/android2.py", line 337, in select
    raise Exception(f"Element {utils.params_to_string(kwargs)} not found")
Exception: Element (text="Skip") not found
2023-05-21 03:51:01,873 - __main__ - INFO - Creating gmail k22_3 Adelina adelinaifrc
2023-05-21 03:53:21,670 - __main__ - ERROR - Error k22_3 Adelina adelinaifrc: Element (text="Skip") not found
Traceback (most recent call last):
  File "/home/ognjen/Projects/tiktok-promo/create_gmail.py", line 51, in main
    android_device.create_gmail(username, password, name)
  File "/home/ognjen/Projects/tiktok-promo/uploader/android2.py", line 671, in create_gmail
    self.click(text='Skip')
  File "/home/ognjen/Projects/tiktok-promo/uploader/android2.py", line 365, in click
    element = self.select(timeout=timeout, **kwargs)
  File "/home/ognjen/Projects/tiktok-promo/uploader/android2.py", line 337, in select
    raise Exception(f"Element {utils.params_to_string(kwargs)} not found")
Exception: Element (text="Skip") not found
2023-05-21 04:01:02,025 - __main__ - INFO - Creating gmail k22_4 Zivoslava zivoslavaoljp
2023-05-21 04:03:06,484 - __main__ - ERROR - Error k22_4 Zivoslava zivoslavaoljp: Element (text="Skip") not found
Traceback (most recent call last):
  File "/home/ognjen/Projects/tiktok-promo/create_gmail.py", line 51, in main
    android_device.create_gmail(username, password, name)
  File "/home/ognjen/Projects/tiktok-promo/uploader/android2.py", line 671, in create_gmail
    self.click(text='Skip')
  File "/home/ognjen/Projects/tiktok-promo/uploader/android2.py", line 365, in click
    element = self.select(timeout=timeout, **kwargs)
  File "/home/ognjen/Projects/tiktok-promo/uploader/android2.py", line 337, in select
    raise Exception(f"Element {utils.params_to_string(kwargs)} not found")
Exception: Element (text="Skip") not found
2023-05-22 02:01:01,769 - __main__ - INFO - Creating gmail j7 Vojna vojnaacic
2023-05-22 02:03:26,818 - __main__ - ERROR - Error j7 Vojna vojnaacic: Element (text="Skip") not found
Traceback (most recent call last):
  File "/home/ognjen/Projects/tiktok-promo/create_gmail.py", line 51, in main
    android_device.create_gmail(username, password, name)
  File "/home/ognjen/Projects/tiktok-promo/uploader/android2.py", line 671, in create_gmail
    self.click(text='Skip')
  File "/home/ognjen/Projects/tiktok-promo/uploader/android2.py", line 365, in click
    element = self.select(timeout=timeout, **kwargs)
  File "/home/ognjen/Projects/tiktok-promo/uploader/android2.py", line 337, in select
    raise Exception(f"Element {utils.params_to_string(kwargs)} not found")
Exception: Element (text="Skip") not found
2023-05-22 02:11:02,160 - __main__ - INFO - Creating gmail j7_2 Antonina antoninaujmt
2023-05-22 02:12:17,788 - __main__ - ERROR - Error j7_2 Antonina antoninaujmt: Element (text="Add another account") not found
Traceback (most recent call last):
  File "/home/ognjen/Projects/tiktok-promo/create_gmail.py", line 51, in main
    android_device.create_gmail(username, password, name)
  File "/home/ognjen/Projects/tiktok-promo/uploader/android2.py", line 598, in create_gmail
    self.click(text='Add another account')
  File "/home/ognjen/Projects/tiktok-promo/uploader/android2.py", line 365, in click
    element = self.select(timeout=timeout, **kwargs)
  File "/home/ognjen/Projects/tiktok-promo/uploader/android2.py", line 337, in select
    raise Exception(f"Element {utils.params_to_string(kwargs)} not found")
Exception: Element (text="Add another account") not found
2023-05-22 02:21:02,136 - __main__ - INFO - Creating gmail k22_1 Durdinka durdinkahngd
2023-05-22 02:23:27,439 - __main__ - ERROR - Error k22_1 Durdinka durdinkahngd: Element (text="Skip") not found
Traceback (most recent call last):
  File "/home/ognjen/Projects/tiktok-promo/create_gmail.py", line 51, in main
    android_device.create_gmail(username, password, name)
  File "/home/ognjen/Projects/tiktok-promo/uploader/android2.py", line 671, in create_gmail
    self.click(text='Skip')
  File "/home/ognjen/Projects/tiktok-promo/uploader/android2.py", line 365, in click
    element = self.select(timeout=timeout, **kwargs)
  File "/home/ognjen/Projects/tiktok-promo/uploader/android2.py", line 337, in select
    raise Exception(f"Element {utils.params_to_string(kwargs)} not found")
Exception: Element (text="Skip") not found
2023-05-22 02:31:01,788 - __main__ - INFO - Creating gmail j7_3 Ljiljana ljiljanadetx
2023-05-22 02:32:17,687 - __main__ - ERROR - Error j7_3 Ljiljana ljiljanadetx: Element (text="Add another account") not found
Traceback (most recent call last):
  File "/home/ognjen/Projects/tiktok-promo/create_gmail.py", line 51, in main
    android_device.create_gmail(username, password, name)
  File "/home/ognjen/Projects/tiktok-promo/uploader/android2.py", line 598, in create_gmail
    self.click(text='Add another account')
  File "/home/ognjen/Projects/tiktok-promo/uploader/android2.py", line 365, in click
    element = self.select(timeout=timeout, **kwargs)
  File "/home/ognjen/Projects/tiktok-promo/uploader/android2.py", line 337, in select
    raise Exception(f"Element {utils.params_to_string(kwargs)} not found")
Exception: Element (text="Add another account") not found
2023-05-22 03:01:01,970 - __main__ - INFO - Creating gmail j7_4 Sretenka sretenkatyso
2023-05-22 03:02:16,963 - __main__ - ERROR - Error j7_4 Sretenka sretenkatyso: Element (text="Add another account") not found
Traceback (most recent call last):
  File "/home/ognjen/Projects/tiktok-promo/create_gmail.py", line 51, in main
    android_device.create_gmail(username, password, name)
  File "/home/ognjen/Projects/tiktok-promo/uploader/android2.py", line 598, in create_gmail
    self.click(text='Add another account')
  File "/home/ognjen/Projects/tiktok-promo/uploader/android2.py", line 365, in click
    element = self.select(timeout=timeout, **kwargs)
  File "/home/ognjen/Projects/tiktok-promo/uploader/android2.py", line 337, in select
    raise Exception(f"Element {utils.params_to_string(kwargs)} not found")
Exception: Element (text="Add another account") not found
2023-05-22 03:11:01,829 - __main__ - INFO - Creating gmail redminote Jesenka jesenkajccl
2023-05-22 03:13:14,318 - __main__ - INFO - Successfully created gmail redminote Jesenka jesenkajccl@gmail.com
2023-05-22 03:21:01,664 - __main__ - INFO - Creating gmail j7_5 Zelimirka zelimirkawhiq
2023-05-22 03:23:37,047 - __main__ - ERROR - Error j7_5 Zelimirka zelimirkawhiq: Element (text="Skip") not found
Traceback (most recent call last):
  File "/home/ognjen/Projects/tiktok-promo/create_gmail.py", line 51, in main
    android_device.create_gmail(username, password, name)
  File "/home/ognjen/Projects/tiktok-promo/uploader/android2.py", line 671, in create_gmail
    self.click(text='Skip')
  File "/home/ognjen/Projects/tiktok-promo/uploader/android2.py", line 365, in click
    element = self.select(timeout=timeout, **kwargs)
  File "/home/ognjen/Projects/tiktok-promo/uploader/android2.py", line 337, in select
    raise Exception(f"Element {utils.params_to_string(kwargs)} not found")
Exception: Element (text="Skip") not found
2023-05-22 03:31:01,396 - __main__ - INFO - Creating gmail k22_2 Verica vericaxlsj
2023-05-22 03:41:01,400 - __main__ - INFO - Creating gmail j7ana_6 Slobodanka slobodankabzeo
2023-05-22 03:44:05,810 - __main__ - ERROR - Error k22_2 Verica vericaxlsj: USB device 100.127.28.71 is offline
Traceback (most recent call last):
  File "/home/ognjen/Projects/tiktok-promo/uploader/android2.py", line 154, in connect
    self.d = UIAutomatorDevice(self)
  File "/home/ognjen/Projects/tiktok-promo/uploader/android2.py", line 51, in __init__
    raise e
  File "/home/ognjen/Projects/tiktok-promo/uploader/android2.py", line 43, in __init__
    self.connect()
  File "/home/ognjen/Projects/tiktok-promo/uploader/android2.py", line 75, in connect
    self.d.jsonrpc.setConfigurator({"waitForIdleTimeout": 100, 'waitForSelectorTimeout': 100})
  File "/home/ognjen/Projects/tiktok-promo/env/lib/python3.10/site-packages/uiautomator2/__init__.py", line 479, in __call__
    return self.server._jsonrpc_retry_call(self.method, params,
  File "/home/ognjen/Projects/tiktok-promo/env/lib/python3.10/site-packages/uiautomator2/__init__.py", line 486, in _jsonrpc_retry_call
    return self._jsonrpc_call(*args, **kwargs)
  File "/home/ognjen/Projects/tiktok-promo/env/lib/python3.10/site-packages/uiautomator2/__init__.py", line 512, in _jsonrpc_call
    res = self.http.post("/jsonrpc/0",
  File "/home/ognjen/Projects/tiktok-promo/env/lib/python3.10/site-packages/requests/sessions.py", line 635, in post
    return self.request("POST", url, data=data, json=json, **kwargs)
  File "/home/ognjen/Projects/tiktok-promo/env/lib/python3.10/site-packages/uiautomator2/__init__.py", line 223, in request
    self.__client._prepare_atx_agent()
  File "/home/ognjen/Projects/tiktok-promo/env/lib/python3.10/site-packages/uiautomator2/__init__.py", line 316, in _prepare_atx_agent
    raise RuntimeError("USB device %s is offline" % self._serial)
RuntimeError: USB device 100.127.28.71 is offline

During handling of the above exception, another exception occurred:

Traceback (most recent call last):
  File "/home/ognjen/Projects/tiktok-promo/create_gmail.py", line 51, in main
    android_device.create_gmail(username, password, name)
  File "/home/ognjen/Projects/tiktok-promo/uploader/android2.py", line 586, in create_gmail
    self.connect()
  File "/home/ognjen/Projects/tiktok-promo/uploader/android2.py", line 157, in connect
    self.d = UIAutomatorDevice(self)
  File "/home/ognjen/Projects/tiktok-promo/uploader/android2.py", line 51, in __init__
    raise e
  File "/home/ognjen/Projects/tiktok-promo/uploader/android2.py", line 43, in __init__
    self.connect()
  File "/home/ognjen/Projects/tiktok-promo/uploader/android2.py", line 75, in connect
    self.d.jsonrpc.setConfigurator({"waitForIdleTimeout": 100, 'waitForSelectorTimeout': 100})
  File "/home/ognjen/Projects/tiktok-promo/env/lib/python3.10/site-packages/uiautomator2/__init__.py", line 479, in __call__
    return self.server._jsonrpc_retry_call(self.method, params,
  File "/home/ognjen/Projects/tiktok-promo/env/lib/python3.10/site-packages/uiautomator2/__init__.py", line 486, in _jsonrpc_retry_call
    return self._jsonrpc_call(*args, **kwargs)
  File "/home/ognjen/Projects/tiktok-promo/env/lib/python3.10/site-packages/uiautomator2/__init__.py", line 512, in _jsonrpc_call
    res = self.http.post("/jsonrpc/0",
  File "/home/ognjen/Projects/tiktok-promo/env/lib/python3.10/site-packages/requests/sessions.py", line 635, in post
    return self.request("POST", url, data=data, json=json, **kwargs)
  File "/home/ognjen/Projects/tiktok-promo/env/lib/python3.10/site-packages/uiautomator2/__init__.py", line 223, in request
    self.__client._prepare_atx_agent()
  File "/home/ognjen/Projects/tiktok-promo/env/lib/python3.10/site-packages/uiautomator2/__init__.py", line 316, in _prepare_atx_agent
    raise RuntimeError("USB device %s is offline" % self._serial)
RuntimeError: USB device 100.127.28.71 is offline
2023-05-22 03:44:42,537 - __main__ - INFO - Successfully created gmail j7ana_6 Slobodanka slobodankabzeo@gmail.com
2023-05-22 03:51:01,871 - __main__ - INFO - Creating gmail k22_3 Srebrena srebrenaqsve
2023-05-22 03:53:17,364 - __main__ - INFO - Successfully created gmail k22_3 Srebrena srebrenaqsve@gmail.com
2023-05-22 04:01:01,711 - __main__ - INFO - Creating gmail k22_4 Rumena rumenatopb
2023-05-22 04:03:11,289 - __main__ - ERROR - Error k22_4 Rumena rumenatopb: Element (text="Skip") not found
Traceback (most recent call last):
  File "/home/ognjen/Projects/tiktok-promo/create_gmail.py", line 51, in main
    android_device.create_gmail(username, password, name)
  File "/home/ognjen/Projects/tiktok-promo/uploader/android2.py", line 671, in create_gmail
    self.click(text='Skip')
  File "/home/ognjen/Projects/tiktok-promo/uploader/android2.py", line 365, in click
    element = self.select(timeout=timeout, **kwargs)
  File "/home/ognjen/Projects/tiktok-promo/uploader/android2.py", line 337, in select
    raise Exception(f"Element {utils.params_to_string(kwargs)} not found")
Exception: Element (text="Skip") not found
2023-05-23 02:01:02,027 - __main__ - INFO - Creating gmail j7 Milusa milusaoygm
2023-05-23 02:03:31,162 - __main__ - ERROR - Error j7 Milusa milusaoygm: Element (text="Skip") not found
Traceback (most recent call last):
  File "/home/ognjen/Projects/tiktok-promo/create_gmail.py", line 51, in main
    android_device.create_gmail(username, password, name)
  File "/home/ognjen/Projects/tiktok-promo/uploader/android2.py", line 671, in create_gmail
    self.click(text='Skip')
  File "/home/ognjen/Projects/tiktok-promo/uploader/android2.py", line 365, in click
    element = self.select(timeout=timeout, **kwargs)
  File "/home/ognjen/Projects/tiktok-promo/uploader/android2.py", line 337, in select
    raise Exception(f"Element {utils.params_to_string(kwargs)} not found")
Exception: Element (text="Skip") not found
2023-05-23 02:11:01,529 - __main__ - INFO - Creating gmail j7_2 Kaja kajawpes
2023-05-23 02:12:12,113 - __main__ - ERROR - Error j7_2 Kaja kajawpes: Element (text="Add another account") not found
Traceback (most recent call last):
  File "/home/ognjen/Projects/tiktok-promo/create_gmail.py", line 51, in main
    android_device.create_gmail(username, password, name)
  File "/home/ognjen/Projects/tiktok-promo/uploader/android2.py", line 598, in create_gmail
    self.click(text='Add another account')
  File "/home/ognjen/Projects/tiktok-promo/uploader/android2.py", line 365, in click
    element = self.select(timeout=timeout, **kwargs)
  File "/home/ognjen/Projects/tiktok-promo/uploader/android2.py", line 337, in select
    raise Exception(f"Element {utils.params_to_string(kwargs)} not found")
Exception: Element (text="Add another account") not found
2023-05-23 02:21:01,458 - __main__ - INFO - Creating gmail k22_1 Margareta margaretagycb
2023-05-23 02:23:31,848 - __main__ - ERROR - Error k22_1 Margareta margaretagycb: Element (text="Skip") not found
Traceback (most recent call last):
  File "/home/ognjen/Projects/tiktok-promo/create_gmail.py", line 51, in main
    android_device.create_gmail(username, password, name)
  File "/home/ognjen/Projects/tiktok-promo/uploader/android2.py", line 671, in create_gmail
    self.click(text='Skip')
  File "/home/ognjen/Projects/tiktok-promo/uploader/android2.py", line 365, in click
    element = self.select(timeout=timeout, **kwargs)
  File "/home/ognjen/Projects/tiktok-promo/uploader/android2.py", line 337, in select
    raise Exception(f"Element {utils.params_to_string(kwargs)} not found")
Exception: Element (text="Skip") not found
2023-05-23 02:31:02,185 - __main__ - INFO - Creating gmail j7_3 Vukana vukanalhtd
2023-05-23 02:32:19,485 - __main__ - ERROR - Error j7_3 Vukana vukanalhtd: Element (text="Add another account") not found
Traceback (most recent call last):
  File "/home/ognjen/Projects/tiktok-promo/create_gmail.py", line 51, in main
    android_device.create_gmail(username, password, name)
  File "/home/ognjen/Projects/tiktok-promo/uploader/android2.py", line 598, in create_gmail
    self.click(text='Add another account')
  File "/home/ognjen/Projects/tiktok-promo/uploader/android2.py", line 365, in click
    element = self.select(timeout=timeout, **kwargs)
  File "/home/ognjen/Projects/tiktok-promo/uploader/android2.py", line 337, in select
    raise Exception(f"Element {utils.params_to_string(kwargs)} not found")
Exception: Element (text="Add another account") not found
2023-05-23 03:01:02,272 - __main__ - INFO - Creating gmail j7_4 Blaginja blaginjarwyx
2023-05-23 03:02:12,808 - __main__ - ERROR - Error j7_4 Blaginja blaginjarwyx: Element (text="Add another account") not found
Traceback (most recent call last):
  File "/home/ognjen/Projects/tiktok-promo/create_gmail.py", line 51, in main
    android_device.create_gmail(username, password, name)
  File "/home/ognjen/Projects/tiktok-promo/uploader/android2.py", line 598, in create_gmail
    self.click(text='Add another account')
  File "/home/ognjen/Projects/tiktok-promo/uploader/android2.py", line 365, in click
    element = self.select(timeout=timeout, **kwargs)
  File "/home/ognjen/Projects/tiktok-promo/uploader/android2.py", line 337, in select
    raise Exception(f"Element {utils.params_to_string(kwargs)} not found")
Exception: Element (text="Add another account") not found
2023-05-23 03:11:02,161 - __main__ - INFO - Creating gmail redminote Ada adaotgf
2023-05-23 03:13:16,828 - __main__ - ERROR - Error redminote Ada adaotgf: Element (text="Skip") not found
Traceback (most recent call last):
  File "/home/ognjen/Projects/tiktok-promo/create_gmail.py", line 51, in main
    android_device.create_gmail(username, password, name)
  File "/home/ognjen/Projects/tiktok-promo/uploader/android2.py", line 671, in create_gmail
    self.click(text='Skip')
  File "/home/ognjen/Projects/tiktok-promo/uploader/android2.py", line 365, in click
    element = self.select(timeout=timeout, **kwargs)
  File "/home/ognjen/Projects/tiktok-promo/uploader/android2.py", line 337, in select
    raise Exception(f"Element {utils.params_to_string(kwargs)} not found")
Exception: Element (text="Skip") not found
2023-05-23 03:21:02,180 - __main__ - INFO - Creating gmail j7_5 Katarina katarinarsaf
2023-05-23 03:31:02,173 - __main__ - INFO - Creating gmail k22_2 Radoslavka radoslavkalazu
2023-05-23 03:35:45,716 - __main__ - ERROR - Error j7_5 Katarina katarinarsaf: Element (text="Skip") not found
Traceback (most recent call last):
  File "/home/ognjen/Projects/tiktok-promo/create_gmail.py", line 51, in main
    android_device.create_gmail(username, password, name)
  File "/home/ognjen/Projects/tiktok-promo/uploader/android2.py", line 671, in create_gmail
    self.click(text='Skip')
  File "/home/ognjen/Projects/tiktok-promo/uploader/android2.py", line 365, in click
    element = self.select(timeout=timeout, **kwargs)
  File "/home/ognjen/Projects/tiktok-promo/uploader/android2.py", line 337, in select
    raise Exception(f"Element {utils.params_to_string(kwargs)} not found")
Exception: Element (text="Skip") not found
2023-05-23 03:41:02,062 - __main__ - INFO - Creating gmail j7ana_6 Borjanka borjankacrlw
2023-05-23 03:41:33,909 - __main__ - ERROR - Error k22_2 Radoslavka radoslavkalazu: USB device 100.127.28.71 is offline
Traceback (most recent call last):
  File "/home/ognjen/Projects/tiktok-promo/uploader/android2.py", line 154, in connect
    self.d = UIAutomatorDevice(self)
  File "/home/ognjen/Projects/tiktok-promo/uploader/android2.py", line 51, in __init__
    raise e
  File "/home/ognjen/Projects/tiktok-promo/uploader/android2.py", line 43, in __init__
    self.connect()
  File "/home/ognjen/Projects/tiktok-promo/uploader/android2.py", line 75, in connect
    self.d.jsonrpc.setConfigurator({"waitForIdleTimeout": 100, 'waitForSelectorTimeout': 100})
  File "/home/ognjen/Projects/tiktok-promo/env/lib/python3.10/site-packages/uiautomator2/__init__.py", line 479, in __call__
    return self.server._jsonrpc_retry_call(self.method, params,
  File "/home/ognjen/Projects/tiktok-promo/env/lib/python3.10/site-packages/uiautomator2/__init__.py", line 486, in _jsonrpc_retry_call
    return self._jsonrpc_call(*args, **kwargs)
  File "/home/ognjen/Projects/tiktok-promo/env/lib/python3.10/site-packages/uiautomator2/__init__.py", line 512, in _jsonrpc_call
    res = self.http.post("/jsonrpc/0",
  File "/home/ognjen/Projects/tiktok-promo/env/lib/python3.10/site-packages/requests/sessions.py", line 635, in post
    return self.request("POST", url, data=data, json=json, **kwargs)
  File "/home/ognjen/Projects/tiktok-promo/env/lib/python3.10/site-packages/uiautomator2/__init__.py", line 223, in request
    self.__client._prepare_atx_agent()
  File "/home/ognjen/Projects/tiktok-promo/env/lib/python3.10/site-packages/uiautomator2/__init__.py", line 316, in _prepare_atx_agent
    raise RuntimeError("USB device %s is offline" % self._serial)
RuntimeError: USB device 100.127.28.71 is offline

During handling of the above exception, another exception occurred:

Traceback (most recent call last):
  File "/home/ognjen/Projects/tiktok-promo/create_gmail.py", line 51, in main
    android_device.create_gmail(username, password, name)
  File "/home/ognjen/Projects/tiktok-promo/uploader/android2.py", line 586, in create_gmail
    self.connect()
  File "/home/ognjen/Projects/tiktok-promo/uploader/android2.py", line 157, in connect
    self.d = UIAutomatorDevice(self)
  File "/home/ognjen/Projects/tiktok-promo/uploader/android2.py", line 51, in __init__
    raise e
  File "/home/ognjen/Projects/tiktok-promo/uploader/android2.py", line 43, in __init__
    self.connect()
  File "/home/ognjen/Projects/tiktok-promo/uploader/android2.py", line 75, in connect
    self.d.jsonrpc.setConfigurator({"waitForIdleTimeout": 100, 'waitForSelectorTimeout': 100})
  File "/home/ognjen/Projects/tiktok-promo/env/lib/python3.10/site-packages/uiautomator2/__init__.py", line 479, in __call__
    return self.server._jsonrpc_retry_call(self.method, params,
  File "/home/ognjen/Projects/tiktok-promo/env/lib/python3.10/site-packages/uiautomator2/__init__.py", line 486, in _jsonrpc_retry_call
    return self._jsonrpc_call(*args, **kwargs)
  File "/home/ognjen/Projects/tiktok-promo/env/lib/python3.10/site-packages/uiautomator2/__init__.py", line 512, in _jsonrpc_call
    res = self.http.post("/jsonrpc/0",
  File "/home/ognjen/Projects/tiktok-promo/env/lib/python3.10/site-packages/requests/sessions.py", line 635, in post
    return self.request("POST", url, data=data, json=json, **kwargs)
  File "/home/ognjen/Projects/tiktok-promo/env/lib/python3.10/site-packages/uiautomator2/__init__.py", line 223, in request
    self.__client._prepare_atx_agent()
  File "/home/ognjen/Projects/tiktok-promo/env/lib/python3.10/site-packages/uiautomator2/__init__.py", line 316, in _prepare_atx_agent
    raise RuntimeError("USB device %s is offline" % self._serial)
RuntimeError: USB device 100.127.28.71 is offline
2023-05-23 03:43:45,303 - __main__ - ERROR - Error j7ana_6 Borjanka borjankacrlw: Element (text="Skip") not found
Traceback (most recent call last):
  File "/home/ognjen/Projects/tiktok-promo/create_gmail.py", line 51, in main
    android_device.create_gmail(username, password, name)
  File "/home/ognjen/Projects/tiktok-promo/uploader/android2.py", line 671, in create_gmail
    self.click(text='Skip')
  File "/home/ognjen/Projects/tiktok-promo/uploader/android2.py", line 365, in click
    element = self.select(timeout=timeout, **kwargs)
  File "/home/ognjen/Projects/tiktok-promo/uploader/android2.py", line 337, in select
    raise Exception(f"Element {utils.params_to_string(kwargs)} not found")
Exception: Element (text="Skip") not found
2023-05-23 03:51:01,653 - __main__ - INFO - Creating gmail k22_3 Snezana snezanactbm
2023-05-23 03:53:13,948 - __main__ - ERROR - Error k22_3 Snezana snezanactbm: Element (text="Skip") not found
Traceback (most recent call last):
  File "/home/ognjen/Projects/tiktok-promo/create_gmail.py", line 51, in main
    android_device.create_gmail(username, password, name)
  File "/home/ognjen/Projects/tiktok-promo/uploader/android2.py", line 671, in create_gmail
    self.click(text='Skip')
  File "/home/ognjen/Projects/tiktok-promo/uploader/android2.py", line 365, in click
    element = self.select(timeout=timeout, **kwargs)
  File "/home/ognjen/Projects/tiktok-promo/uploader/android2.py", line 337, in select
    raise Exception(f"Element {utils.params_to_string(kwargs)} not found")
Exception: Element (text="Skip") not found
2023-05-23 04:01:01,294 - __main__ - INFO - Creating gmail k22_4 Vesna vesnanqsh
2023-05-23 04:03:11,810 - __main__ - INFO - Successfully created gmail k22_4 Vesna vesnanqsh@gmail.com
2023-05-24 02:01:01,943 - __main__ - INFO - Creating gmail j7 Radunka radunkawoff
2023-05-24 02:11:01,904 - __main__ - INFO - Creating gmail j7_2 Milanka milankakuhp
2023-05-24 02:14:31,501 - __main__ - ERROR - Error j7 Radunka radunkawoff: USB device 100.99.18.17 is offline
Traceback (most recent call last):
  File "/home/ognjen/Projects/tiktok-promo/uploader/android2.py", line 154, in connect
    self.d = UIAutomatorDevice(self)
  File "/home/ognjen/Projects/tiktok-promo/uploader/android2.py", line 51, in __init__
    raise e
  File "/home/ognjen/Projects/tiktok-promo/uploader/android2.py", line 43, in __init__
    self.connect()
  File "/home/ognjen/Projects/tiktok-promo/uploader/android2.py", line 75, in connect
    self.d.jsonrpc.setConfigurator({"waitForIdleTimeout": 100, 'waitForSelectorTimeout': 100})
  File "/home/ognjen/Projects/tiktok-promo/env/lib/python3.10/site-packages/uiautomator2/__init__.py", line 479, in __call__
    return self.server._jsonrpc_retry_call(self.method, params,
  File "/home/ognjen/Projects/tiktok-promo/env/lib/python3.10/site-packages/uiautomator2/__init__.py", line 486, in _jsonrpc_retry_call
    return self._jsonrpc_call(*args, **kwargs)
  File "/home/ognjen/Projects/tiktok-promo/env/lib/python3.10/site-packages/uiautomator2/__init__.py", line 512, in _jsonrpc_call
    res = self.http.post("/jsonrpc/0",
  File "/home/ognjen/Projects/tiktok-promo/env/lib/python3.10/site-packages/requests/sessions.py", line 635, in post
    return self.request("POST", url, data=data, json=json, **kwargs)
  File "/home/ognjen/Projects/tiktok-promo/env/lib/python3.10/site-packages/uiautomator2/__init__.py", line 223, in request
    self.__client._prepare_atx_agent()
  File "/home/ognjen/Projects/tiktok-promo/env/lib/python3.10/site-packages/uiautomator2/__init__.py", line 316, in _prepare_atx_agent
    raise RuntimeError("USB device %s is offline" % self._serial)
RuntimeError: USB device 100.99.18.17 is offline

During handling of the above exception, another exception occurred:

Traceback (most recent call last):
  File "/home/ognjen/Projects/tiktok-promo/create_gmail.py", line 51, in main
    android_device.create_gmail(username, password, name)
  File "/home/ognjen/Projects/tiktok-promo/uploader/android2.py", line 586, in create_gmail
    self.connect()
  File "/home/ognjen/Projects/tiktok-promo/uploader/android2.py", line 157, in connect
    self.d = UIAutomatorDevice(self)
  File "/home/ognjen/Projects/tiktok-promo/uploader/android2.py", line 51, in __init__
    raise e
  File "/home/ognjen/Projects/tiktok-promo/uploader/android2.py", line 43, in __init__
    self.connect()
  File "/home/ognjen/Projects/tiktok-promo/uploader/android2.py", line 75, in connect
    self.d.jsonrpc.setConfigurator({"waitForIdleTimeout": 100, 'waitForSelectorTimeout': 100})
  File "/home/ognjen/Projects/tiktok-promo/env/lib/python3.10/site-packages/uiautomator2/__init__.py", line 479, in __call__
    return self.server._jsonrpc_retry_call(self.method, params,
  File "/home/ognjen/Projects/tiktok-promo/env/lib/python3.10/site-packages/uiautomator2/__init__.py", line 486, in _jsonrpc_retry_call
    return self._jsonrpc_call(*args, **kwargs)
  File "/home/ognjen/Projects/tiktok-promo/env/lib/python3.10/site-packages/uiautomator2/__init__.py", line 512, in _jsonrpc_call
    res = self.http.post("/jsonrpc/0",
  File "/home/ognjen/Projects/tiktok-promo/env/lib/python3.10/site-packages/requests/sessions.py", line 635, in post
    return self.request("POST", url, data=data, json=json, **kwargs)
  File "/home/ognjen/Projects/tiktok-promo/env/lib/python3.10/site-packages/uiautomator2/__init__.py", line 223, in request
    self.__client._prepare_atx_agent()
  File "/home/ognjen/Projects/tiktok-promo/env/lib/python3.10/site-packages/uiautomator2/__init__.py", line 316, in _prepare_atx_agent
    raise RuntimeError("USB device %s is offline" % self._serial)
RuntimeError: USB device 100.99.18.17 is offline
2023-05-24 02:21:01,892 - __main__ - INFO - Creating gmail k22_1 Nada nadaqecp
2023-05-24 02:23:32,186 - __main__ - INFO - Successfully created gmail k22_1 Nada nadaqecp@gmail.com
2023-05-24 02:24:32,247 - __main__ - ERROR - Error j7_2 Milanka milankakuhp: USB device 100.77.209.31 is offline
Traceback (most recent call last):
  File "/home/ognjen/Projects/tiktok-promo/uploader/android2.py", line 154, in connect
    self.d = UIAutomatorDevice(self)
  File "/home/ognjen/Projects/tiktok-promo/uploader/android2.py", line 51, in __init__
    raise e
  File "/home/ognjen/Projects/tiktok-promo/uploader/android2.py", line 43, in __init__
    self.connect()
  File "/home/ognjen/Projects/tiktok-promo/uploader/android2.py", line 75, in connect
    self.d.jsonrpc.setConfigurator({"waitForIdleTimeout": 100, 'waitForSelectorTimeout': 100})
  File "/home/ognjen/Projects/tiktok-promo/env/lib/python3.10/site-packages/uiautomator2/__init__.py", line 479, in __call__
    return self.server._jsonrpc_retry_call(self.method, params,
  File "/home/ognjen/Projects/tiktok-promo/env/lib/python3.10/site-packages/uiautomator2/__init__.py", line 486, in _jsonrpc_retry_call
    return self._jsonrpc_call(*args, **kwargs)
  File "/home/ognjen/Projects/tiktok-promo/env/lib/python3.10/site-packages/uiautomator2/__init__.py", line 512, in _jsonrpc_call
    res = self.http.post("/jsonrpc/0",
  File "/home/ognjen/Projects/tiktok-promo/env/lib/python3.10/site-packages/requests/sessions.py", line 635, in post
    return self.request("POST", url, data=data, json=json, **kwargs)
  File "/home/ognjen/Projects/tiktok-promo/env/lib/python3.10/site-packages/uiautomator2/__init__.py", line 223, in request
    self.__client._prepare_atx_agent()
  File "/home/ognjen/Projects/tiktok-promo/env/lib/python3.10/site-packages/uiautomator2/__init__.py", line 316, in _prepare_atx_agent
    raise RuntimeError("USB device %s is offline" % self._serial)
RuntimeError: USB device 100.77.209.31 is offline

During handling of the above exception, another exception occurred:

Traceback (most recent call last):
  File "/home/ognjen/Projects/tiktok-promo/create_gmail.py", line 51, in main
    android_device.create_gmail(username, password, name)
  File "/home/ognjen/Projects/tiktok-promo/uploader/android2.py", line 586, in create_gmail
    self.connect()
  File "/home/ognjen/Projects/tiktok-promo/uploader/android2.py", line 157, in connect
    self.d = UIAutomatorDevice(self)
  File "/home/ognjen/Projects/tiktok-promo/uploader/android2.py", line 51, in __init__
    raise e
  File "/home/ognjen/Projects/tiktok-promo/uploader/android2.py", line 43, in __init__
    self.connect()
  File "/home/ognjen/Projects/tiktok-promo/uploader/android2.py", line 75, in connect
    self.d.jsonrpc.setConfigurator({"waitForIdleTimeout": 100, 'waitForSelectorTimeout': 100})
  File "/home/ognjen/Projects/tiktok-promo/env/lib/python3.10/site-packages/uiautomator2/__init__.py", line 479, in __call__
    return self.server._jsonrpc_retry_call(self.method, params,
  File "/home/ognjen/Projects/tiktok-promo/env/lib/python3.10/site-packages/uiautomator2/__init__.py", line 486, in _jsonrpc_retry_call
    return self._jsonrpc_call(*args, **kwargs)
  File "/home/ognjen/Projects/tiktok-promo/env/lib/python3.10/site-packages/uiautomator2/__init__.py", line 512, in _jsonrpc_call
    res = self.http.post("/jsonrpc/0",
  File "/home/ognjen/Projects/tiktok-promo/env/lib/python3.10/site-packages/requests/sessions.py", line 635, in post
    return self.request("POST", url, data=data, json=json, **kwargs)
  File "/home/ognjen/Projects/tiktok-promo/env/lib/python3.10/site-packages/uiautomator2/__init__.py", line 223, in request
    self.__client._prepare_atx_agent()
  File "/home/ognjen/Projects/tiktok-promo/env/lib/python3.10/site-packages/uiautomator2/__init__.py", line 316, in _prepare_atx_agent
    raise RuntimeError("USB device %s is offline" % self._serial)
RuntimeError: USB device 100.77.209.31 is offline
2023-05-24 02:31:01,654 - __main__ - INFO - Creating gmail j7_3 Peruna perunaxuix
2023-05-24 02:32:18,995 - __main__ - ERROR - Error j7_3 Peruna perunaxuix: Element (text="Add another account") not found
Traceback (most recent call last):
  File "/home/ognjen/Projects/tiktok-promo/create_gmail.py", line 51, in main
    android_device.create_gmail(username, password, name)
  File "/home/ognjen/Projects/tiktok-promo/uploader/android2.py", line 598, in create_gmail
    self.click(text='Add another account')
  File "/home/ognjen/Projects/tiktok-promo/uploader/android2.py", line 365, in click
    element = self.select(timeout=timeout, **kwargs)
  File "/home/ognjen/Projects/tiktok-promo/uploader/android2.py", line 337, in select
    raise Exception(f"Element {utils.params_to_string(kwargs)} not found")
Exception: Element (text="Add another account") not found
2023-05-24 03:01:01,865 - __main__ - INFO - Creating gmail j7_4 Drena drenafvht
2023-05-24 03:11:01,914 - __main__ - INFO - Creating gmail redminote Grlica grlicanntp
2023-05-24 03:12:15,511 - __main__ - ERROR - Error redminote Grlica grlicanntp: Element (text="Create account") not found
Traceback (most recent call last):
  File "/home/ognjen/Projects/tiktok-promo/create_gmail.py", line 51, in main
    android_device.create_gmail(username, password, name)
  File "/home/ognjen/Projects/tiktok-promo/uploader/android2.py", line 608, in create_gmail
    self.click(text='Create account')
  File "/home/ognjen/Projects/tiktok-promo/uploader/android2.py", line 365, in click
    element = self.select(timeout=timeout, **kwargs)
  File "/home/ognjen/Projects/tiktok-promo/uploader/android2.py", line 337, in select
    raise Exception(f"Element {utils.params_to_string(kwargs)} not found")
Exception: Element (text="Create account") not found
2023-05-24 03:14:32,566 - __main__ - ERROR - Error j7_4 Drena drenafvht: USB device 100.76.20.44 is offline
Traceback (most recent call last):
  File "/home/ognjen/Projects/tiktok-promo/uploader/android2.py", line 154, in connect
    self.d = UIAutomatorDevice(self)
  File "/home/ognjen/Projects/tiktok-promo/uploader/android2.py", line 51, in __init__
    raise e
  File "/home/ognjen/Projects/tiktok-promo/uploader/android2.py", line 43, in __init__
    self.connect()
  File "/home/ognjen/Projects/tiktok-promo/uploader/android2.py", line 75, in connect
    self.d.jsonrpc.setConfigurator({"waitForIdleTimeout": 100, 'waitForSelectorTimeout': 100})
  File "/home/ognjen/Projects/tiktok-promo/env/lib/python3.10/site-packages/uiautomator2/__init__.py", line 479, in __call__
    return self.server._jsonrpc_retry_call(self.method, params,
  File "/home/ognjen/Projects/tiktok-promo/env/lib/python3.10/site-packages/uiautomator2/__init__.py", line 486, in _jsonrpc_retry_call
    return self._jsonrpc_call(*args, **kwargs)
  File "/home/ognjen/Projects/tiktok-promo/env/lib/python3.10/site-packages/uiautomator2/__init__.py", line 512, in _jsonrpc_call
    res = self.http.post("/jsonrpc/0",
  File "/home/ognjen/Projects/tiktok-promo/env/lib/python3.10/site-packages/requests/sessions.py", line 635, in post
    return self.request("POST", url, data=data, json=json, **kwargs)
  File "/home/ognjen/Projects/tiktok-promo/env/lib/python3.10/site-packages/uiautomator2/__init__.py", line 223, in request
    self.__client._prepare_atx_agent()
  File "/home/ognjen/Projects/tiktok-promo/env/lib/python3.10/site-packages/uiautomator2/__init__.py", line 316, in _prepare_atx_agent
    raise RuntimeError("USB device %s is offline" % self._serial)
RuntimeError: USB device 100.76.20.44 is offline

During handling of the above exception, another exception occurred:

Traceback (most recent call last):
  File "/home/ognjen/Projects/tiktok-promo/create_gmail.py", line 51, in main
    android_device.create_gmail(username, password, name)
  File "/home/ognjen/Projects/tiktok-promo/uploader/android2.py", line 586, in create_gmail
    self.connect()
  File "/home/ognjen/Projects/tiktok-promo/uploader/android2.py", line 157, in connect
    self.d = UIAutomatorDevice(self)
  File "/home/ognjen/Projects/tiktok-promo/uploader/android2.py", line 51, in __init__
    raise e
  File "/home/ognjen/Projects/tiktok-promo/uploader/android2.py", line 43, in __init__
    self.connect()
  File "/home/ognjen/Projects/tiktok-promo/uploader/android2.py", line 75, in connect
    self.d.jsonrpc.setConfigurator({"waitForIdleTimeout": 100, 'waitForSelectorTimeout': 100})
  File "/home/ognjen/Projects/tiktok-promo/env/lib/python3.10/site-packages/uiautomator2/__init__.py", line 479, in __call__
    return self.server._jsonrpc_retry_call(self.method, params,
  File "/home/ognjen/Projects/tiktok-promo/env/lib/python3.10/site-packages/uiautomator2/__init__.py", line 486, in _jsonrpc_retry_call
    return self._jsonrpc_call(*args, **kwargs)
  File "/home/ognjen/Projects/tiktok-promo/env/lib/python3.10/site-packages/uiautomator2/__init__.py", line 512, in _jsonrpc_call
    res = self.http.post("/jsonrpc/0",
  File "/home/ognjen/Projects/tiktok-promo/env/lib/python3.10/site-packages/requests/sessions.py", line 635, in post
    return self.request("POST", url, data=data, json=json, **kwargs)
  File "/home/ognjen/Projects/tiktok-promo/env/lib/python3.10/site-packages/uiautomator2/__init__.py", line 223, in request
    self.__client._prepare_atx_agent()
  File "/home/ognjen/Projects/tiktok-promo/env/lib/python3.10/site-packages/uiautomator2/__init__.py", line 316, in _prepare_atx_agent
    raise RuntimeError("USB device %s is offline" % self._serial)
RuntimeError: USB device 100.76.20.44 is offline
2023-05-24 03:21:01,994 - __main__ - INFO - Creating gmail j7_5 Marjana marjanaymkv
2023-05-24 03:31:02,031 - __main__ - INFO - Creating gmail k22_2 Tomanija tomanijaieol
2023-05-24 03:34:32,353 - __main__ - ERROR - Error j7_5 Marjana marjanaymkv: USB device 100.98.41.75 is offline
Traceback (most recent call last):
  File "/home/ognjen/Projects/tiktok-promo/uploader/android2.py", line 154, in connect
    self.d = UIAutomatorDevice(self)
  File "/home/ognjen/Projects/tiktok-promo/uploader/android2.py", line 51, in __init__
    raise e
  File "/home/ognjen/Projects/tiktok-promo/uploader/android2.py", line 43, in __init__
    self.connect()
  File "/home/ognjen/Projects/tiktok-promo/uploader/android2.py", line 75, in connect
    self.d.jsonrpc.setConfigurator({"waitForIdleTimeout": 100, 'waitForSelectorTimeout': 100})
  File "/home/ognjen/Projects/tiktok-promo/env/lib/python3.10/site-packages/uiautomator2/__init__.py", line 479, in __call__
    return self.server._jsonrpc_retry_call(self.method, params,
  File "/home/ognjen/Projects/tiktok-promo/env/lib/python3.10/site-packages/uiautomator2/__init__.py", line 486, in _jsonrpc_retry_call
    return self._jsonrpc_call(*args, **kwargs)
  File "/home/ognjen/Projects/tiktok-promo/env/lib/python3.10/site-packages/uiautomator2/__init__.py", line 512, in _jsonrpc_call
    res = self.http.post("/jsonrpc/0",
  File "/home/ognjen/Projects/tiktok-promo/env/lib/python3.10/site-packages/requests/sessions.py", line 635, in post
    return self.request("POST", url, data=data, json=json, **kwargs)
  File "/home/ognjen/Projects/tiktok-promo/env/lib/python3.10/site-packages/uiautomator2/__init__.py", line 223, in request
    self.__client._prepare_atx_agent()
  File "/home/ognjen/Projects/tiktok-promo/env/lib/python3.10/site-packages/uiautomator2/__init__.py", line 316, in _prepare_atx_agent
    raise RuntimeError("USB device %s is offline" % self._serial)
RuntimeError: USB device 100.98.41.75 is offline

During handling of the above exception, another exception occurred:

Traceback (most recent call last):
  File "/home/ognjen/Projects/tiktok-promo/create_gmail.py", line 51, in main
    android_device.create_gmail(username, password, name)
  File "/home/ognjen/Projects/tiktok-promo/uploader/android2.py", line 586, in create_gmail
    self.connect()
  File "/home/ognjen/Projects/tiktok-promo/uploader/android2.py", line 157, in connect
    self.d = UIAutomatorDevice(self)
  File "/home/ognjen/Projects/tiktok-promo/uploader/android2.py", line 51, in __init__
    raise e
  File "/home/ognjen/Projects/tiktok-promo/uploader/android2.py", line 43, in __init__
    self.connect()
  File "/home/ognjen/Projects/tiktok-promo/uploader/android2.py", line 75, in connect
    self.d.jsonrpc.setConfigurator({"waitForIdleTimeout": 100, 'waitForSelectorTimeout': 100})
  File "/home/ognjen/Projects/tiktok-promo/env/lib/python3.10/site-packages/uiautomator2/__init__.py", line 479, in __call__
    return self.server._jsonrpc_retry_call(self.method, params,
  File "/home/ognjen/Projects/tiktok-promo/env/lib/python3.10/site-packages/uiautomator2/__init__.py", line 486, in _jsonrpc_retry_call
    return self._jsonrpc_call(*args, **kwargs)
  File "/home/ognjen/Projects/tiktok-promo/env/lib/python3.10/site-packages/uiautomator2/__init__.py", line 512, in _jsonrpc_call
    res = self.http.post("/jsonrpc/0",
  File "/home/ognjen/Projects/tiktok-promo/env/lib/python3.10/site-packages/requests/sessions.py", line 635, in post
    return self.request("POST", url, data=data, json=json, **kwargs)
  File "/home/ognjen/Projects/tiktok-promo/env/lib/python3.10/site-packages/uiautomator2/__init__.py", line 223, in request
    self.__client._prepare_atx_agent()
  File "/home/ognjen/Projects/tiktok-promo/env/lib/python3.10/site-packages/uiautomator2/__init__.py", line 316, in _prepare_atx_agent
    raise RuntimeError("USB device %s is offline" % self._serial)
RuntimeError: USB device 100.98.41.75 is offline
2023-05-24 03:41:01,818 - __main__ - INFO - Creating gmail j7ana_6 Stojka stojkaaohi
2023-05-24 03:44:33,100 - __main__ - ERROR - Error k22_2 Tomanija tomanijaieol: USB device 100.127.28.71 is offline
Traceback (most recent call last):
  File "/home/ognjen/Projects/tiktok-promo/uploader/android2.py", line 154, in connect
    self.d = UIAutomatorDevice(self)
  File "/home/ognjen/Projects/tiktok-promo/uploader/android2.py", line 51, in __init__
    raise e
  File "/home/ognjen/Projects/tiktok-promo/uploader/android2.py", line 43, in __init__
    self.connect()
  File "/home/ognjen/Projects/tiktok-promo/uploader/android2.py", line 75, in connect
    self.d.jsonrpc.setConfigurator({"waitForIdleTimeout": 100, 'waitForSelectorTimeout': 100})
  File "/home/ognjen/Projects/tiktok-promo/env/lib/python3.10/site-packages/uiautomator2/__init__.py", line 479, in __call__
    return self.server._jsonrpc_retry_call(self.method, params,
  File "/home/ognjen/Projects/tiktok-promo/env/lib/python3.10/site-packages/uiautomator2/__init__.py", line 486, in _jsonrpc_retry_call
    return self._jsonrpc_call(*args, **kwargs)
  File "/home/ognjen/Projects/tiktok-promo/env/lib/python3.10/site-packages/uiautomator2/__init__.py", line 512, in _jsonrpc_call
    res = self.http.post("/jsonrpc/0",
  File "/home/ognjen/Projects/tiktok-promo/env/lib/python3.10/site-packages/requests/sessions.py", line 635, in post
    return self.request("POST", url, data=data, json=json, **kwargs)
  File "/home/ognjen/Projects/tiktok-promo/env/lib/python3.10/site-packages/uiautomator2/__init__.py", line 223, in request
    self.__client._prepare_atx_agent()
  File "/home/ognjen/Projects/tiktok-promo/env/lib/python3.10/site-packages/uiautomator2/__init__.py", line 316, in _prepare_atx_agent
    raise RuntimeError("USB device %s is offline" % self._serial)
RuntimeError: USB device 100.127.28.71 is offline

During handling of the above exception, another exception occurred:

Traceback (most recent call last):
  File "/home/ognjen/Projects/tiktok-promo/create_gmail.py", line 51, in main
    android_device.create_gmail(username, password, name)
  File "/home/ognjen/Projects/tiktok-promo/uploader/android2.py", line 586, in create_gmail
    self.connect()
  File "/home/ognjen/Projects/tiktok-promo/uploader/android2.py", line 157, in connect
    self.d = UIAutomatorDevice(self)
  File "/home/ognjen/Projects/tiktok-promo/uploader/android2.py", line 51, in __init__
    raise e
  File "/home/ognjen/Projects/tiktok-promo/uploader/android2.py", line 43, in __init__
    self.connect()
  File "/home/ognjen/Projects/tiktok-promo/uploader/android2.py", line 75, in connect
    self.d.jsonrpc.setConfigurator({"waitForIdleTimeout": 100, 'waitForSelectorTimeout': 100})
  File "/home/ognjen/Projects/tiktok-promo/env/lib/python3.10/site-packages/uiautomator2/__init__.py", line 479, in __call__
    return self.server._jsonrpc_retry_call(self.method, params,
  File "/home/ognjen/Projects/tiktok-promo/env/lib/python3.10/site-packages/uiautomator2/__init__.py", line 486, in _jsonrpc_retry_call
    return self._jsonrpc_call(*args, **kwargs)
  File "/home/ognjen/Projects/tiktok-promo/env/lib/python3.10/site-packages/uiautomator2/__init__.py", line 512, in _jsonrpc_call
    res = self.http.post("/jsonrpc/0",
  File "/home/ognjen/Projects/tiktok-promo/env/lib/python3.10/site-packages/requests/sessions.py", line 635, in post
    return self.request("POST", url, data=data, json=json, **kwargs)
  File "/home/ognjen/Projects/tiktok-promo/env/lib/python3.10/site-packages/uiautomator2/__init__.py", line 223, in request
    self.__client._prepare_atx_agent()
  File "/home/ognjen/Projects/tiktok-promo/env/lib/python3.10/site-packages/uiautomator2/__init__.py", line 316, in _prepare_atx_agent
    raise RuntimeError("USB device %s is offline" % self._serial)
RuntimeError: USB device 100.127.28.71 is offline
2023-05-24 03:51:01,635 - __main__ - INFO - Creating gmail k22_3 Miljojka miljojkawtdr
2023-05-24 03:53:39,559 - __main__ - ERROR - Error k22_3 Miljojka miljojkawtdr: Element (text="Skip") not found
Traceback (most recent call last):
  File "/home/ognjen/Projects/tiktok-promo/create_gmail.py", line 51, in main
    android_device.create_gmail(username, password, name)
  File "/home/ognjen/Projects/tiktok-promo/uploader/android2.py", line 671, in create_gmail
    self.click(text='Skip')
  File "/home/ognjen/Projects/tiktok-promo/uploader/android2.py", line 365, in click
    element = self.select(timeout=timeout, **kwargs)
  File "/home/ognjen/Projects/tiktok-promo/uploader/android2.py", line 337, in select
    raise Exception(f"Element {utils.params_to_string(kwargs)} not found")
Exception: Element (text="Skip") not found
2023-05-24 03:54:32,140 - __main__ - ERROR - Error j7ana_6 Stojka stojkaaohi: USB device 100.79.143.93 is offline
Traceback (most recent call last):
  File "/home/ognjen/Projects/tiktok-promo/uploader/android2.py", line 154, in connect
    self.d = UIAutomatorDevice(self)
  File "/home/ognjen/Projects/tiktok-promo/uploader/android2.py", line 51, in __init__
    raise e
  File "/home/ognjen/Projects/tiktok-promo/uploader/android2.py", line 43, in __init__
    self.connect()
  File "/home/ognjen/Projects/tiktok-promo/uploader/android2.py", line 75, in connect
    self.d.jsonrpc.setConfigurator({"waitForIdleTimeout": 100, 'waitForSelectorTimeout': 100})
  File "/home/ognjen/Projects/tiktok-promo/env/lib/python3.10/site-packages/uiautomator2/__init__.py", line 479, in __call__
    return self.server._jsonrpc_retry_call(self.method, params,
  File "/home/ognjen/Projects/tiktok-promo/env/lib/python3.10/site-packages/uiautomator2/__init__.py", line 486, in _jsonrpc_retry_call
    return self._jsonrpc_call(*args, **kwargs)
  File "/home/ognjen/Projects/tiktok-promo/env/lib/python3.10/site-packages/uiautomator2/__init__.py", line 512, in _jsonrpc_call
    res = self.http.post("/jsonrpc/0",
  File "/home/ognjen/Projects/tiktok-promo/env/lib/python3.10/site-packages/requests/sessions.py", line 635, in post
    return self.request("POST", url, data=data, json=json, **kwargs)
  File "/home/ognjen/Projects/tiktok-promo/env/lib/python3.10/site-packages/uiautomator2/__init__.py", line 223, in request
    self.__client._prepare_atx_agent()
  File "/home/ognjen/Projects/tiktok-promo/env/lib/python3.10/site-packages/uiautomator2/__init__.py", line 316, in _prepare_atx_agent
    raise RuntimeError("USB device %s is offline" % self._serial)
RuntimeError: USB device 100.79.143.93 is offline

During handling of the above exception, another exception occurred:

Traceback (most recent call last):
  File "/home/ognjen/Projects/tiktok-promo/create_gmail.py", line 51, in main
    android_device.create_gmail(username, password, name)
  File "/home/ognjen/Projects/tiktok-promo/uploader/android2.py", line 586, in create_gmail
    self.connect()
  File "/home/ognjen/Projects/tiktok-promo/uploader/android2.py", line 157, in connect
    self.d = UIAutomatorDevice(self)
  File "/home/ognjen/Projects/tiktok-promo/uploader/android2.py", line 51, in __init__
    raise e
  File "/home/ognjen/Projects/tiktok-promo/uploader/android2.py", line 43, in __init__
    self.connect()
  File "/home/ognjen/Projects/tiktok-promo/uploader/android2.py", line 75, in connect
    self.d.jsonrpc.setConfigurator({"waitForIdleTimeout": 100, 'waitForSelectorTimeout': 100})
  File "/home/ognjen/Projects/tiktok-promo/env/lib/python3.10/site-packages/uiautomator2/__init__.py", line 479, in __call__
    return self.server._jsonrpc_retry_call(self.method, params,
  File "/home/ognjen/Projects/tiktok-promo/env/lib/python3.10/site-packages/uiautomator2/__init__.py", line 486, in _jsonrpc_retry_call
    return self._jsonrpc_call(*args, **kwargs)
  File "/home/ognjen/Projects/tiktok-promo/env/lib/python3.10/site-packages/uiautomator2/__init__.py", line 512, in _jsonrpc_call
    res = self.http.post("/jsonrpc/0",
  File "/home/ognjen/Projects/tiktok-promo/env/lib/python3.10/site-packages/requests/sessions.py", line 635, in post
    return self.request("POST", url, data=data, json=json, **kwargs)
  File "/home/ognjen/Projects/tiktok-promo/env/lib/python3.10/site-packages/uiautomator2/__init__.py", line 223, in request
    self.__client._prepare_atx_agent()
  File "/home/ognjen/Projects/tiktok-promo/env/lib/python3.10/site-packages/uiautomator2/__init__.py", line 316, in _prepare_atx_agent
    raise RuntimeError("USB device %s is offline" % self._serial)
RuntimeError: USB device 100.79.143.93 is offline
2023-05-24 04:01:01,575 - __main__ - INFO - Creating gmail k22_4 Veselinka veselinkawwip
2023-05-24 04:03:11,631 - __main__ - ERROR - Error k22_4 Veselinka veselinkawwip: Element (text="Skip") not found
Traceback (most recent call last):
  File "/home/ognjen/Projects/tiktok-promo/create_gmail.py", line 51, in main
    android_device.create_gmail(username, password, name)
  File "/home/ognjen/Projects/tiktok-promo/uploader/android2.py", line 671, in create_gmail
    self.click(text='Skip')
  File "/home/ognjen/Projects/tiktok-promo/uploader/android2.py", line 365, in click
    element = self.select(timeout=timeout, **kwargs)
  File "/home/ognjen/Projects/tiktok-promo/uploader/android2.py", line 337, in select
    raise Exception(f"Element {utils.params_to_string(kwargs)} not found")
Exception: Element (text="Skip") not found
2023-05-25 02:01:02,089 - __main__ - INFO - Creating gmail j7 Stojka stojkacstf
2023-05-25 02:03:56,084 - __main__ - INFO - Successfully created gmail j7 Stojka stojkacstf@gmail.com
2023-05-25 02:11:01,430 - __main__ - INFO - Creating gmail j7_2 Marla marlajyvu
2023-05-25 02:12:18,823 - __main__ - ERROR - Error j7_2 Marla marlajyvu: Element (text="Add another account") not found
Traceback (most recent call last):
  File "/home/ognjen/Projects/tiktok-promo/create_gmail.py", line 51, in main
    android_device.create_gmail(username, password, name)
  File "/home/ognjen/Projects/tiktok-promo/uploader/android2.py", line 598, in create_gmail
    self.click(text='Add another account')
  File "/home/ognjen/Projects/tiktok-promo/uploader/android2.py", line 365, in click
    element = self.select(timeout=timeout, **kwargs)
  File "/home/ognjen/Projects/tiktok-promo/uploader/android2.py", line 337, in select
    raise Exception(f"Element {utils.params_to_string(kwargs)} not found")
Exception: Element (text="Add another account") not found
2023-05-25 02:21:02,202 - __main__ - INFO - Creating gmail k22_1 Veroljupka veroljupkavzub
2023-05-25 02:23:31,486 - __main__ - INFO - Successfully created gmail k22_1 Veroljupka veroljupkavzub@gmail.com
2023-05-25 02:31:01,864 - __main__ - INFO - Creating gmail j7_3 Dobrinka dobrinkazbbm
2023-05-25 02:32:23,492 - __main__ - ERROR - Error j7_3 Dobrinka dobrinkazbbm: Element (text="Add another account") not found
Traceback (most recent call last):
  File "/home/ognjen/Projects/tiktok-promo/create_gmail.py", line 51, in main
    android_device.create_gmail(username, password, name)
  File "/home/ognjen/Projects/tiktok-promo/uploader/android2.py", line 598, in create_gmail
    self.click(text='Add another account')
  File "/home/ognjen/Projects/tiktok-promo/uploader/android2.py", line 365, in click
    element = self.select(timeout=timeout, **kwargs)
  File "/home/ognjen/Projects/tiktok-promo/uploader/android2.py", line 337, in select
    raise Exception(f"Element {utils.params_to_string(kwargs)} not found")
Exception: Element (text="Add another account") not found
2023-05-25 03:01:01,890 - __main__ - INFO - Creating gmail j7_4 Borjanka borjankadeuz
2023-05-25 03:02:18,503 - __main__ - ERROR - Error j7_4 Borjanka borjankadeuz: Element (text="Add another account") not found
Traceback (most recent call last):
  File "/home/ognjen/Projects/tiktok-promo/create_gmail.py", line 51, in main
    android_device.create_gmail(username, password, name)
  File "/home/ognjen/Projects/tiktok-promo/uploader/android2.py", line 598, in create_gmail
    self.click(text='Add another account')
  File "/home/ognjen/Projects/tiktok-promo/uploader/android2.py", line 365, in click
    element = self.select(timeout=timeout, **kwargs)
  File "/home/ognjen/Projects/tiktok-promo/uploader/android2.py", line 337, in select
    raise Exception(f"Element {utils.params_to_string(kwargs)} not found")
Exception: Element (text="Add another account") not found
2023-05-25 03:11:01,846 - __main__ - INFO - Creating gmail redminote Velinka velinkaxlbc
2023-05-25 03:13:04,403 - __main__ - ERROR - Error redminote Velinka velinkaxlbc: Element (text="Skip") not found
Traceback (most recent call last):
  File "/home/ognjen/Projects/tiktok-promo/create_gmail.py", line 51, in main
    android_device.create_gmail(username, password, name)
  File "/home/ognjen/Projects/tiktok-promo/uploader/android2.py", line 671, in create_gmail
    self.click(text='Skip')
  File "/home/ognjen/Projects/tiktok-promo/uploader/android2.py", line 365, in click
    element = self.select(timeout=timeout, **kwargs)
  File "/home/ognjen/Projects/tiktok-promo/uploader/android2.py", line 337, in select
    raise Exception(f"Element {utils.params_to_string(kwargs)} not found")
Exception: Element (text="Skip") not found
2023-05-25 03:21:01,740 - __main__ - INFO - Creating gmail j7_5 Svetislava svetislavafihb
2023-05-25 03:23:51,356 - __main__ - INFO - Successfully created gmail j7_5 Svetislava svetislavafihb@gmail.com
2023-05-25 03:31:01,699 - __main__ - INFO - Creating gmail k22_2 Larisa larisatsxt
2023-05-25 03:41:01,709 - __main__ - INFO - Creating gmail j7ana_6 Despina despinavhko
2023-05-25 03:43:49,217 - __main__ - INFO - Successfully created gmail j7ana_6 Despina despinavhko@gmail.com
2023-05-25 03:44:31,385 - __main__ - ERROR - Error k22_2 Larisa larisatsxt: USB device 100.127.28.71 is offline
Traceback (most recent call last):
  File "/home/ognjen/Projects/tiktok-promo/uploader/android2.py", line 154, in connect
    self.d = UIAutomatorDevice(self)
  File "/home/ognjen/Projects/tiktok-promo/uploader/android2.py", line 51, in __init__
    raise e
  File "/home/ognjen/Projects/tiktok-promo/uploader/android2.py", line 43, in __init__
    self.connect()
  File "/home/ognjen/Projects/tiktok-promo/uploader/android2.py", line 75, in connect
    self.d.jsonrpc.setConfigurator({"waitForIdleTimeout": 100, 'waitForSelectorTimeout': 100})
  File "/home/ognjen/Projects/tiktok-promo/env/lib/python3.10/site-packages/uiautomator2/__init__.py", line 479, in __call__
    return self.server._jsonrpc_retry_call(self.method, params,
  File "/home/ognjen/Projects/tiktok-promo/env/lib/python3.10/site-packages/uiautomator2/__init__.py", line 486, in _jsonrpc_retry_call
    return self._jsonrpc_call(*args, **kwargs)
  File "/home/ognjen/Projects/tiktok-promo/env/lib/python3.10/site-packages/uiautomator2/__init__.py", line 512, in _jsonrpc_call
    res = self.http.post("/jsonrpc/0",
  File "/home/ognjen/Projects/tiktok-promo/env/lib/python3.10/site-packages/requests/sessions.py", line 635, in post
    return self.request("POST", url, data=data, json=json, **kwargs)
  File "/home/ognjen/Projects/tiktok-promo/env/lib/python3.10/site-packages/uiautomator2/__init__.py", line 223, in request
    self.__client._prepare_atx_agent()
  File "/home/ognjen/Projects/tiktok-promo/env/lib/python3.10/site-packages/uiautomator2/__init__.py", line 316, in _prepare_atx_agent
    raise RuntimeError("USB device %s is offline" % self._serial)
RuntimeError: USB device 100.127.28.71 is offline

During handling of the above exception, another exception occurred:

Traceback (most recent call last):
  File "/home/ognjen/Projects/tiktok-promo/create_gmail.py", line 51, in main
    android_device.create_gmail(username, password, name)
  File "/home/ognjen/Projects/tiktok-promo/uploader/android2.py", line 586, in create_gmail
    self.connect()
  File "/home/ognjen/Projects/tiktok-promo/uploader/android2.py", line 157, in connect
    self.d = UIAutomatorDevice(self)
  File "/home/ognjen/Projects/tiktok-promo/uploader/android2.py", line 51, in __init__
    raise e
  File "/home/ognjen/Projects/tiktok-promo/uploader/android2.py", line 43, in __init__
    self.connect()
  File "/home/ognjen/Projects/tiktok-promo/uploader/android2.py", line 75, in connect
    self.d.jsonrpc.setConfigurator({"waitForIdleTimeout": 100, 'waitForSelectorTimeout': 100})
  File "/home/ognjen/Projects/tiktok-promo/env/lib/python3.10/site-packages/uiautomator2/__init__.py", line 479, in __call__
    return self.server._jsonrpc_retry_call(self.method, params,
  File "/home/ognjen/Projects/tiktok-promo/env/lib/python3.10/site-packages/uiautomator2/__init__.py", line 486, in _jsonrpc_retry_call
    return self._jsonrpc_call(*args, **kwargs)
  File "/home/ognjen/Projects/tiktok-promo/env/lib/python3.10/site-packages/uiautomator2/__init__.py", line 512, in _jsonrpc_call
    res = self.http.post("/jsonrpc/0",
  File "/home/ognjen/Projects/tiktok-promo/env/lib/python3.10/site-packages/requests/sessions.py", line 635, in post
    return self.request("POST", url, data=data, json=json, **kwargs)
  File "/home/ognjen/Projects/tiktok-promo/env/lib/python3.10/site-packages/uiautomator2/__init__.py", line 223, in request
    self.__client._prepare_atx_agent()
  File "/home/ognjen/Projects/tiktok-promo/env/lib/python3.10/site-packages/uiautomator2/__init__.py", line 316, in _prepare_atx_agent
    raise RuntimeError("USB device %s is offline" % self._serial)
RuntimeError: USB device 100.127.28.71 is offline
2023-05-25 03:51:01,746 - __main__ - INFO - Creating gmail k22_3 Ava avankac
2023-05-25 03:53:15,016 - __main__ - ERROR - Error k22_3 Ava avankac: Element (text="Skip") not found
Traceback (most recent call last):
  File "/home/ognjen/Projects/tiktok-promo/create_gmail.py", line 51, in main
    android_device.create_gmail(username, password, name)
  File "/home/ognjen/Projects/tiktok-promo/uploader/android2.py", line 671, in create_gmail
    self.click(text='Skip')
  File "/home/ognjen/Projects/tiktok-promo/uploader/android2.py", line 365, in click
    element = self.select(timeout=timeout, **kwargs)
  File "/home/ognjen/Projects/tiktok-promo/uploader/android2.py", line 337, in select
    raise Exception(f"Element {utils.params_to_string(kwargs)} not found")
Exception: Element (text="Skip") not found
2023-05-25 04:01:01,359 - __main__ - INFO - Creating gmail k22_4 Stefanija stefanijaxgrc
2023-05-25 04:03:14,821 - __main__ - INFO - Successfully created gmail k22_4 Stefanija stefanijaxgrc@gmail.com
2023-05-25 21:11:01,898 - __main__ - INFO - Creating gmail k22djoka_8 Simonida simonidadmki
2023-05-25 21:12:36,558 - __main__ - ERROR - Error k22djoka_8 Simonida simonidadmki: Element (text="Add an email address") not found
Traceback (most recent call last):
  File "/home/ognjen/Projects/tiktok-promo/create_gmail.py", line 51, in main
    android_device.create_gmail(username, password, name)
  File "/home/ognjen/Projects/tiktok-promo/uploader/android2.py", line 640, in create_gmail
    self.click(text='Add an email address')
  File "/home/ognjen/Projects/tiktok-promo/uploader/android2.py", line 401, in click
    element = self.select(timeout=timeout, **kwargs)
  File "/home/ognjen/Projects/tiktok-promo/uploader/android2.py", line 373, in select
    raise Exception(f"Element {utils.params_to_string(kwargs)} not found")
Exception: Element (text="Add an email address") not found
2023-05-25 21:21:02,755 - __main__ - INFO - Creating gmail k22djoka_9 Milenija milenijaewjr
2023-05-25 21:21:24,800 - __main__ - ERROR - Error k22djoka_9 Milenija milenijaewjr: USB device 100.79.231.113 is offline
Traceback (most recent call last):
  File "/home/ognjen/Projects/tiktok-promo/uploader/android2.py", line 154, in connect
    self.d = UIAutomatorDevice(self)
  File "/home/ognjen/Projects/tiktok-promo/uploader/android2.py", line 51, in __init__
    raise e
  File "/home/ognjen/Projects/tiktok-promo/uploader/android2.py", line 43, in __init__
    self.connect()
  File "/home/ognjen/Projects/tiktok-promo/uploader/android2.py", line 75, in connect
    self.d.jsonrpc.setConfigurator({"waitForIdleTimeout": 100, 'waitForSelectorTimeout': 100})
  File "/home/ognjen/Projects/tiktok-promo/env/lib/python3.10/site-packages/uiautomator2/__init__.py", line 479, in __call__
    return self.server._jsonrpc_retry_call(self.method, params,
  File "/home/ognjen/Projects/tiktok-promo/env/lib/python3.10/site-packages/uiautomator2/__init__.py", line 486, in _jsonrpc_retry_call
    return self._jsonrpc_call(*args, **kwargs)
  File "/home/ognjen/Projects/tiktok-promo/env/lib/python3.10/site-packages/uiautomator2/__init__.py", line 512, in _jsonrpc_call
    res = self.http.post("/jsonrpc/0",
  File "/home/ognjen/Projects/tiktok-promo/env/lib/python3.10/site-packages/requests/sessions.py", line 635, in post
    return self.request("POST", url, data=data, json=json, **kwargs)
  File "/home/ognjen/Projects/tiktok-promo/env/lib/python3.10/site-packages/uiautomator2/__init__.py", line 223, in request
    self.__client._prepare_atx_agent()
  File "/home/ognjen/Projects/tiktok-promo/env/lib/python3.10/site-packages/uiautomator2/__init__.py", line 316, in _prepare_atx_agent
    raise RuntimeError("USB device %s is offline" % self._serial)
RuntimeError: USB device 100.79.231.113 is offline

During handling of the above exception, another exception occurred:

Traceback (most recent call last):
  File "/home/ognjen/Projects/tiktok-promo/create_gmail.py", line 51, in main
    android_device.create_gmail(username, password, name)
  File "/home/ognjen/Projects/tiktok-promo/uploader/android2.py", line 622, in create_gmail
    self.connect()
  File "/home/ognjen/Projects/tiktok-promo/uploader/android2.py", line 157, in connect
    self.d = UIAutomatorDevice(self)
  File "/home/ognjen/Projects/tiktok-promo/uploader/android2.py", line 51, in __init__
    raise e
  File "/home/ognjen/Projects/tiktok-promo/uploader/android2.py", line 43, in __init__
    self.connect()
  File "/home/ognjen/Projects/tiktok-promo/uploader/android2.py", line 75, in connect
    self.d.jsonrpc.setConfigurator({"waitForIdleTimeout": 100, 'waitForSelectorTimeout': 100})
  File "/home/ognjen/Projects/tiktok-promo/env/lib/python3.10/site-packages/uiautomator2/__init__.py", line 479, in __call__
    return self.server._jsonrpc_retry_call(self.method, params,
  File "/home/ognjen/Projects/tiktok-promo/env/lib/python3.10/site-packages/uiautomator2/__init__.py", line 486, in _jsonrpc_retry_call
    return self._jsonrpc_call(*args, **kwargs)
  File "/home/ognjen/Projects/tiktok-promo/env/lib/python3.10/site-packages/uiautomator2/__init__.py", line 512, in _jsonrpc_call
    res = self.http.post("/jsonrpc/0",
  File "/home/ognjen/Projects/tiktok-promo/env/lib/python3.10/site-packages/requests/sessions.py", line 635, in post
    return self.request("POST", url, data=data, json=json, **kwargs)
  File "/home/ognjen/Projects/tiktok-promo/env/lib/python3.10/site-packages/uiautomator2/__init__.py", line 223, in request
    self.__client._prepare_atx_agent()
  File "/home/ognjen/Projects/tiktok-promo/env/lib/python3.10/site-packages/uiautomator2/__init__.py", line 316, in _prepare_atx_agent
    raise RuntimeError("USB device %s is offline" % self._serial)
RuntimeError: USB device 100.79.231.113 is offline
2023-05-25 21:31:02,156 - __main__ - INFO - Creating gmail k22djoka_10 Zdravka zdravkaufbe
2023-05-25 21:34:11,352 - __main__ - INFO - Successfully created gmail k22djoka_10 Zdravka zdravkaufbe@gmail.com
2023-05-25 21:41:03,104 - __main__ - INFO - Creating gmail k22djoka_11 Damljanka damljankaaytr
2023-05-25 21:44:07,290 - __main__ - INFO - Successfully created gmail k22djoka_11 Damljanka damljankaaytr@gmail.com
2023-05-26 02:01:02,156 - __main__ - INFO - Creating gmail j7 Agnica agnicawmmf
2023-05-26 02:11:02,031 - __main__ - INFO - Creating gmail j7_2 Ratka ratkahebs
2023-05-26 02:14:26,367 - __main__ - ERROR - Error j7 Agnica agnicawmmf: USB device 100.99.18.17 is offline
Traceback (most recent call last):
  File "/home/ognjen/Projects/tiktok-promo/uploader/android2.py", line 154, in connect
    self.d = UIAutomatorDevice(self)
  File "/home/ognjen/Projects/tiktok-promo/uploader/android2.py", line 51, in __init__
    raise e
  File "/home/ognjen/Projects/tiktok-promo/uploader/android2.py", line 43, in __init__
    self.connect()
  File "/home/ognjen/Projects/tiktok-promo/uploader/android2.py", line 61, in connect
    raise Exception(f"Failed to connect to device {self.android_device.name} {self.android_device.id} with output {cmd.stdout}")
Exception: Failed to connect to device j7 100.99.18.17 with output None

During handling of the above exception, another exception occurred:

Traceback (most recent call last):
  File "/home/ognjen/Projects/tiktok-promo/create_gmail.py", line 51, in main
    android_device.create_gmail(username, password, name)
  File "/home/ognjen/Projects/tiktok-promo/uploader/android2.py", line 622, in create_gmail
    self.connect()
  File "/home/ognjen/Projects/tiktok-promo/uploader/android2.py", line 157, in connect
    self.d = UIAutomatorDevice(self)
  File "/home/ognjen/Projects/tiktok-promo/uploader/android2.py", line 51, in __init__
    raise e
  File "/home/ognjen/Projects/tiktok-promo/uploader/android2.py", line 43, in __init__
    self.connect()
  File "/home/ognjen/Projects/tiktok-promo/uploader/android2.py", line 75, in connect
    self.d.jsonrpc.setConfigurator({"waitForIdleTimeout": 100, 'waitForSelectorTimeout': 100})
  File "/home/ognjen/Projects/tiktok-promo/env/lib/python3.10/site-packages/uiautomator2/__init__.py", line 479, in __call__
    return self.server._jsonrpc_retry_call(self.method, params,
  File "/home/ognjen/Projects/tiktok-promo/env/lib/python3.10/site-packages/uiautomator2/__init__.py", line 486, in _jsonrpc_retry_call
    return self._jsonrpc_call(*args, **kwargs)
  File "/home/ognjen/Projects/tiktok-promo/env/lib/python3.10/site-packages/uiautomator2/__init__.py", line 512, in _jsonrpc_call
    res = self.http.post("/jsonrpc/0",
  File "/home/ognjen/Projects/tiktok-promo/env/lib/python3.10/site-packages/requests/sessions.py", line 635, in post
    return self.request("POST", url, data=data, json=json, **kwargs)
  File "/home/ognjen/Projects/tiktok-promo/env/lib/python3.10/site-packages/uiautomator2/__init__.py", line 223, in request
    self.__client._prepare_atx_agent()
  File "/home/ognjen/Projects/tiktok-promo/env/lib/python3.10/site-packages/uiautomator2/__init__.py", line 316, in _prepare_atx_agent
    raise RuntimeError("USB device %s is offline" % self._serial)
RuntimeError: USB device 100.99.18.17 is offline
2023-05-26 02:21:02,332 - __main__ - INFO - Creating gmail k22_1 Bernarda bernardaurpr
2023-05-26 02:22:48,044 - __main__ - ERROR - Error j7_2 Ratka ratkahebs: Failed to connect to device j7_2 100.77.209.31 with output None
Traceback (most recent call last):
  File "/home/ognjen/Projects/tiktok-promo/uploader/android2.py", line 154, in connect
    self.d = UIAutomatorDevice(self)
  File "/home/ognjen/Projects/tiktok-promo/uploader/android2.py", line 51, in __init__
    raise e
  File "/home/ognjen/Projects/tiktok-promo/uploader/android2.py", line 43, in __init__
    self.connect()
  File "/home/ognjen/Projects/tiktok-promo/uploader/android2.py", line 75, in connect
    self.d.jsonrpc.setConfigurator({"waitForIdleTimeout": 100, 'waitForSelectorTimeout': 100})
  File "/home/ognjen/Projects/tiktok-promo/env/lib/python3.10/site-packages/uiautomator2/__init__.py", line 479, in __call__
    return self.server._jsonrpc_retry_call(self.method, params,
  File "/home/ognjen/Projects/tiktok-promo/env/lib/python3.10/site-packages/uiautomator2/__init__.py", line 486, in _jsonrpc_retry_call
    return self._jsonrpc_call(*args, **kwargs)
  File "/home/ognjen/Projects/tiktok-promo/env/lib/python3.10/site-packages/uiautomator2/__init__.py", line 512, in _jsonrpc_call
    res = self.http.post("/jsonrpc/0",
  File "/home/ognjen/Projects/tiktok-promo/env/lib/python3.10/site-packages/requests/sessions.py", line 635, in post
    return self.request("POST", url, data=data, json=json, **kwargs)
  File "/home/ognjen/Projects/tiktok-promo/env/lib/python3.10/site-packages/uiautomator2/__init__.py", line 223, in request
    self.__client._prepare_atx_agent()
  File "/home/ognjen/Projects/tiktok-promo/env/lib/python3.10/site-packages/uiautomator2/__init__.py", line 316, in _prepare_atx_agent
    raise RuntimeError("USB device %s is offline" % self._serial)
RuntimeError: USB device 100.77.209.31 is offline

During handling of the above exception, another exception occurred:

Traceback (most recent call last):
  File "/home/ognjen/Projects/tiktok-promo/create_gmail.py", line 51, in main
    android_device.create_gmail(username, password, name)
  File "/home/ognjen/Projects/tiktok-promo/uploader/android2.py", line 622, in create_gmail
    self.connect()
  File "/home/ognjen/Projects/tiktok-promo/uploader/android2.py", line 157, in connect
    self.d = UIAutomatorDevice(self)
  File "/home/ognjen/Projects/tiktok-promo/uploader/android2.py", line 51, in __init__
    raise e
  File "/home/ognjen/Projects/tiktok-promo/uploader/android2.py", line 43, in __init__
    self.connect()
  File "/home/ognjen/Projects/tiktok-promo/uploader/android2.py", line 61, in connect
    raise Exception(f"Failed to connect to device {self.android_device.name} {self.android_device.id} with output {cmd.stdout}")
Exception: Failed to connect to device j7_2 100.77.209.31 with output None
2023-05-26 02:23:39,985 - __main__ - INFO - Successfully created gmail k22_1 Bernarda bernardaurpr@gmail.com
2023-05-26 02:31:02,018 - __main__ - INFO - Creating gmail j7_3 Lada ladafker
2023-05-26 02:32:28,578 - __main__ - ERROR - Error j7_3 Lada ladafker: Element (text="Add another account") not found
Traceback (most recent call last):
  File "/home/ognjen/Projects/tiktok-promo/create_gmail.py", line 51, in main
    android_device.create_gmail(username, password, name)
  File "/home/ognjen/Projects/tiktok-promo/uploader/android2.py", line 634, in create_gmail
    self.click(text='Add another account')
  File "/home/ognjen/Projects/tiktok-promo/uploader/android2.py", line 401, in click
    element = self.select(timeout=timeout, **kwargs)
  File "/home/ognjen/Projects/tiktok-promo/uploader/android2.py", line 373, in select
    raise Exception(f"Element {utils.params_to_string(kwargs)} not found")
Exception: Element (text="Add another account") not found
2023-05-26 03:01:02,702 - __main__ - INFO - Creating gmail j7_4 Margita margitaawxq
2023-05-26 03:02:33,187 - __main__ - ERROR - Error j7_4 Margita margitaawxq: Element (text="Add another account") not found
Traceback (most recent call last):
  File "/home/ognjen/Projects/tiktok-promo/uploader/android2.py", line 350, in select
    if time.time() > try_recovery and self.recover():
  File "/home/ognjen/Projects/tiktok-promo/uploader/android2.py", line 323, in recover
    raise e
  File "/home/ognjen/Projects/tiktok-promo/uploader/android2.py", line 276, in recover
    if self.d(text=popup_text).exists():
  File "/home/ognjen/Projects/tiktok-promo/env/lib/python3.10/site-packages/uiautomator2/utils.py", line 115, in __call__
    return bool(self)
  File "/home/ognjen/Projects/tiktok-promo/env/lib/python3.10/site-packages/uiautomator2/utils.py", line 105, in __bool__
    return self.__nonzero__()
  File "/home/ognjen/Projects/tiktok-promo/env/lib/python3.10/site-packages/uiautomator2/utils.py", line 101, in __nonzero__
    return self.uiobject.jsonrpc.exist(self.uiobject.selector)
  File "/home/ognjen/Projects/tiktok-promo/env/lib/python3.10/site-packages/uiautomator2/__init__.py", line 479, in __call__
    return self.server._jsonrpc_retry_call(self.method, params,
  File "/home/ognjen/Projects/tiktok-promo/env/lib/python3.10/site-packages/uiautomator2/__init__.py", line 486, in _jsonrpc_retry_call
    return self._jsonrpc_call(*args, **kwargs)
  File "/home/ognjen/Projects/tiktok-promo/env/lib/python3.10/site-packages/uiautomator2/__init__.py", line 512, in _jsonrpc_call
    res = self.http.post("/jsonrpc/0",
  File "/home/ognjen/Projects/tiktok-promo/env/lib/python3.10/site-packages/requests/sessions.py", line 635, in post
    return self.request("POST", url, data=data, json=json, **kwargs)
  File "/home/ognjen/Projects/tiktok-promo/env/lib/python3.10/site-packages/uiautomator2/__init__.py", line 223, in request
    self.__client._prepare_atx_agent()
  File "/home/ognjen/Projects/tiktok-promo/env/lib/python3.10/site-packages/uiautomator2/__init__.py", line 314, in _prepare_atx_agent
    _d = self._wait_for_device()
  File "/home/ognjen/Projects/tiktok-promo/env/lib/python3.10/site-packages/uiautomator2/__init__.py", line 367, in _wait_for_device
    adb.wait_for(self._serial, timeout=1)
  File "/home/ognjen/Projects/tiktok-promo/env/lib/python3.10/site-packages/adbutils/_adb.py", line 218, in wait_for
    c.check_okay()
  File "/home/ognjen/Projects/tiktok-promo/env/lib/python3.10/site-packages/adbutils/_adb.py", line 137, in check_okay
    raise AdbError("Unknown data: %r" % data)
adbutils.errors.AdbError: Unknown data: ''

During handling of the above exception, another exception occurred:

Traceback (most recent call last):
  File "/home/ognjen/Projects/tiktok-promo/create_gmail.py", line 51, in main
    android_device.create_gmail(username, password, name)
  File "/home/ognjen/Projects/tiktok-promo/uploader/android2.py", line 634, in create_gmail
    self.click(text='Add another account')
  File "/home/ognjen/Projects/tiktok-promo/uploader/android2.py", line 401, in click
    element = self.select(timeout=timeout, **kwargs)
  File "/home/ognjen/Projects/tiktok-promo/uploader/android2.py", line 368, in select
    return self.select(timeout=timeout, retry=retry-1, **kwargs)
  File "/home/ognjen/Projects/tiktok-promo/uploader/android2.py", line 373, in select
    raise Exception(f"Element {utils.params_to_string(kwargs)} not found")
Exception: Element (text="Add another account") not found
2023-05-26 03:11:02,294 - __main__ - INFO - Creating gmail redminote Zorinka zorinkaeqvm
2023-05-26 03:13:07,607 - __main__ - INFO - Successfully created gmail redminote Zorinka zorinkaeqvm@gmail.com
2023-05-26 03:21:03,264 - __main__ - INFO - Creating gmail j7_5 Roksanda roksandavxvo
2023-05-26 03:22:33,144 - __main__ - ERROR - Error j7_5 Roksanda roksandavxvo: Element (text="Add another account") not found
Traceback (most recent call last):
  File "/home/ognjen/Projects/tiktok-promo/create_gmail.py", line 51, in main
    android_device.create_gmail(username, password, name)
  File "/home/ognjen/Projects/tiktok-promo/uploader/android2.py", line 634, in create_gmail
    self.click(text='Add another account')
  File "/home/ognjen/Projects/tiktok-promo/uploader/android2.py", line 401, in click
    element = self.select(timeout=timeout, **kwargs)
  File "/home/ognjen/Projects/tiktok-promo/uploader/android2.py", line 373, in select
    raise Exception(f"Element {utils.params_to_string(kwargs)} not found")
Exception: Element (text="Add another account") not found
2023-05-26 03:31:02,290 - __main__ - INFO - Creating gmail k22_2 Stevka stevkaktki
2023-05-26 03:33:36,596 - __main__ - INFO - Successfully created gmail k22_2 Stevka stevkaktki@gmail.com
2023-05-26 03:41:02,485 - __main__ - INFO - Creating gmail j7ana_6 Dusana dusanapcxi
2023-05-26 03:44:08,165 - __main__ - INFO - Successfully created gmail j7ana_6 Dusana dusanapcxi@gmail.com
2023-05-26 03:51:01,765 - __main__ - INFO - Creating gmail k22_3 Kleopatra kleopatrajbpt
2023-05-26 03:52:41,879 - __main__ - ERROR - Error k22_3 Kleopatra kleopatrajbpt: 
Traceback (most recent call last):
  File "/home/ognjen/Projects/tiktok-promo/env/lib/python3.10/site-packages/urllib3/connectionpool.py", line 703, in urlopen
    httplib_response = self._make_request(
  File "/home/ognjen/Projects/tiktok-promo/env/lib/python3.10/site-packages/urllib3/connectionpool.py", line 449, in _make_request
    six.raise_from(e, None)
  File "<string>", line 3, in raise_from
  File "/home/ognjen/Projects/tiktok-promo/env/lib/python3.10/site-packages/urllib3/connectionpool.py", line 444, in _make_request
    httplib_response = conn.getresponse()
  File "/usr/lib/python3.10/http/client.py", line 1374, in getresponse
    response.begin()
  File "/usr/lib/python3.10/http/client.py", line 318, in begin
    version, status, reason = self._read_status()
  File "/usr/lib/python3.10/http/client.py", line 287, in _read_status
    raise RemoteDisconnected("Remote end closed connection without"
http.client.RemoteDisconnected: Remote end closed connection without response

During handling of the above exception, another exception occurred:

Traceback (most recent call last):
  File "/home/ognjen/Projects/tiktok-promo/env/lib/python3.10/site-packages/requests/adapters.py", line 489, in send
    resp = conn.urlopen(
  File "/home/ognjen/Projects/tiktok-promo/env/lib/python3.10/site-packages/urllib3/connectionpool.py", line 787, in urlopen
    retries = retries.increment(
  File "/home/ognjen/Projects/tiktok-promo/env/lib/python3.10/site-packages/urllib3/util/retry.py", line 550, in increment
    raise six.reraise(type(error), error, _stacktrace)
  File "/home/ognjen/Projects/tiktok-promo/env/lib/python3.10/site-packages/urllib3/packages/six.py", line 769, in reraise
    raise value.with_traceback(tb)
  File "/home/ognjen/Projects/tiktok-promo/env/lib/python3.10/site-packages/urllib3/connectionpool.py", line 703, in urlopen
    httplib_response = self._make_request(
  File "/home/ognjen/Projects/tiktok-promo/env/lib/python3.10/site-packages/urllib3/connectionpool.py", line 449, in _make_request
    six.raise_from(e, None)
  File "<string>", line 3, in raise_from
  File "/home/ognjen/Projects/tiktok-promo/env/lib/python3.10/site-packages/urllib3/connectionpool.py", line 444, in _make_request
    httplib_response = conn.getresponse()
  File "/usr/lib/python3.10/http/client.py", line 1374, in getresponse
    response.begin()
  File "/usr/lib/python3.10/http/client.py", line 318, in begin
    version, status, reason = self._read_status()
  File "/usr/lib/python3.10/http/client.py", line 287, in _read_status
    raise RemoteDisconnected("Remote end closed connection without"
urllib3.exceptions.ProtocolError: ('Connection aborted.', RemoteDisconnected('Remote end closed connection without response'))

During handling of the above exception, another exception occurred:

Traceback (most recent call last):
  File "/home/ognjen/Projects/tiktok-promo/env/lib/python3.10/site-packages/uiautomator2/__init__.py", line 203, in request
    return super().request(method, url, **kwargs)
  File "/home/ognjen/Projects/tiktok-promo/env/lib/python3.10/site-packages/uiautomator2/__init__.py", line 119, in request
    resp = super(TimeoutRequestsSession,
  File "/home/ognjen/Projects/tiktok-promo/env/lib/python3.10/site-packages/requests/sessions.py", line 587, in request
    resp = self.send(prep, **send_kwargs)
  File "/home/ognjen/Projects/tiktok-promo/env/lib/python3.10/site-packages/requests/sessions.py", line 701, in send
    r = adapter.send(request, **kwargs)
  File "/home/ognjen/Projects/tiktok-promo/env/lib/python3.10/site-packages/requests/adapters.py", line 547, in send
    raise ConnectionError(err, request=request)
requests.exceptions.ConnectionError: ('Connection aborted.', RemoteDisconnected('Remote end closed connection without response'))

During handling of the above exception, another exception occurred:

Traceback (most recent call last):
  File "/home/ognjen/Projects/tiktok-promo/uploader/android2.py", line 354, in select
    if element.exists():
  File "/home/ognjen/Projects/tiktok-promo/env/lib/python3.10/site-packages/uiautomator2/utils.py", line 115, in __call__
    return bool(self)
  File "/home/ognjen/Projects/tiktok-promo/env/lib/python3.10/site-packages/uiautomator2/utils.py", line 105, in __bool__
    return self.__nonzero__()
  File "/home/ognjen/Projects/tiktok-promo/env/lib/python3.10/site-packages/uiautomator2/utils.py", line 101, in __nonzero__
    return self.uiobject.jsonrpc.exist(self.uiobject.selector)
  File "/home/ognjen/Projects/tiktok-promo/env/lib/python3.10/site-packages/uiautomator2/__init__.py", line 479, in __call__
    return self.server._jsonrpc_retry_call(self.method, params,
  File "/home/ognjen/Projects/tiktok-promo/env/lib/python3.10/site-packages/uiautomator2/__init__.py", line 486, in _jsonrpc_retry_call
    return self._jsonrpc_call(*args, **kwargs)
  File "/home/ognjen/Projects/tiktok-promo/env/lib/python3.10/site-packages/uiautomator2/__init__.py", line 512, in _jsonrpc_call
    res = self.http.post("/jsonrpc/0",
  File "/home/ognjen/Projects/tiktok-promo/env/lib/python3.10/site-packages/requests/sessions.py", line 635, in post
    return self.request("POST", url, data=data, json=json, **kwargs)
  File "/home/ognjen/Projects/tiktok-promo/env/lib/python3.10/site-packages/uiautomator2/__init__.py", line 210, in request
    self.__client._is_agent_alive():
  File "/home/ognjen/Projects/tiktok-promo/env/lib/python3.10/site-packages/uiautomator2/__init__.py", line 585, in _is_agent_alive
    return bool(self._get_agent_version())
  File "/home/ognjen/Projects/tiktok-promo/env/lib/python3.10/site-packages/uiautomator2/__init__.py", line 569, in _get_agent_version
    url = self.path2url("/version")
  File "/home/ognjen/Projects/tiktok-promo/env/lib/python3.10/site-packages/uiautomator2/__init__.py", line 301, in path2url
    return urlparse.urljoin(self._get_atx_agent_url(), path)
  File "/home/ognjen/Projects/tiktok-promo/env/lib/python3.10/site-packages/uiautomator2/__init__.py", line 282, in _get_atx_agent_url
    lport = self._adb_device.forward_port(
  File "/home/ognjen/Projects/tiktok-promo/env/lib/python3.10/site-packages/adbutils/_device.py", line 249, in forward_port
    self.forward("tcp:" + str(local_port), remote)
  File "/home/ognjen/Projects/tiktok-promo/env/lib/python3.10/site-packages/adbutils/_device.py", line 239, in forward
    self.open_transport(":".join(args))
  File "/home/ognjen/Projects/tiktok-promo/env/lib/python3.10/site-packages/adbutils/_device.py", line 90, in open_transport
    c.check_okay()
  File "/home/ognjen/Projects/tiktok-promo/env/lib/python3.10/site-packages/adbutils/_adb.py", line 134, in check_okay
    raise AdbError(self.read_string_block())
adbutils.errors.AdbError

During handling of the above exception, another exception occurred:

Traceback (most recent call last):
  File "/home/ognjen/Projects/tiktok-promo/create_gmail.py", line 51, in main
    android_device.create_gmail(username, password, name)
  File "/home/ognjen/Projects/tiktok-promo/uploader/android2.py", line 640, in create_gmail
    self.click(text='Add an email address')
  File "/home/ognjen/Projects/tiktok-promo/uploader/android2.py", line 427, in click
    return self.click(message=message, idx=idx, timeout=timeout, retry=retry-1, **kwargs)
  File "/home/ognjen/Projects/tiktok-promo/uploader/android2.py", line 430, in click
    raise e
  File "/home/ognjen/Projects/tiktok-promo/uploader/android2.py", line 401, in click
    element = self.select(timeout=timeout, **kwargs)
  File "/home/ognjen/Projects/tiktok-promo/uploader/android2.py", line 365, in select
    self.d.connect()
  File "/home/ognjen/Projects/tiktok-promo/uploader/android2.py", line 76, in connect
    self.d.healthcheck()
  File "/home/ognjen/Projects/tiktok-promo/env/lib/python3.10/site-packages/deprecated/classic.py", line 285, in wrapper_function
    return wrapped_(*args_, **kwargs_)
  File "/home/ognjen/Projects/tiktok-promo/env/lib/python3.10/site-packages/uiautomator2/__init__.py", line 1630, in healthcheck
    self.reset_uiautomator("healthcheck")
  File "/home/ognjen/Projects/tiktok-promo/env/lib/python3.10/site-packages/uiautomator2/__init__.py", line 635, in reset_uiautomator
    if self._is_agent_outdated():
  File "/home/ognjen/Projects/tiktok-promo/env/lib/python3.10/site-packages/uiautomator2/__init__.py", line 579, in _is_agent_outdated
    version = self._get_agent_version()
  File "/home/ognjen/Projects/tiktok-promo/env/lib/python3.10/site-packages/uiautomator2/__init__.py", line 569, in _get_agent_version
    url = self.path2url("/version")
  File "/home/ognjen/Projects/tiktok-promo/env/lib/python3.10/site-packages/uiautomator2/__init__.py", line 301, in path2url
    return urlparse.urljoin(self._get_atx_agent_url(), path)
  File "/home/ognjen/Projects/tiktok-promo/env/lib/python3.10/site-packages/uiautomator2/__init__.py", line 282, in _get_atx_agent_url
    lport = self._adb_device.forward_port(
  File "/home/ognjen/Projects/tiktok-promo/env/lib/python3.10/site-packages/adbutils/_device.py", line 249, in forward_port
    self.forward("tcp:" + str(local_port), remote)
  File "/home/ognjen/Projects/tiktok-promo/env/lib/python3.10/site-packages/adbutils/_device.py", line 239, in forward
    self.open_transport(":".join(args))
  File "/home/ognjen/Projects/tiktok-promo/env/lib/python3.10/site-packages/adbutils/_device.py", line 90, in open_transport
    c.check_okay()
  File "/home/ognjen/Projects/tiktok-promo/env/lib/python3.10/site-packages/adbutils/_adb.py", line 134, in check_okay
    raise AdbError(self.read_string_block())
adbutils.errors.AdbError
2023-05-26 04:01:01,914 - __main__ - INFO - Creating gmail k22_4 Gora goraspaj
2023-05-26 04:03:15,891 - __main__ - ERROR - Error k22_4 Gora goraspaj: Element (text="Skip") not found
Traceback (most recent call last):
  File "/home/ognjen/Projects/tiktok-promo/create_gmail.py", line 51, in main
    android_device.create_gmail(username, password, name)
  File "/home/ognjen/Projects/tiktok-promo/uploader/android2.py", line 707, in create_gmail
    self.click(text='Skip')
  File "/home/ognjen/Projects/tiktok-promo/uploader/android2.py", line 401, in click
    element = self.select(timeout=timeout, **kwargs)
  File "/home/ognjen/Projects/tiktok-promo/uploader/android2.py", line 373, in select
    raise Exception(f"Element {utils.params_to_string(kwargs)} not found")
Exception: Element (text="Skip") not found
2023-05-26 21:11:01,605 - __main__ - INFO - Creating gmail k22djoka_8 Danojla danojlahuzn
2023-05-26 21:12:40,260 - __main__ - ERROR - Error k22djoka_8 Danojla danojlahuzn: Element (text="Add an email address") not found
Traceback (most recent call last):
  File "/home/ognjen/Projects/tiktok-promo/create_gmail.py", line 51, in main
    android_device.create_gmail(username, password, name)
  File "/home/ognjen/Projects/tiktok-promo/uploader/android2.py", line 646, in create_gmail
    self.click(text='Add an email address')
  File "/home/ognjen/Projects/tiktok-promo/uploader/android2.py", line 407, in click
    element = self.select(timeout=timeout, **kwargs)
  File "/home/ognjen/Projects/tiktok-promo/uploader/android2.py", line 379, in select
    raise Exception(f"Element {utils.params_to_string(kwargs)} not found")
Exception: Element (text="Add an email address") not found
2023-05-26 21:21:02,144 - __main__ - INFO - Creating gmail k22djoka_9 Stanislava stanislavaucgx
2023-05-26 21:24:29,087 - __main__ - INFO - Successfully created gmail k22djoka_9 Stanislava stanislavaucgx@gmail.com
2023-05-26 21:31:01,946 - __main__ - INFO - Creating gmail k22djoka_10 Deana deanatzqs
2023-05-26 21:33:16,790 - __main__ - INFO - Successfully created gmail k22djoka_10 Deana deanatzqs@gmail.com
2023-05-26 21:41:02,114 - __main__ - INFO - Creating gmail k22djoka_11 Maja majaibhy
2023-05-26 21:43:18,400 - __main__ - INFO - Successfully created gmail k22djoka_11 Maja majaibhy@gmail.com
2023-05-27 02:01:02,362 - __main__ - INFO - Creating gmail j7 Ognjana ognjanafspl
2023-05-27 02:11:02,263 - __main__ - INFO - Creating gmail j7_2 Stojna stojnaacmx
2023-05-27 02:13:21,507 - __main__ - ERROR - Error j7 Ognjana ognjanafspl: USB device 100.99.18.17 is offline
Traceback (most recent call last):
  File "/home/ognjen/Projects/tiktok-promo/uploader/android2.py", line 154, in connect
    self.d = UIAutomatorDevice(self)
  File "/home/ognjen/Projects/tiktok-promo/uploader/android2.py", line 51, in __init__
    raise e
  File "/home/ognjen/Projects/tiktok-promo/uploader/android2.py", line 43, in __init__
    self.connect()
  File "/home/ognjen/Projects/tiktok-promo/uploader/android2.py", line 61, in connect
    raise Exception(f"Failed to connect to device {self.android_device.name} {self.android_device.id} with output {cmd.stdout}")
Exception: Failed to connect to device j7 100.99.18.17 with output None

During handling of the above exception, another exception occurred:

Traceback (most recent call last):
  File "/home/ognjen/Projects/tiktok-promo/create_gmail.py", line 51, in main
    android_device.create_gmail(username, password, name)
  File "/home/ognjen/Projects/tiktok-promo/uploader/android2.py", line 628, in create_gmail
    self.connect()
  File "/home/ognjen/Projects/tiktok-promo/uploader/android2.py", line 157, in connect
    self.d = UIAutomatorDevice(self)
  File "/home/ognjen/Projects/tiktok-promo/uploader/android2.py", line 51, in __init__
    raise e
  File "/home/ognjen/Projects/tiktok-promo/uploader/android2.py", line 43, in __init__
    self.connect()
  File "/home/ognjen/Projects/tiktok-promo/uploader/android2.py", line 75, in connect
    self.d.jsonrpc.setConfigurator({"waitForIdleTimeout": 100, 'waitForSelectorTimeout': 100})
  File "/home/ognjen/Projects/tiktok-promo/env/lib/python3.10/site-packages/uiautomator2/__init__.py", line 479, in __call__
    return self.server._jsonrpc_retry_call(self.method, params,
  File "/home/ognjen/Projects/tiktok-promo/env/lib/python3.10/site-packages/uiautomator2/__init__.py", line 486, in _jsonrpc_retry_call
    return self._jsonrpc_call(*args, **kwargs)
  File "/home/ognjen/Projects/tiktok-promo/env/lib/python3.10/site-packages/uiautomator2/__init__.py", line 512, in _jsonrpc_call
    res = self.http.post("/jsonrpc/0",
  File "/home/ognjen/Projects/tiktok-promo/env/lib/python3.10/site-packages/requests/sessions.py", line 635, in post
    return self.request("POST", url, data=data, json=json, **kwargs)
  File "/home/ognjen/Projects/tiktok-promo/env/lib/python3.10/site-packages/uiautomator2/__init__.py", line 223, in request
    self.__client._prepare_atx_agent()
  File "/home/ognjen/Projects/tiktok-promo/env/lib/python3.10/site-packages/uiautomator2/__init__.py", line 316, in _prepare_atx_agent
    raise RuntimeError("USB device %s is offline" % self._serial)
RuntimeError: USB device 100.99.18.17 is offline
2023-05-27 02:21:02,258 - __main__ - INFO - Creating gmail k22_1 Zlatka zlatkazjol
2023-05-27 02:23:41,847 - __main__ - ERROR - Error k22_1 Zlatka zlatkazjol: Element (text="Skip") not found
Traceback (most recent call last):
  File "/home/ognjen/Projects/tiktok-promo/create_gmail.py", line 51, in main
    android_device.create_gmail(username, password, name)
  File "/home/ognjen/Projects/tiktok-promo/uploader/android2.py", line 713, in create_gmail
    self.click(text='Skip')
  File "/home/ognjen/Projects/tiktok-promo/uploader/android2.py", line 407, in click
    element = self.select(timeout=timeout, **kwargs)
  File "/home/ognjen/Projects/tiktok-promo/uploader/android2.py", line 379, in select
    raise Exception(f"Element {utils.params_to_string(kwargs)} not found")
Exception: Element (text="Skip") not found
2023-05-27 02:24:17,047 - __main__ - ERROR - Error j7_2 Stojna stojnaacmx: Failed to connect to device j7_2 100.77.209.31 with output None
Traceback (most recent call last):
  File "/home/ognjen/Projects/tiktok-promo/uploader/android2.py", line 154, in connect
    self.d = UIAutomatorDevice(self)
  File "/home/ognjen/Projects/tiktok-promo/uploader/android2.py", line 51, in __init__
    raise e
  File "/home/ognjen/Projects/tiktok-promo/uploader/android2.py", line 43, in __init__
    self.connect()
  File "/home/ognjen/Projects/tiktok-promo/uploader/android2.py", line 75, in connect
    self.d.jsonrpc.setConfigurator({"waitForIdleTimeout": 100, 'waitForSelectorTimeout': 100})
  File "/home/ognjen/Projects/tiktok-promo/env/lib/python3.10/site-packages/uiautomator2/__init__.py", line 479, in __call__
    return self.server._jsonrpc_retry_call(self.method, params,
  File "/home/ognjen/Projects/tiktok-promo/env/lib/python3.10/site-packages/uiautomator2/__init__.py", line 486, in _jsonrpc_retry_call
    return self._jsonrpc_call(*args, **kwargs)
  File "/home/ognjen/Projects/tiktok-promo/env/lib/python3.10/site-packages/uiautomator2/__init__.py", line 512, in _jsonrpc_call
    res = self.http.post("/jsonrpc/0",
  File "/home/ognjen/Projects/tiktok-promo/env/lib/python3.10/site-packages/requests/sessions.py", line 635, in post
    return self.request("POST", url, data=data, json=json, **kwargs)
  File "/home/ognjen/Projects/tiktok-promo/env/lib/python3.10/site-packages/uiautomator2/__init__.py", line 223, in request
    self.__client._prepare_atx_agent()
  File "/home/ognjen/Projects/tiktok-promo/env/lib/python3.10/site-packages/uiautomator2/__init__.py", line 316, in _prepare_atx_agent
    raise RuntimeError("USB device %s is offline" % self._serial)
RuntimeError: USB device 100.77.209.31 is offline

During handling of the above exception, another exception occurred:

Traceback (most recent call last):
  File "/home/ognjen/Projects/tiktok-promo/create_gmail.py", line 51, in main
    android_device.create_gmail(username, password, name)
  File "/home/ognjen/Projects/tiktok-promo/uploader/android2.py", line 628, in create_gmail
    self.connect()
  File "/home/ognjen/Projects/tiktok-promo/uploader/android2.py", line 157, in connect
    self.d = UIAutomatorDevice(self)
  File "/home/ognjen/Projects/tiktok-promo/uploader/android2.py", line 51, in __init__
    raise e
  File "/home/ognjen/Projects/tiktok-promo/uploader/android2.py", line 43, in __init__
    self.connect()
  File "/home/ognjen/Projects/tiktok-promo/uploader/android2.py", line 61, in connect
    raise Exception(f"Failed to connect to device {self.android_device.name} {self.android_device.id} with output {cmd.stdout}")
Exception: Failed to connect to device j7_2 100.77.209.31 with output None
2023-05-27 02:31:02,019 - __main__ - INFO - Creating gmail j7_3 Spasenija spasenijastkl
2023-05-27 02:32:22,005 - __main__ - ERROR - Error j7_3 Spasenija spasenijastkl: Element (text="Add another account") not found
Traceback (most recent call last):
  File "/home/ognjen/Projects/tiktok-promo/create_gmail.py", line 51, in main
    android_device.create_gmail(username, password, name)
  File "/home/ognjen/Projects/tiktok-promo/uploader/android2.py", line 640, in create_gmail
    self.click(text='Add another account')
  File "/home/ognjen/Projects/tiktok-promo/uploader/android2.py", line 407, in click
    element = self.select(timeout=timeout, **kwargs)
  File "/home/ognjen/Projects/tiktok-promo/uploader/android2.py", line 379, in select
    raise Exception(f"Element {utils.params_to_string(kwargs)} not found")
Exception: Element (text="Add another account") not found
2023-05-27 03:01:02,463 - __main__ - INFO - Creating gmail j7_4 Ljuba ljubaxwsz
2023-05-27 03:02:16,042 - __main__ - ERROR - Error j7_4 Ljuba ljubaxwsz: Element (text="Add another account") not found
Traceback (most recent call last):
  File "/home/ognjen/Projects/tiktok-promo/create_gmail.py", line 51, in main
    android_device.create_gmail(username, password, name)
  File "/home/ognjen/Projects/tiktok-promo/uploader/android2.py", line 640, in create_gmail
    self.click(text='Add another account')
  File "/home/ognjen/Projects/tiktok-promo/uploader/android2.py", line 407, in click
    element = self.select(timeout=timeout, **kwargs)
  File "/home/ognjen/Projects/tiktok-promo/uploader/android2.py", line 379, in select
    raise Exception(f"Element {utils.params_to_string(kwargs)} not found")
Exception: Element (text="Add another account") not found
2023-05-27 03:11:02,480 - __main__ - INFO - Creating gmail redminote Bozidarka bozidarkajjih
2023-05-27 03:13:09,415 - __main__ - INFO - Successfully created gmail redminote Bozidarka bozidarkajjih@gmail.com
2023-05-27 03:21:02,285 - __main__ - INFO - Creating gmail j7_5 Simka simkasfih
2023-05-27 03:31:02,218 - __main__ - INFO - Creating gmail k22_2 Vlatka vlatkanjgo
2023-05-27 03:32:21,766 - __main__ - ERROR - Error j7_5 Simka simkasfih: Failed to connect to device j7_5 100.98.41.75 with output None
Traceback (most recent call last):
  File "/home/ognjen/Projects/tiktok-promo/uploader/android2.py", line 154, in connect
    self.d = UIAutomatorDevice(self)
  File "/home/ognjen/Projects/tiktok-promo/uploader/android2.py", line 51, in __init__
    raise e
  File "/home/ognjen/Projects/tiktok-promo/uploader/android2.py", line 43, in __init__
    self.connect()
  File "/home/ognjen/Projects/tiktok-promo/uploader/android2.py", line 75, in connect
    self.d.jsonrpc.setConfigurator({"waitForIdleTimeout": 100, 'waitForSelectorTimeout': 100})
  File "/home/ognjen/Projects/tiktok-promo/env/lib/python3.10/site-packages/uiautomator2/__init__.py", line 479, in __call__
    return self.server._jsonrpc_retry_call(self.method, params,
  File "/home/ognjen/Projects/tiktok-promo/env/lib/python3.10/site-packages/uiautomator2/__init__.py", line 486, in _jsonrpc_retry_call
    return self._jsonrpc_call(*args, **kwargs)
  File "/home/ognjen/Projects/tiktok-promo/env/lib/python3.10/site-packages/uiautomator2/__init__.py", line 512, in _jsonrpc_call
    res = self.http.post("/jsonrpc/0",
  File "/home/ognjen/Projects/tiktok-promo/env/lib/python3.10/site-packages/requests/sessions.py", line 635, in post
    return self.request("POST", url, data=data, json=json, **kwargs)
  File "/home/ognjen/Projects/tiktok-promo/env/lib/python3.10/site-packages/uiautomator2/__init__.py", line 223, in request
    self.__client._prepare_atx_agent()
  File "/home/ognjen/Projects/tiktok-promo/env/lib/python3.10/site-packages/uiautomator2/__init__.py", line 316, in _prepare_atx_agent
    raise RuntimeError("USB device %s is offline" % self._serial)
RuntimeError: USB device 100.98.41.75 is offline

During handling of the above exception, another exception occurred:

Traceback (most recent call last):
  File "/home/ognjen/Projects/tiktok-promo/create_gmail.py", line 51, in main
    android_device.create_gmail(username, password, name)
  File "/home/ognjen/Projects/tiktok-promo/uploader/android2.py", line 628, in create_gmail
    self.connect()
  File "/home/ognjen/Projects/tiktok-promo/uploader/android2.py", line 157, in connect
    self.d = UIAutomatorDevice(self)
  File "/home/ognjen/Projects/tiktok-promo/uploader/android2.py", line 51, in __init__
    raise e
  File "/home/ognjen/Projects/tiktok-promo/uploader/android2.py", line 43, in __init__
    self.connect()
  File "/home/ognjen/Projects/tiktok-promo/uploader/android2.py", line 61, in connect
    raise Exception(f"Failed to connect to device {self.android_device.name} {self.android_device.id} with output {cmd.stdout}")
Exception: Failed to connect to device j7_5 100.98.41.75 with output None
2023-05-27 03:33:54,423 - __main__ - INFO - Successfully created gmail k22_2 Vlatka vlatkanjgo@gmail.com
2023-05-27 03:41:02,000 - __main__ - INFO - Creating gmail j7ana_6 Durica duricanyup
2023-05-27 03:43:55,131 - __main__ - INFO - Successfully created gmail j7ana_6 Durica duricanyup@gmail.com
2023-05-27 03:51:01,853 - __main__ - INFO - Creating gmail k22_3 Margarita margaritaamda
2023-05-27 03:53:34,041 - __main__ - ERROR - Error k22_3 Margarita margaritaamda: Element (text="Add an email address") not found
Traceback (most recent call last):
  File "/home/ognjen/Projects/tiktok-promo/env/lib/python3.10/site-packages/urllib3/connectionpool.py", line 703, in urlopen
    httplib_response = self._make_request(
  File "/home/ognjen/Projects/tiktok-promo/env/lib/python3.10/site-packages/urllib3/connectionpool.py", line 449, in _make_request
    six.raise_from(e, None)
  File "<string>", line 3, in raise_from
  File "/home/ognjen/Projects/tiktok-promo/env/lib/python3.10/site-packages/urllib3/connectionpool.py", line 444, in _make_request
    httplib_response = conn.getresponse()
  File "/usr/lib/python3.10/http/client.py", line 1374, in getresponse
    response.begin()
  File "/usr/lib/python3.10/http/client.py", line 318, in begin
    version, status, reason = self._read_status()
  File "/usr/lib/python3.10/http/client.py", line 287, in _read_status
    raise RemoteDisconnected("Remote end closed connection without"
http.client.RemoteDisconnected: Remote end closed connection without response

During handling of the above exception, another exception occurred:

Traceback (most recent call last):
  File "/home/ognjen/Projects/tiktok-promo/env/lib/python3.10/site-packages/requests/adapters.py", line 489, in send
    resp = conn.urlopen(
  File "/home/ognjen/Projects/tiktok-promo/env/lib/python3.10/site-packages/urllib3/connectionpool.py", line 787, in urlopen
    retries = retries.increment(
  File "/home/ognjen/Projects/tiktok-promo/env/lib/python3.10/site-packages/urllib3/util/retry.py", line 550, in increment
    raise six.reraise(type(error), error, _stacktrace)
  File "/home/ognjen/Projects/tiktok-promo/env/lib/python3.10/site-packages/urllib3/packages/six.py", line 769, in reraise
    raise value.with_traceback(tb)
  File "/home/ognjen/Projects/tiktok-promo/env/lib/python3.10/site-packages/urllib3/connectionpool.py", line 703, in urlopen
    httplib_response = self._make_request(
  File "/home/ognjen/Projects/tiktok-promo/env/lib/python3.10/site-packages/urllib3/connectionpool.py", line 449, in _make_request
    six.raise_from(e, None)
  File "<string>", line 3, in raise_from
  File "/home/ognjen/Projects/tiktok-promo/env/lib/python3.10/site-packages/urllib3/connectionpool.py", line 444, in _make_request
    httplib_response = conn.getresponse()
  File "/usr/lib/python3.10/http/client.py", line 1374, in getresponse
    response.begin()
  File "/usr/lib/python3.10/http/client.py", line 318, in begin
    version, status, reason = self._read_status()
  File "/usr/lib/python3.10/http/client.py", line 287, in _read_status
    raise RemoteDisconnected("Remote end closed connection without"
urllib3.exceptions.ProtocolError: ('Connection aborted.', RemoteDisconnected('Remote end closed connection without response'))

During handling of the above exception, another exception occurred:

Traceback (most recent call last):
  File "/home/ognjen/Projects/tiktok-promo/env/lib/python3.10/site-packages/uiautomator2/__init__.py", line 203, in request
    return super().request(method, url, **kwargs)
  File "/home/ognjen/Projects/tiktok-promo/env/lib/python3.10/site-packages/uiautomator2/__init__.py", line 119, in request
    resp = super(TimeoutRequestsSession,
  File "/home/ognjen/Projects/tiktok-promo/env/lib/python3.10/site-packages/requests/sessions.py", line 587, in request
    resp = self.send(prep, **send_kwargs)
  File "/home/ognjen/Projects/tiktok-promo/env/lib/python3.10/site-packages/requests/sessions.py", line 701, in send
    r = adapter.send(request, **kwargs)
  File "/home/ognjen/Projects/tiktok-promo/env/lib/python3.10/site-packages/requests/adapters.py", line 547, in send
    raise ConnectionError(err, request=request)
requests.exceptions.ConnectionError: ('Connection aborted.', RemoteDisconnected('Remote end closed connection without response'))

During handling of the above exception, another exception occurred:

Traceback (most recent call last):
  File "/home/ognjen/Projects/tiktok-promo/uploader/android2.py", line 348, in select
    if element.exists():
  File "/home/ognjen/Projects/tiktok-promo/env/lib/python3.10/site-packages/uiautomator2/utils.py", line 115, in __call__
    return bool(self)
  File "/home/ognjen/Projects/tiktok-promo/env/lib/python3.10/site-packages/uiautomator2/utils.py", line 105, in __bool__
    return self.__nonzero__()
  File "/home/ognjen/Projects/tiktok-promo/env/lib/python3.10/site-packages/uiautomator2/utils.py", line 101, in __nonzero__
    return self.uiobject.jsonrpc.exist(self.uiobject.selector)
  File "/home/ognjen/Projects/tiktok-promo/env/lib/python3.10/site-packages/uiautomator2/__init__.py", line 479, in __call__
    return self.server._jsonrpc_retry_call(self.method, params,
  File "/home/ognjen/Projects/tiktok-promo/env/lib/python3.10/site-packages/uiautomator2/__init__.py", line 488, in _jsonrpc_retry_call
    self.reset_uiautomator(str(e))  # uiautomator
  File "/home/ognjen/Projects/tiktok-promo/env/lib/python3.10/site-packages/uiautomator2/__init__.py", line 639, in reset_uiautomator
    ok = self._force_reset_uiautomator_v2(
  File "/home/ognjen/Projects/tiktok-promo/env/lib/python3.10/site-packages/uiautomator2/__init__.py", line 654, in _force_reset_uiautomator_v2
    brand = self.shell("getprop ro.product.brand").output.strip()
  File "/home/ognjen/Projects/tiktok-promo/env/lib/python3.10/site-packages/uiautomator2/__init__.py", line 432, in shell
    ret = self.http.post("/shell", data=data, timeout=timeout+10)
  File "/home/ognjen/Projects/tiktok-promo/env/lib/python3.10/site-packages/requests/sessions.py", line 635, in post
    return self.request("POST", url, data=data, json=json, **kwargs)
  File "/home/ognjen/Projects/tiktok-promo/env/lib/python3.10/site-packages/uiautomator2/__init__.py", line 210, in request
    self.__client._is_agent_alive():
  File "/home/ognjen/Projects/tiktok-promo/env/lib/python3.10/site-packages/uiautomator2/__init__.py", line 585, in _is_agent_alive
    return bool(self._get_agent_version())
  File "/home/ognjen/Projects/tiktok-promo/env/lib/python3.10/site-packages/uiautomator2/__init__.py", line 569, in _get_agent_version
    url = self.path2url("/version")
  File "/home/ognjen/Projects/tiktok-promo/env/lib/python3.10/site-packages/uiautomator2/__init__.py", line 301, in path2url
    return urlparse.urljoin(self._get_atx_agent_url(), path)
  File "/home/ognjen/Projects/tiktok-promo/env/lib/python3.10/site-packages/uiautomator2/__init__.py", line 282, in _get_atx_agent_url
    lport = self._adb_device.forward_port(
  File "/home/ognjen/Projects/tiktok-promo/env/lib/python3.10/site-packages/adbutils/_device.py", line 249, in forward_port
    self.forward("tcp:" + str(local_port), remote)
  File "/home/ognjen/Projects/tiktok-promo/env/lib/python3.10/site-packages/adbutils/_device.py", line 239, in forward
    self.open_transport(":".join(args))
  File "/home/ognjen/Projects/tiktok-promo/env/lib/python3.10/site-packages/adbutils/_device.py", line 90, in open_transport
    c.check_okay()
  File "/home/ognjen/Projects/tiktok-promo/env/lib/python3.10/site-packages/adbutils/_adb.py", line 134, in check_okay
    raise AdbError(self.read_string_block())
adbutils.errors.AdbError

During handling of the above exception, another exception occurred:

Traceback (most recent call last):
  File "/home/ognjen/Projects/tiktok-promo/create_gmail.py", line 51, in main
    android_device.create_gmail(username, password, name)
  File "/home/ognjen/Projects/tiktok-promo/uploader/android2.py", line 646, in create_gmail
    self.click(text='Add an email address')
  File "/home/ognjen/Projects/tiktok-promo/uploader/android2.py", line 407, in click
    element = self.select(timeout=timeout, **kwargs)
  File "/home/ognjen/Projects/tiktok-promo/uploader/android2.py", line 374, in select
    return self.select(timeout=timeout, retry=retry-1, **kwargs)
  File "/home/ognjen/Projects/tiktok-promo/uploader/android2.py", line 379, in select
    raise Exception(f"Element {utils.params_to_string(kwargs)} not found")
Exception: Element (text="Add an email address") not found
2023-05-27 04:01:01,819 - __main__ - INFO - Creating gmail k22_4 Veselinka veselinkasdqf
2023-05-27 04:03:06,921 - __main__ - ERROR - Error k22_4 Veselinka veselinkasdqf: Element (text="Skip") not found
Traceback (most recent call last):
  File "/home/ognjen/Projects/tiktok-promo/create_gmail.py", line 51, in main
    android_device.create_gmail(username, password, name)
  File "/home/ognjen/Projects/tiktok-promo/uploader/android2.py", line 713, in create_gmail
    self.click(text='Skip')
  File "/home/ognjen/Projects/tiktok-promo/uploader/android2.py", line 407, in click
    element = self.select(timeout=timeout, **kwargs)
  File "/home/ognjen/Projects/tiktok-promo/uploader/android2.py", line 379, in select
    raise Exception(f"Element {utils.params_to_string(kwargs)} not found")
Exception: Element (text="Skip") not found
2023-05-27 21:11:01,810 - __main__ - INFO - Creating gmail k22djoka_8 Nevenka nevenkapdwv
2023-05-27 21:12:38,358 - __main__ - ERROR - Error k22djoka_8 Nevenka nevenkapdwv: Element (text="Add an email address") not found
Traceback (most recent call last):
  File "/home/ognjen/Projects/tiktok-promo/create_gmail.py", line 51, in main
    android_device.create_gmail(username, password, name)
  File "/home/ognjen/Projects/tiktok-promo/uploader/android2.py", line 646, in create_gmail
    self.click(text='Add an email address')
  File "/home/ognjen/Projects/tiktok-promo/uploader/android2.py", line 407, in click
    element = self.select(timeout=timeout, **kwargs)
  File "/home/ognjen/Projects/tiktok-promo/uploader/android2.py", line 379, in select
    raise Exception(f"Element {utils.params_to_string(kwargs)} not found")
Exception: Element (text="Add an email address") not found
2023-05-27 21:21:01,836 - __main__ - INFO - Creating gmail k22djoka_9 Zaga zagagnpu
2023-05-27 21:22:56,614 - __main__ - ERROR - Error k22djoka_9 Zaga zagagnpu: Element (text="Add an email address") not found
Traceback (most recent call last):
  File "/home/ognjen/Projects/tiktok-promo/create_gmail.py", line 51, in main
    android_device.create_gmail(username, password, name)
  File "/home/ognjen/Projects/tiktok-promo/uploader/android2.py", line 646, in create_gmail
    self.click(text='Add an email address')
  File "/home/ognjen/Projects/tiktok-promo/uploader/android2.py", line 407, in click
    element = self.select(timeout=timeout, **kwargs)
  File "/home/ognjen/Projects/tiktok-promo/uploader/android2.py", line 379, in select
    raise Exception(f"Element {utils.params_to_string(kwargs)} not found")
Exception: Element (text="Add an email address") not found
2023-05-27 21:31:01,996 - __main__ - INFO - Creating gmail k22djoka_10 Mijana mijanacsdm
2023-05-27 21:32:00,670 - __main__ - ERROR - Error k22djoka_10 Mijana mijanacsdm: Element (text="Create account") not found
Traceback (most recent call last):
  File "/home/ognjen/Projects/tiktok-promo/create_gmail.py", line 51, in main
    android_device.create_gmail(username, password, name)
  File "/home/ognjen/Projects/tiktok-promo/uploader/android2.py", line 650, in create_gmail
    self.click(text='Create account')
  File "/home/ognjen/Projects/tiktok-promo/uploader/android2.py", line 407, in click
    element = self.select(timeout=timeout, **kwargs)
  File "/home/ognjen/Projects/tiktok-promo/uploader/android2.py", line 379, in select
    raise Exception(f"Element {utils.params_to_string(kwargs)} not found")
Exception: Element (text="Create account") not found
2023-05-27 21:41:02,092 - __main__ - INFO - Creating gmail k22djoka_11 Savka savkalqeg
2023-05-27 21:43:03,767 - __main__ - ERROR - Error k22djoka_11 Savka savkalqeg: Element (text="Add an email address") not found
Traceback (most recent call last):
  File "/home/ognjen/Projects/tiktok-promo/create_gmail.py", line 51, in main
    android_device.create_gmail(username, password, name)
  File "/home/ognjen/Projects/tiktok-promo/uploader/android2.py", line 646, in create_gmail
    self.click(text='Add an email address')
  File "/home/ognjen/Projects/tiktok-promo/uploader/android2.py", line 407, in click
    element = self.select(timeout=timeout, **kwargs)
  File "/home/ognjen/Projects/tiktok-promo/uploader/android2.py", line 379, in select
    raise Exception(f"Element {utils.params_to_string(kwargs)} not found")
Exception: Element (text="Add an email address") not found
2023-05-28 02:01:01,912 - __main__ - INFO - Creating gmail j7 Jugoslava jugoslavabrdl
2023-05-28 02:03:28,879 - __main__ - INFO - Successfully created gmail j7 Jugoslava jugoslavabrdl@gmail.com
2023-05-28 02:11:02,231 - __main__ - INFO - Creating gmail j7_2 Makrena makrenaqlgh
2023-05-28 02:21:02,234 - __main__ - INFO - Creating gmail k22_1 Andjela andjelaynfx
2023-05-28 02:22:48,104 - __main__ - ERROR - Error j7_2 Makrena makrenaqlgh: USB device 100.77.209.31 is offline
Traceback (most recent call last):
  File "/home/ognjen/Projects/tiktok-promo/uploader/android2.py", line 154, in connect
    self.d = UIAutomatorDevice(self)
  File "/home/ognjen/Projects/tiktok-promo/uploader/android2.py", line 51, in __init__
    raise e
  File "/home/ognjen/Projects/tiktok-promo/uploader/android2.py", line 43, in __init__
    self.connect()
  File "/home/ognjen/Projects/tiktok-promo/uploader/android2.py", line 75, in connect
    self.d.jsonrpc.setConfigurator({"waitForIdleTimeout": 100, 'waitForSelectorTimeout': 100})
  File "/home/ognjen/Projects/tiktok-promo/env/lib/python3.10/site-packages/uiautomator2/__init__.py", line 479, in __call__
    return self.server._jsonrpc_retry_call(self.method, params,
  File "/home/ognjen/Projects/tiktok-promo/env/lib/python3.10/site-packages/uiautomator2/__init__.py", line 486, in _jsonrpc_retry_call
    return self._jsonrpc_call(*args, **kwargs)
  File "/home/ognjen/Projects/tiktok-promo/env/lib/python3.10/site-packages/uiautomator2/__init__.py", line 512, in _jsonrpc_call
    res = self.http.post("/jsonrpc/0",
  File "/home/ognjen/Projects/tiktok-promo/env/lib/python3.10/site-packages/requests/sessions.py", line 635, in post
    return self.request("POST", url, data=data, json=json, **kwargs)
  File "/home/ognjen/Projects/tiktok-promo/env/lib/python3.10/site-packages/uiautomator2/__init__.py", line 223, in request
    self.__client._prepare_atx_agent()
  File "/home/ognjen/Projects/tiktok-promo/env/lib/python3.10/site-packages/uiautomator2/__init__.py", line 316, in _prepare_atx_agent
    raise RuntimeError("USB device %s is offline" % self._serial)
RuntimeError: USB device 100.77.209.31 is offline

During handling of the above exception, another exception occurred:

Traceback (most recent call last):
  File "/home/ognjen/Projects/tiktok-promo/create_gmail.py", line 51, in main
    android_device.create_gmail(username, password, name)
  File "/home/ognjen/Projects/tiktok-promo/uploader/android2.py", line 628, in create_gmail
    self.connect()
  File "/home/ognjen/Projects/tiktok-promo/uploader/android2.py", line 157, in connect
    self.d = UIAutomatorDevice(self)
  File "/home/ognjen/Projects/tiktok-promo/uploader/android2.py", line 51, in __init__
    raise e
  File "/home/ognjen/Projects/tiktok-promo/uploader/android2.py", line 43, in __init__
    self.connect()
  File "/home/ognjen/Projects/tiktok-promo/uploader/android2.py", line 75, in connect
    self.d.jsonrpc.setConfigurator({"waitForIdleTimeout": 100, 'waitForSelectorTimeout': 100})
  File "/home/ognjen/Projects/tiktok-promo/env/lib/python3.10/site-packages/uiautomator2/__init__.py", line 479, in __call__
    return self.server._jsonrpc_retry_call(self.method, params,
  File "/home/ognjen/Projects/tiktok-promo/env/lib/python3.10/site-packages/uiautomator2/__init__.py", line 486, in _jsonrpc_retry_call
    return self._jsonrpc_call(*args, **kwargs)
  File "/home/ognjen/Projects/tiktok-promo/env/lib/python3.10/site-packages/uiautomator2/__init__.py", line 512, in _jsonrpc_call
    res = self.http.post("/jsonrpc/0",
  File "/home/ognjen/Projects/tiktok-promo/env/lib/python3.10/site-packages/requests/sessions.py", line 635, in post
    return self.request("POST", url, data=data, json=json, **kwargs)
  File "/home/ognjen/Projects/tiktok-promo/env/lib/python3.10/site-packages/uiautomator2/__init__.py", line 223, in request
    self.__client._prepare_atx_agent()
  File "/home/ognjen/Projects/tiktok-promo/env/lib/python3.10/site-packages/uiautomator2/__init__.py", line 316, in _prepare_atx_agent
    raise RuntimeError("USB device %s is offline" % self._serial)
RuntimeError: USB device 100.77.209.31 is offline
2023-05-28 02:23:50,535 - __main__ - INFO - Successfully created gmail k22_1 Andjela andjelaynfx@gmail.com
2023-05-28 02:31:01,892 - __main__ - INFO - Creating gmail j7_3 Borjana borjanairzl
2023-05-28 02:32:21,650 - __main__ - ERROR - Error j7_3 Borjana borjanairzl: Element (text="Add another account") not found
Traceback (most recent call last):
  File "/home/ognjen/Projects/tiktok-promo/create_gmail.py", line 51, in main
    android_device.create_gmail(username, password, name)
  File "/home/ognjen/Projects/tiktok-promo/uploader/android2.py", line 640, in create_gmail
    self.click(text='Add another account')
  File "/home/ognjen/Projects/tiktok-promo/uploader/android2.py", line 407, in click
    element = self.select(timeout=timeout, **kwargs)
  File "/home/ognjen/Projects/tiktok-promo/uploader/android2.py", line 379, in select
    raise Exception(f"Element {utils.params_to_string(kwargs)} not found")
Exception: Element (text="Add another account") not found
2023-05-28 03:01:02,036 - __main__ - INFO - Creating gmail j7_4 Vesela veselaford
2023-05-28 03:02:22,664 - __main__ - ERROR - Error j7_4 Vesela veselaford: Element (text="Add another account") not found
Traceback (most recent call last):
  File "/home/ognjen/Projects/tiktok-promo/create_gmail.py", line 51, in main
    android_device.create_gmail(username, password, name)
  File "/home/ognjen/Projects/tiktok-promo/uploader/android2.py", line 640, in create_gmail
    self.click(text='Add another account')
  File "/home/ognjen/Projects/tiktok-promo/uploader/android2.py", line 407, in click
    element = self.select(timeout=timeout, **kwargs)
  File "/home/ognjen/Projects/tiktok-promo/uploader/android2.py", line 379, in select
    raise Exception(f"Element {utils.params_to_string(kwargs)} not found")
Exception: Element (text="Add another account") not found
2023-05-28 03:11:02,054 - __main__ - INFO - Creating gmail redminote Milada miladaugny
2023-05-28 03:13:15,769 - __main__ - INFO - Successfully created gmail redminote Milada miladaugny@gmail.com
2023-05-28 03:21:02,120 - __main__ - INFO - Creating gmail j7_5 Saveta savetayual
2023-05-28 03:22:15,250 - __main__ - ERROR - Error j7_5 Saveta savetayual: Element (text="Add another account") not found
Traceback (most recent call last):
  File "/home/ognjen/Projects/tiktok-promo/create_gmail.py", line 51, in main
    android_device.create_gmail(username, password, name)
  File "/home/ognjen/Projects/tiktok-promo/uploader/android2.py", line 640, in create_gmail
    self.click(text='Add another account')
  File "/home/ognjen/Projects/tiktok-promo/uploader/android2.py", line 407, in click
    element = self.select(timeout=timeout, **kwargs)
  File "/home/ognjen/Projects/tiktok-promo/uploader/android2.py", line 379, in select
    raise Exception(f"Element {utils.params_to_string(kwargs)} not found")
Exception: Element (text="Add another account") not found
2023-05-28 03:31:01,610 - __main__ - INFO - Creating gmail k22_2 Katica katicanhyu
2023-05-28 03:33:40,770 - __main__ - INFO - Successfully created gmail k22_2 Katica katicanhyu@gmail.com
2023-05-28 03:41:02,148 - __main__ - INFO - Creating gmail j7ana_6 Jadranka jadrankaqwyq
2023-05-28 03:43:45,487 - __main__ - ERROR - Error j7ana_6 Jadranka jadrankaqwyq: Element (text="Skip") not found
Traceback (most recent call last):
  File "/home/ognjen/Projects/tiktok-promo/create_gmail.py", line 51, in main
    android_device.create_gmail(username, password, name)
  File "/home/ognjen/Projects/tiktok-promo/uploader/android2.py", line 713, in create_gmail
    self.click(text='Skip')
  File "/home/ognjen/Projects/tiktok-promo/uploader/android2.py", line 407, in click
    element = self.select(timeout=timeout, **kwargs)
  File "/home/ognjen/Projects/tiktok-promo/uploader/android2.py", line 379, in select
    raise Exception(f"Element {utils.params_to_string(kwargs)} not found")
Exception: Element (text="Skip") not found
2023-05-28 03:51:01,320 - __main__ - INFO - Creating gmail k22_3 Veselinka veselinkauapb
2023-05-28 03:53:05,869 - __main__ - ERROR - Error k22_3 Veselinka veselinkauapb: Element (text="Add an email address") not found
Traceback (most recent call last):
  File "/home/ognjen/Projects/tiktok-promo/create_gmail.py", line 51, in main
    android_device.create_gmail(username, password, name)
  File "/home/ognjen/Projects/tiktok-promo/uploader/android2.py", line 646, in create_gmail
    self.click(text='Add an email address')
  File "/home/ognjen/Projects/tiktok-promo/uploader/android2.py", line 407, in click
    element = self.select(timeout=timeout, **kwargs)
  File "/home/ognjen/Projects/tiktok-promo/uploader/android2.py", line 379, in select
    raise Exception(f"Element {utils.params_to_string(kwargs)} not found")
Exception: Element (text="Add an email address") not found
2023-05-28 04:01:02,219 - __main__ - INFO - Creating gmail k22_4 Kaja kajamidf
2023-05-28 04:03:09,483 - __main__ - ERROR - Error k22_4 Kaja kajamidf: Element (text="Skip") not found
Traceback (most recent call last):
  File "/home/ognjen/Projects/tiktok-promo/create_gmail.py", line 51, in main
    android_device.create_gmail(username, password, name)
  File "/home/ognjen/Projects/tiktok-promo/uploader/android2.py", line 713, in create_gmail
    self.click(text='Skip')
  File "/home/ognjen/Projects/tiktok-promo/uploader/android2.py", line 407, in click
    element = self.select(timeout=timeout, **kwargs)
  File "/home/ognjen/Projects/tiktok-promo/uploader/android2.py", line 379, in select
    raise Exception(f"Element {utils.params_to_string(kwargs)} not found")
Exception: Element (text="Skip") not found
2023-05-28 21:11:01,505 - __main__ - INFO - Creating gmail k22djoka_8 Miladinka miladinkazlsm
2023-05-28 21:12:42,870 - __main__ - ERROR - Error k22djoka_8 Miladinka miladinkazlsm: -32002 Client error: <> data: Selector [className='android.widget.EditText', instance=0], method: None
Traceback (most recent call last):
  File "/home/ognjen/Projects/tiktok-promo/create_gmail.py", line 51, in main
    android_device.create_gmail(username, password, name)
  File "/home/ognjen/Projects/tiktok-promo/uploader/android2.py", line 701, in create_gmail
    self.select(className='android.widget.EditText')[0].set_text(password)
  File "/home/ognjen/Projects/tiktok-promo/env/lib/python3.10/site-packages/uiautomator2/_selector.py", line 352, in set_text
    self.must_wait(timeout=timeout)
  File "/home/ognjen/Projects/tiktok-promo/env/lib/python3.10/site-packages/uiautomator2/_selector.py", line 345, in must_wait
    raise UiObjectNotFoundError({'code': -32002, 'data': str(self.selector), 'method': 'wait'})
uiautomator2.exceptions.UiObjectNotFoundError: -32002 Client error: <> data: Selector [className='android.widget.EditText', instance=0], method: None
2023-05-28 21:21:02,042 - __main__ - INFO - Creating gmail k22djoka_9 Gorica goricasurf
2023-05-28 21:23:00,321 - __main__ - ERROR - Error k22djoka_9 Gorica goricasurf: -32002 Client error: <> data: Selector [className='android.widget.EditText', instance=0], method: None
Traceback (most recent call last):
  File "/home/ognjen/Projects/tiktok-promo/create_gmail.py", line 51, in main
    android_device.create_gmail(username, password, name)
  File "/home/ognjen/Projects/tiktok-promo/uploader/android2.py", line 701, in create_gmail
    self.select(className='android.widget.EditText')[0].set_text(password)
  File "/home/ognjen/Projects/tiktok-promo/env/lib/python3.10/site-packages/uiautomator2/_selector.py", line 352, in set_text
    self.must_wait(timeout=timeout)
  File "/home/ognjen/Projects/tiktok-promo/env/lib/python3.10/site-packages/uiautomator2/_selector.py", line 345, in must_wait
    raise UiObjectNotFoundError({'code': -32002, 'data': str(self.selector), 'method': 'wait'})
uiautomator2.exceptions.UiObjectNotFoundError: -32002 Client error: <> data: Selector [className='android.widget.EditText', instance=0], method: None
2023-05-28 21:31:01,737 - __main__ - INFO - Creating gmail k22djoka_10 Dragoslava dragoslavagzkw
2023-05-28 21:33:21,157 - __main__ - INFO - Successfully created gmail k22djoka_10 Dragoslava dragoslavagzkw@gmail.com
2023-05-28 21:41:01,644 - __main__ - INFO - Creating gmail k22djoka_11 Blaginja blaginjawkhw
2023-05-28 21:43:23,042 - __main__ - INFO - Successfully created gmail k22djoka_11 Blaginja blaginjawkhw@gmail.com
2023-05-29 02:01:02,367 - __main__ - INFO - Creating gmail j7 Stanimirka stanimirkagwor
2023-05-29 02:02:21,071 - __main__ - ERROR - Error j7 Stanimirka stanimirkagwor: Unknown data: ''
Traceback (most recent call last):
  File "/home/ognjen/Projects/tiktok-promo/create_gmail.py", line 51, in main
    android_device.create_gmail(username, password, name)
  File "/home/ognjen/Projects/tiktok-promo/uploader/android2.py", line 656, in create_gmail
    self.select(resourceId='firstName').set_text(name)
  File "/home/ognjen/Projects/tiktok-promo/env/lib/python3.10/site-packages/uiautomator2/_selector.py", line 356, in set_text
    return self.jsonrpc.setText(self.selector, text)
  File "/home/ognjen/Projects/tiktok-promo/env/lib/python3.10/site-packages/uiautomator2/__init__.py", line 479, in __call__
    return self.server._jsonrpc_retry_call(self.method, params,
  File "/home/ognjen/Projects/tiktok-promo/env/lib/python3.10/site-packages/uiautomator2/__init__.py", line 486, in _jsonrpc_retry_call
    return self._jsonrpc_call(*args, **kwargs)
  File "/home/ognjen/Projects/tiktok-promo/env/lib/python3.10/site-packages/uiautomator2/__init__.py", line 512, in _jsonrpc_call
    res = self.http.post("/jsonrpc/0",
  File "/home/ognjen/Projects/tiktok-promo/env/lib/python3.10/site-packages/requests/sessions.py", line 635, in post
    return self.request("POST", url, data=data, json=json, **kwargs)
  File "/home/ognjen/Projects/tiktok-promo/env/lib/python3.10/site-packages/uiautomator2/__init__.py", line 223, in request
    self.__client._prepare_atx_agent()
  File "/home/ognjen/Projects/tiktok-promo/env/lib/python3.10/site-packages/uiautomator2/__init__.py", line 314, in _prepare_atx_agent
    _d = self._wait_for_device()
  File "/home/ognjen/Projects/tiktok-promo/env/lib/python3.10/site-packages/uiautomator2/__init__.py", line 367, in _wait_for_device
    adb.wait_for(self._serial, timeout=1)
  File "/home/ognjen/Projects/tiktok-promo/env/lib/python3.10/site-packages/adbutils/_adb.py", line 218, in wait_for
    c.check_okay()
  File "/home/ognjen/Projects/tiktok-promo/env/lib/python3.10/site-packages/adbutils/_adb.py", line 137, in check_okay
    raise AdbError("Unknown data: %r" % data)
adbutils.errors.AdbError: Unknown data: ''
2023-05-29 02:11:01,554 - __main__ - INFO - Creating gmail j7_2 Milutinka milutinkamsmk
2023-05-29 02:13:43,815 - __main__ - INFO - Successfully created gmail j7_2 Milutinka milutinkamsmk@gmail.com
2023-05-29 02:21:02,307 - __main__ - INFO - Creating gmail k22_1 Rumena rumenaywrn
2023-05-29 02:23:59,412 - __main__ - INFO - Successfully created gmail k22_1 Rumena rumenaywrn@gmail.com
2023-05-29 02:31:01,899 - __main__ - INFO - Creating gmail j7_3 Marina marinalnes
2023-05-29 02:33:46,786 - __main__ - ERROR - Error j7_3 Marina marinalnes: Element (text="Skip") not found
Traceback (most recent call last):
  File "/home/ognjen/Projects/tiktok-promo/create_gmail.py", line 51, in main
    android_device.create_gmail(username, password, name)
  File "/home/ognjen/Projects/tiktok-promo/uploader/android2.py", line 714, in create_gmail
    self.click(text='Skip')
  File "/home/ognjen/Projects/tiktok-promo/uploader/android2.py", line 407, in click
    element = self.select(timeout=timeout, **kwargs)
  File "/home/ognjen/Projects/tiktok-promo/uploader/android2.py", line 379, in select
    raise Exception(f"Element {utils.params_to_string(kwargs)} not found")
Exception: Element (text="Skip") not found
2023-05-29 03:01:02,295 - __main__ - INFO - Creating gmail j7_4 Viseslava viseslavahegr
2023-05-29 03:04:26,930 - __main__ - INFO - Successfully created gmail j7_4 Viseslava viseslavahegr@gmail.com
2023-05-29 03:11:02,317 - __main__ - INFO - Creating gmail redminote Stanija stanijaaqgy
2023-05-29 03:13:44,769 - __main__ - INFO - Successfully created gmail redminote Stanija stanijaaqgy@gmail.com
2023-05-29 03:21:02,225 - __main__ - INFO - Creating gmail j7_5 Angelina angelinacnki
2023-05-29 03:23:40,617 - __main__ - INFO - Successfully created gmail j7_5 Angelina angelinacnki@gmail.com
2023-05-29 03:31:02,041 - __main__ - INFO - Creating gmail k22_2 Cana canafsee
2023-05-29 03:32:01,092 - __main__ - ERROR - Error k22_2 Cana canafsee: Unknown data: ''
Traceback (most recent call last):
  File "/home/ognjen/Projects/tiktok-promo/uploader/android2.py", line 412, in click
    element.click()
  File "/home/ognjen/Projects/tiktok-promo/env/lib/python3.10/site-packages/uiautomator2/_selector.py", line 151, in click
    x, y = self.center(offset=offset)
  File "/home/ognjen/Projects/tiktok-promo/env/lib/python3.10/site-packages/uiautomator2/_selector.py", line 178, in center
    lx, ly, rx, ry = self.bounds()
  File "/home/ognjen/Projects/tiktok-promo/env/lib/python3.10/site-packages/uiautomator2/_selector.py", line 165, in bounds
    info = self.info
  File "/home/ognjen/Projects/tiktok-promo/env/lib/python3.10/site-packages/decorator.py", line 232, in fun
    return caller(func, *(extras + args), **kw)
  File "/home/ognjen/Projects/tiktok-promo/env/lib/python3.10/site-packages/retry/api.py", line 73, in retry_decorator
    return __retry_internal(partial(f, *args, **kwargs), exceptions, tries, delay, max_delay, backoff, jitter,
  File "/home/ognjen/Projects/tiktok-promo/env/lib/python3.10/site-packages/retry/api.py", line 33, in __retry_internal
    return f()
  File "/home/ognjen/Projects/tiktok-promo/env/lib/python3.10/site-packages/uiautomator2/_selector.py", line 130, in info
    return self.jsonrpc.objInfo(self.selector)
  File "/home/ognjen/Projects/tiktok-promo/env/lib/python3.10/site-packages/uiautomator2/__init__.py", line 479, in __call__
    return self.server._jsonrpc_retry_call(self.method, params,
  File "/home/ognjen/Projects/tiktok-promo/env/lib/python3.10/site-packages/uiautomator2/__init__.py", line 486, in _jsonrpc_retry_call
    return self._jsonrpc_call(*args, **kwargs)
  File "/home/ognjen/Projects/tiktok-promo/env/lib/python3.10/site-packages/uiautomator2/__init__.py", line 555, in _jsonrpc_call
    raise err
uiautomator2.exceptions.UiObjectNotFoundError: -32001 Jsonrpc error: <androidx.test.uiautomator.UiObjectNotFoundException> data: UiSelector[TEXT=Add another account], method: objInfo

During handling of the above exception, another exception occurred:

Traceback (most recent call last):
  File "/home/ognjen/Projects/tiktok-promo/create_gmail.py", line 51, in main
    android_device.create_gmail(username, password, name)
  File "/home/ognjen/Projects/tiktok-promo/uploader/android2.py", line 641, in create_gmail
    self.click(text='Add another account')
  File "/home/ognjen/Projects/tiktok-promo/uploader/android2.py", line 418, in click
    self.recover()
  File "/home/ognjen/Projects/tiktok-promo/uploader/android2.py", line 329, in recover
    raise e
  File "/home/ognjen/Projects/tiktok-promo/uploader/android2.py", line 288, in recover
    if self.d(text=popup_text).exists():
  File "/home/ognjen/Projects/tiktok-promo/env/lib/python3.10/site-packages/uiautomator2/utils.py", line 115, in __call__
    return bool(self)
  File "/home/ognjen/Projects/tiktok-promo/env/lib/python3.10/site-packages/uiautomator2/utils.py", line 105, in __bool__
    return self.__nonzero__()
  File "/home/ognjen/Projects/tiktok-promo/env/lib/python3.10/site-packages/uiautomator2/utils.py", line 101, in __nonzero__
    return self.uiobject.jsonrpc.exist(self.uiobject.selector)
  File "/home/ognjen/Projects/tiktok-promo/env/lib/python3.10/site-packages/uiautomator2/__init__.py", line 479, in __call__
    return self.server._jsonrpc_retry_call(self.method, params,
  File "/home/ognjen/Projects/tiktok-promo/env/lib/python3.10/site-packages/uiautomator2/__init__.py", line 486, in _jsonrpc_retry_call
    return self._jsonrpc_call(*args, **kwargs)
  File "/home/ognjen/Projects/tiktok-promo/env/lib/python3.10/site-packages/uiautomator2/__init__.py", line 512, in _jsonrpc_call
    res = self.http.post("/jsonrpc/0",
  File "/home/ognjen/Projects/tiktok-promo/env/lib/python3.10/site-packages/requests/sessions.py", line 635, in post
    return self.request("POST", url, data=data, json=json, **kwargs)
  File "/home/ognjen/Projects/tiktok-promo/env/lib/python3.10/site-packages/uiautomator2/__init__.py", line 223, in request
    self.__client._prepare_atx_agent()
  File "/home/ognjen/Projects/tiktok-promo/env/lib/python3.10/site-packages/uiautomator2/__init__.py", line 314, in _prepare_atx_agent
    _d = self._wait_for_device()
  File "/home/ognjen/Projects/tiktok-promo/env/lib/python3.10/site-packages/uiautomator2/__init__.py", line 367, in _wait_for_device
    adb.wait_for(self._serial, timeout=1)
  File "/home/ognjen/Projects/tiktok-promo/env/lib/python3.10/site-packages/adbutils/_adb.py", line 218, in wait_for
    c.check_okay()
  File "/home/ognjen/Projects/tiktok-promo/env/lib/python3.10/site-packages/adbutils/_adb.py", line 137, in check_okay
    raise AdbError("Unknown data: %r" % data)
adbutils.errors.AdbError: Unknown data: ''
2023-05-29 03:41:01,580 - __main__ - INFO - Creating gmail j7ana_6 Julka julkaausj
2023-05-29 03:44:13,890 - __main__ - ERROR - Error j7ana_6 Julka julkaausj: Element (text="Skip") not found
Traceback (most recent call last):
  File "/home/ognjen/Projects/tiktok-promo/create_gmail.py", line 51, in main
    android_device.create_gmail(username, password, name)
  File "/home/ognjen/Projects/tiktok-promo/uploader/android2.py", line 714, in create_gmail
    self.click(text='Skip')
  File "/home/ognjen/Projects/tiktok-promo/uploader/android2.py", line 407, in click
    element = self.select(timeout=timeout, **kwargs)
  File "/home/ognjen/Projects/tiktok-promo/uploader/android2.py", line 379, in select
    raise Exception(f"Element {utils.params_to_string(kwargs)} not found")
Exception: Element (text="Skip") not found
2023-05-29 03:51:02,472 - __main__ - INFO - Creating gmail k22_3 Iva ivauvay
2023-05-29 03:54:28,030 - __main__ - ERROR - Error k22_3 Iva ivauvay: Element (text="I agree") not found
Traceback (most recent call last):
  File "/home/ognjen/Projects/tiktok-promo/env/lib/python3.10/site-packages/urllib3/connectionpool.py", line 703, in urlopen
    httplib_response = self._make_request(
  File "/home/ognjen/Projects/tiktok-promo/env/lib/python3.10/site-packages/urllib3/connectionpool.py", line 449, in _make_request
    six.raise_from(e, None)
  File "<string>", line 3, in raise_from
  File "/home/ognjen/Projects/tiktok-promo/env/lib/python3.10/site-packages/urllib3/connectionpool.py", line 444, in _make_request
    httplib_response = conn.getresponse()
  File "/usr/lib/python3.10/http/client.py", line 1374, in getresponse
    response.begin()
  File "/usr/lib/python3.10/http/client.py", line 318, in begin
    version, status, reason = self._read_status()
  File "/usr/lib/python3.10/http/client.py", line 287, in _read_status
    raise RemoteDisconnected("Remote end closed connection without"
http.client.RemoteDisconnected: Remote end closed connection without response

During handling of the above exception, another exception occurred:

Traceback (most recent call last):
  File "/home/ognjen/Projects/tiktok-promo/env/lib/python3.10/site-packages/requests/adapters.py", line 489, in send
    resp = conn.urlopen(
  File "/home/ognjen/Projects/tiktok-promo/env/lib/python3.10/site-packages/urllib3/connectionpool.py", line 787, in urlopen
    retries = retries.increment(
  File "/home/ognjen/Projects/tiktok-promo/env/lib/python3.10/site-packages/urllib3/util/retry.py", line 550, in increment
    raise six.reraise(type(error), error, _stacktrace)
  File "/home/ognjen/Projects/tiktok-promo/env/lib/python3.10/site-packages/urllib3/packages/six.py", line 769, in reraise
    raise value.with_traceback(tb)
  File "/home/ognjen/Projects/tiktok-promo/env/lib/python3.10/site-packages/urllib3/connectionpool.py", line 703, in urlopen
    httplib_response = self._make_request(
  File "/home/ognjen/Projects/tiktok-promo/env/lib/python3.10/site-packages/urllib3/connectionpool.py", line 449, in _make_request
    six.raise_from(e, None)
  File "<string>", line 3, in raise_from
  File "/home/ognjen/Projects/tiktok-promo/env/lib/python3.10/site-packages/urllib3/connectionpool.py", line 444, in _make_request
    httplib_response = conn.getresponse()
  File "/usr/lib/python3.10/http/client.py", line 1374, in getresponse
    response.begin()
  File "/usr/lib/python3.10/http/client.py", line 318, in begin
    version, status, reason = self._read_status()
  File "/usr/lib/python3.10/http/client.py", line 287, in _read_status
    raise RemoteDisconnected("Remote end closed connection without"
urllib3.exceptions.ProtocolError: ('Connection aborted.', RemoteDisconnected('Remote end closed connection without response'))

During handling of the above exception, another exception occurred:

Traceback (most recent call last):
  File "/home/ognjen/Projects/tiktok-promo/env/lib/python3.10/site-packages/uiautomator2/__init__.py", line 203, in request
    return super().request(method, url, **kwargs)
  File "/home/ognjen/Projects/tiktok-promo/env/lib/python3.10/site-packages/uiautomator2/__init__.py", line 119, in request
    resp = super(TimeoutRequestsSession,
  File "/home/ognjen/Projects/tiktok-promo/env/lib/python3.10/site-packages/requests/sessions.py", line 587, in request
    resp = self.send(prep, **send_kwargs)
  File "/home/ognjen/Projects/tiktok-promo/env/lib/python3.10/site-packages/requests/sessions.py", line 701, in send
    r = adapter.send(request, **kwargs)
  File "/home/ognjen/Projects/tiktok-promo/env/lib/python3.10/site-packages/requests/adapters.py", line 547, in send
    raise ConnectionError(err, request=request)
requests.exceptions.ConnectionError: ('Connection aborted.', RemoteDisconnected('Remote end closed connection without response'))

During handling of the above exception, another exception occurred:

Traceback (most recent call last):
  File "/home/ognjen/Projects/tiktok-promo/uploader/android2.py", line 360, in select
    if element.exists():
  File "/home/ognjen/Projects/tiktok-promo/env/lib/python3.10/site-packages/uiautomator2/utils.py", line 115, in __call__
    return bool(self)
  File "/home/ognjen/Projects/tiktok-promo/env/lib/python3.10/site-packages/uiautomator2/utils.py", line 105, in __bool__
    return self.__nonzero__()
  File "/home/ognjen/Projects/tiktok-promo/env/lib/python3.10/site-packages/uiautomator2/utils.py", line 101, in __nonzero__
    return self.uiobject.jsonrpc.exist(self.uiobject.selector)
  File "/home/ognjen/Projects/tiktok-promo/env/lib/python3.10/site-packages/uiautomator2/__init__.py", line 479, in __call__
    return self.server._jsonrpc_retry_call(self.method, params,
  File "/home/ognjen/Projects/tiktok-promo/env/lib/python3.10/site-packages/uiautomator2/__init__.py", line 486, in _jsonrpc_retry_call
    return self._jsonrpc_call(*args, **kwargs)
  File "/home/ognjen/Projects/tiktok-promo/env/lib/python3.10/site-packages/uiautomator2/__init__.py", line 512, in _jsonrpc_call
    res = self.http.post("/jsonrpc/0",
  File "/home/ognjen/Projects/tiktok-promo/env/lib/python3.10/site-packages/requests/sessions.py", line 635, in post
    return self.request("POST", url, data=data, json=json, **kwargs)
  File "/home/ognjen/Projects/tiktok-promo/env/lib/python3.10/site-packages/uiautomator2/__init__.py", line 210, in request
    self.__client._is_agent_alive():
  File "/home/ognjen/Projects/tiktok-promo/env/lib/python3.10/site-packages/uiautomator2/__init__.py", line 585, in _is_agent_alive
    return bool(self._get_agent_version())
  File "/home/ognjen/Projects/tiktok-promo/env/lib/python3.10/site-packages/uiautomator2/__init__.py", line 569, in _get_agent_version
    url = self.path2url("/version")
  File "/home/ognjen/Projects/tiktok-promo/env/lib/python3.10/site-packages/uiautomator2/__init__.py", line 301, in path2url
    return urlparse.urljoin(self._get_atx_agent_url(), path)
  File "/home/ognjen/Projects/tiktok-promo/env/lib/python3.10/site-packages/uiautomator2/__init__.py", line 282, in _get_atx_agent_url
    lport = self._adb_device.forward_port(
  File "/home/ognjen/Projects/tiktok-promo/env/lib/python3.10/site-packages/adbutils/_device.py", line 249, in forward_port
    self.forward("tcp:" + str(local_port), remote)
  File "/home/ognjen/Projects/tiktok-promo/env/lib/python3.10/site-packages/adbutils/_device.py", line 239, in forward
    self.open_transport(":".join(args))
  File "/home/ognjen/Projects/tiktok-promo/env/lib/python3.10/site-packages/adbutils/_device.py", line 90, in open_transport
    c.check_okay()
  File "/home/ognjen/Projects/tiktok-promo/env/lib/python3.10/site-packages/adbutils/_adb.py", line 134, in check_okay
    raise AdbError(self.read_string_block())
adbutils.errors.AdbError

During handling of the above exception, another exception occurred:

Traceback (most recent call last):
  File "/home/ognjen/Projects/tiktok-promo/create_gmail.py", line 51, in main
    android_device.create_gmail(username, password, name)
  File "/home/ognjen/Projects/tiktok-promo/uploader/android2.py", line 726, in create_gmail
    self.click(text='I agree')
  File "/home/ognjen/Projects/tiktok-promo/uploader/android2.py", line 407, in click
    element = self.select(timeout=timeout, **kwargs)
  File "/home/ognjen/Projects/tiktok-promo/uploader/android2.py", line 374, in select
    return self.select(timeout=timeout, retry=retry-1, **kwargs)
  File "/home/ognjen/Projects/tiktok-promo/uploader/android2.py", line 379, in select
    raise Exception(f"Element {utils.params_to_string(kwargs)} not found")
Exception: Element (text="I agree") not found
2023-05-29 04:01:01,509 - __main__ - INFO - Creating gmail k22_4 Bozidarka bozidarkaygcd
2023-05-29 04:03:16,314 - __main__ - INFO - Successfully created gmail k22_4 Bozidarka bozidarkaygcd@gmail.com
2023-05-29 21:11:01,625 - __main__ - INFO - Creating gmail k22djoka_8 Cana canayona
2023-05-29 21:13:20,761 - __main__ - ERROR - Error k22djoka_8 Cana canayona: Element (text="Skip") not found
Traceback (most recent call last):
  File "/home/ognjen/Projects/tiktok-promo/create_gmail.py", line 51, in main
    android_device.create_gmail(username, password, name)
  File "/home/ognjen/Projects/tiktok-promo/uploader/android2.py", line 714, in create_gmail
    self.click(text='Skip')
  File "/home/ognjen/Projects/tiktok-promo/uploader/android2.py", line 407, in click
    element = self.select(timeout=timeout, **kwargs)
  File "/home/ognjen/Projects/tiktok-promo/uploader/android2.py", line 379, in select
    raise Exception(f"Element {utils.params_to_string(kwargs)} not found")
Exception: Element (text="Skip") not found
2023-05-29 21:21:02,105 - __main__ - INFO - Creating gmail k22djoka_9 Stojna stojnavtws
2023-05-29 21:23:15,646 - __main__ - ERROR - Error k22djoka_9 Stojna stojnavtws: -32002 Client error: <> data: Selector [className='android.widget.EditText', instance=0], method: None
Traceback (most recent call last):
  File "/home/ognjen/Projects/tiktok-promo/create_gmail.py", line 51, in main
    android_device.create_gmail(username, password, name)
  File "/home/ognjen/Projects/tiktok-promo/uploader/android2.py", line 701, in create_gmail
    self.select(className='android.widget.EditText')[0].set_text(password)
  File "/home/ognjen/Projects/tiktok-promo/env/lib/python3.10/site-packages/uiautomator2/_selector.py", line 352, in set_text
    self.must_wait(timeout=timeout)
  File "/home/ognjen/Projects/tiktok-promo/env/lib/python3.10/site-packages/uiautomator2/_selector.py", line 345, in must_wait
    raise UiObjectNotFoundError({'code': -32002, 'data': str(self.selector), 'method': 'wait'})
uiautomator2.exceptions.UiObjectNotFoundError: -32002 Client error: <> data: Selector [className='android.widget.EditText', instance=0], method: None
2023-05-29 21:31:02,148 - __main__ - INFO - Creating gmail k22djoka_10 Jablana jablanalaqb
2023-05-29 21:33:23,684 - __main__ - INFO - Successfully created gmail k22djoka_10 Jablana jablanalaqb@gmail.com
2023-05-29 21:41:01,912 - __main__ - INFO - Creating gmail k22djoka_11 Radivojka radivojkaoxxl
2023-05-29 21:43:20,834 - __main__ - INFO - Successfully created gmail k22djoka_11 Radivojka radivojkaoxxl@gmail.com
2023-05-30 02:01:01,503 - __main__ - INFO - Creating gmail j7 Narandza narandzaykro
2023-05-30 02:02:45,769 - __main__ - ERROR - Error j7 Narandza narandzaykro: -32001 Jsonrpc error: <androidx.test.uiautomator.UiObjectNotFoundException> data: UiSelector[CLASS=android.widget.EditText, INSTANCE=0], method: setText
Traceback (most recent call last):
  File "/home/ognjen/Projects/tiktok-promo/create_gmail.py", line 51, in main
    android_device.create_gmail(username, password, name)
  File "/home/ognjen/Projects/tiktok-promo/uploader/android2.py", line 693, in create_gmail
    self.select(className='android.widget.EditText')[0].set_text(username)
  File "/home/ognjen/Projects/tiktok-promo/env/lib/python3.10/site-packages/uiautomator2/_selector.py", line 356, in set_text
    return self.jsonrpc.setText(self.selector, text)
  File "/home/ognjen/Projects/tiktok-promo/env/lib/python3.10/site-packages/uiautomator2/__init__.py", line 479, in __call__
    return self.server._jsonrpc_retry_call(self.method, params,
  File "/home/ognjen/Projects/tiktok-promo/env/lib/python3.10/site-packages/uiautomator2/__init__.py", line 486, in _jsonrpc_retry_call
    return self._jsonrpc_call(*args, **kwargs)
  File "/home/ognjen/Projects/tiktok-promo/env/lib/python3.10/site-packages/uiautomator2/__init__.py", line 555, in _jsonrpc_call
    raise err
uiautomator2.exceptions.UiObjectNotFoundError: -32001 Jsonrpc error: <androidx.test.uiautomator.UiObjectNotFoundException> data: UiSelector[CLASS=android.widget.EditText, INSTANCE=0], method: setText
2023-05-30 02:11:02,133 - __main__ - INFO - Creating gmail j7_2 Vesela veselacxgg
2023-05-30 02:13:25,686 - __main__ - INFO - Successfully created gmail j7_2 Vesela veselacxgg@gmail.com
2023-05-30 02:21:01,762 - __main__ - INFO - Creating gmail k22_1 Borjanka borjankakhfl
2023-05-30 02:23:53,891 - __main__ - ERROR - Error k22_1 Borjanka borjankakhfl: Element (text="Skip") not found
Traceback (most recent call last):
  File "/home/ognjen/Projects/tiktok-promo/create_gmail.py", line 51, in main
    android_device.create_gmail(username, password, name)
  File "/home/ognjen/Projects/tiktok-promo/uploader/android2.py", line 714, in create_gmail
    self.click(text='Skip')
  File "/home/ognjen/Projects/tiktok-promo/uploader/android2.py", line 407, in click
    element = self.select(timeout=timeout, **kwargs)
  File "/home/ognjen/Projects/tiktok-promo/uploader/android2.py", line 379, in select
    raise Exception(f"Element {utils.params_to_string(kwargs)} not found")
Exception: Element (text="Skip") not found
2023-05-30 02:31:02,250 - __main__ - INFO - Creating gmail j7_3 Stefana stefanauxsi
2023-05-30 02:33:39,132 - __main__ - INFO - Successfully created gmail j7_3 Stefana stefanauxsi@gmail.com
2023-05-30 03:01:01,475 - __main__ - INFO - Creating gmail j7_4 Bojana bojanabian
2023-05-30 03:03:32,869 - __main__ - INFO - Successfully created gmail j7_4 Bojana bojanabian@gmail.com
2023-05-30 03:11:02,216 - __main__ - INFO - Creating gmail redminote Bosa bosaplsz
2023-05-30 03:13:48,497 - __main__ - ERROR - Error redminote Bosa bosaplsz: Element (text="Skip") not found
Traceback (most recent call last):
  File "/home/ognjen/Projects/tiktok-promo/create_gmail.py", line 51, in main
    android_device.create_gmail(username, password, name)
  File "/home/ognjen/Projects/tiktok-promo/uploader/android2.py", line 714, in create_gmail
    self.click(text='Skip')
  File "/home/ognjen/Projects/tiktok-promo/uploader/android2.py", line 407, in click
    element = self.select(timeout=timeout, **kwargs)
  File "/home/ognjen/Projects/tiktok-promo/uploader/android2.py", line 379, in select
    raise Exception(f"Element {utils.params_to_string(kwargs)} not found")
Exception: Element (text="Skip") not found
2023-05-30 03:21:02,234 - __main__ - INFO - Creating gmail j7_5 Jesenka jesenkassyd
2023-05-30 03:23:32,019 - __main__ - INFO - Successfully created gmail j7_5 Jesenka jesenkassyd@gmail.com
2023-05-30 03:31:01,366 - __main__ - INFO - Creating gmail k22_2 Mirela mirelahuqu
2023-05-30 03:34:12,742 - __main__ - INFO - Successfully created gmail k22_2 Mirela mirelahuqu@gmail.com
2023-05-30 03:41:02,221 - __main__ - INFO - Creating gmail j7ana_6 Mirena mirenahpuw
2023-05-30 03:44:03,250 - __main__ - ERROR - Error j7ana_6 Mirena mirenahpuw: Element (text="Skip") not found
Traceback (most recent call last):
  File "/home/ognjen/Projects/tiktok-promo/create_gmail.py", line 51, in main
    android_device.create_gmail(username, password, name)
  File "/home/ognjen/Projects/tiktok-promo/uploader/android2.py", line 714, in create_gmail
    self.click(text='Skip')
  File "/home/ognjen/Projects/tiktok-promo/uploader/android2.py", line 407, in click
    element = self.select(timeout=timeout, **kwargs)
  File "/home/ognjen/Projects/tiktok-promo/uploader/android2.py", line 379, in select
    raise Exception(f"Element {utils.params_to_string(kwargs)} not found")
Exception: Element (text="Skip") not found
2023-05-30 03:51:01,589 - __main__ - INFO - Creating gmail k22_3 Susana susanajnkb
2023-05-30 03:53:26,534 - __main__ - INFO - Successfully created gmail k22_3 Susana susanajnkb@gmail.com
2023-05-30 04:01:01,880 - __main__ - INFO - Creating gmail k22_4 Sonja sonjatumu
2023-05-30 04:03:27,330 - __main__ - ERROR - Error k22_4 Sonja sonjatumu: Element (text="Skip") not found
Traceback (most recent call last):
  File "/home/ognjen/Projects/tiktok-promo/create_gmail.py", line 51, in main
    android_device.create_gmail(username, password, name)
  File "/home/ognjen/Projects/tiktok-promo/uploader/android2.py", line 714, in create_gmail
    self.click(text='Skip')
  File "/home/ognjen/Projects/tiktok-promo/uploader/android2.py", line 407, in click
    element = self.select(timeout=timeout, **kwargs)
  File "/home/ognjen/Projects/tiktok-promo/uploader/android2.py", line 379, in select
    raise Exception(f"Element {utils.params_to_string(kwargs)} not found")
Exception: Element (text="Skip") not found
